{
  "stats": {
    "suites": 11,
    "tests": 67,
    "passes": 67,
    "pending": 0,
    "failures": 1,
    "start": "2021-09-29T09:51:57.127Z",
    "end": "2021-09-29T09:55:25.823Z",
    "duration": 208696,
    "testsRegistered": 67,
    "passPercent": 100,
    "pendingPercent": 0,
    "other": 0,
    "hasOther": false,
    "skipped": 0,
    "hasSkipped": false
  },
  "results": [
    {
      "uuid": "c73fbead-2bc6-49ae-ab19-5f03eaab888e",
      "title": "",
      "fullFile": "cypress/tests/propertiesPanel.spec.ts",
      "file": "cypress/tests/propertiesPanel.spec.ts",
      "beforeHooks": [],
      "afterHooks": [],
      "tests": [],
      "suites": [
        {
          "uuid": "88cb331a-00c3-4f5d-b37a-b7ebd543b3ef",
          "title": "Properties panel tests",
          "fullFile": "",
          "file": "",
          "beforeHooks": [],
          "afterHooks": [],
          "tests": [],
          "suites": [
            {
              "uuid": "40642114-7649-4e39-b34c-aa05cbbf55c1",
              "title": "Header && Search functionality",
              "fullFile": "",
              "file": "",
              "beforeHooks": [],
              "afterHooks": [],
              "tests": [
                {
                  "title": "the title in the header for an empty webform should be \"WebForm\"",
                  "fullTitle": "Properties panel tests Header && Search functionality the title in the header for an empty webform should be \"WebForm\"",
                  "timedOut": null,
                  "duration": 3223,
                  "state": "passed",
                  "speed": "slow",
                  "pass": true,
                  "fail": false,
                  "pending": false,
                  "context": null,
                  "code": "propertiesPanelObjectModel_1.proprietiesPanel.titleCheck('WebForm');",
                  "err": {},
                  "uuid": "07a622f0-62a8-4d72-9436-3f193bfa19ff",
                  "parentUUID": "40642114-7649-4e39-b34c-aa05cbbf55c1",
                  "isHook": false,
                  "skipped": false
                },
                {
                  "title": "Reference string must be visible ",
                  "fullTitle": "Properties panel tests Header && Search functionality Reference string must be visible ",
                  "timedOut": null,
                  "duration": 1178,
                  "state": "passed",
                  "speed": "slow",
                  "pass": true,
                  "fail": false,
                  "pending": false,
                  "context": null,
                  "code": "propertiesPanelObjectModel_1.proprietiesPanel.refCheck();",
                  "err": {},
                  "uuid": "f2fe47fa-b795-41d4-bc6e-712ae26864a7",
                  "parentUUID": "40642114-7649-4e39-b34c-aa05cbbf55c1",
                  "isHook": false,
                  "skipped": false
                },
                {
                  "title": "Search functionality works fine",
                  "fullTitle": "Properties panel tests Header && Search functionality Search functionality works fine",
                  "timedOut": null,
                  "duration": 1359,
                  "state": "passed",
                  "speed": "slow",
                  "pass": true,
                  "fail": false,
                  "pending": false,
                  "context": null,
                  "code": "propertiesPanelObjectModel_1.proprietiesPanel.searchFunctionalityCheck();",
                  "err": {},
                  "uuid": "646c474e-8469-48f2-b2ce-e52fb7e78ac2",
                  "parentUUID": "40642114-7649-4e39-b34c-aa05cbbf55c1",
                  "isHook": false,
                  "skipped": false
                }
              ],
              "suites": [],
              "passes": [
                "07a622f0-62a8-4d72-9436-3f193bfa19ff",
                "f2fe47fa-b795-41d4-bc6e-712ae26864a7",
                "646c474e-8469-48f2-b2ce-e52fb7e78ac2"
              ],
              "failures": [],
              "pending": [],
              "skipped": [],
              "duration": 5760,
              "root": false,
              "rootEmpty": false,
              "_timeout": 2000
            },
            {
              "uuid": "bad3b29e-f3d7-4d9f-b255-6de0b2026482",
              "title": "Style",
              "fullFile": "",
              "file": "",
              "beforeHooks": [],
              "afterHooks": [],
              "tests": [
                {
                  "title": "Toggles the Style section successfully",
                  "fullTitle": "Properties panel tests Style Toggles the Style section successfully",
                  "timedOut": null,
                  "duration": 1546,
                  "state": "passed",
                  "speed": "slow",
                  "pass": true,
                  "fail": false,
                  "pending": false,
                  "context": null,
                  "code": "propertiesPanelObjectModel_1.proprietiesPanel.toggleSection('Style');\npropertiesPanelObjectModel_1.proprietiesPanel.getPropPanel().within(function () {\n    cy.contains('CSS').should('not.exist');\n    cy.contains('Color').should('not.exist');\n});\npropertiesPanelObjectModel_1.proprietiesPanel.toggleSection('Style');\npropertiesPanelObjectModel_1.proprietiesPanel.getPropPanel().within(function () {\n    cy.contains('CSS').should('exist');\n    cy.contains('Color').should('exist');\n});",
                  "err": {},
                  "uuid": "b0700e61-a0b3-497e-a7a1-ad32c487063b",
                  "parentUUID": "bad3b29e-f3d7-4d9f-b255-6de0b2026482",
                  "isHook": false,
                  "skipped": false
                }
              ],
              "suites": [
                {
                  "uuid": "f421f9af-1b06-401e-a9ba-97c987b53348",
                  "title": "CSS",
                  "fullFile": "",
                  "file": "",
                  "beforeHooks": [],
                  "afterHooks": [],
                  "tests": [
                    {
                      "title": "Toggles the Style/CSS section successfully",
                      "fullTitle": "Properties panel tests Style CSS Toggles the Style/CSS section successfully",
                      "timedOut": null,
                      "duration": 1274,
                      "state": "passed",
                      "speed": "slow",
                      "pass": true,
                      "fail": false,
                      "pending": false,
                      "context": null,
                      "code": "propertiesPanelObjectModel_1.proprietiesPanel.toggleSection('CSS');\npropertiesPanelObjectModel_1.proprietiesPanel.getPropPanel().within(function () {\n    cy.contains('Class').should('not.exist');\n});\npropertiesPanelObjectModel_1.proprietiesPanel.toggleSection('CSS');\npropertiesPanelObjectModel_1.proprietiesPanel.getPropPanel().within(function () {\n    cy.contains('Class').should('exist');\n});",
                      "err": {},
                      "uuid": "4efbf091-3496-4bd4-a4f1-4cea2bbf4d44",
                      "parentUUID": "f421f9af-1b06-401e-a9ba-97c987b53348",
                      "isHook": false,
                      "skipped": false
                    },
                    {
                      "title": "Applies CSS class and remove it successfully",
                      "fullTitle": "Properties panel tests Style CSS Applies CSS class and remove it successfully",
                      "timedOut": null,
                      "duration": 2125,
                      "state": "passed",
                      "speed": "slow",
                      "pass": true,
                      "fail": false,
                      "pending": false,
                      "context": null,
                      "code": "propertiesPanelObjectModel_1.proprietiesPanel.applyCssClass();\n//proprietiesPanel.applyCssClass('.fd-button')\n//proprietiesPanel.applyCssClass('.fd-image > .w-full')",
                      "err": {},
                      "uuid": "9ba2f50a-c7d0-4642-84b3-ad04e843b916",
                      "parentUUID": "f421f9af-1b06-401e-a9ba-97c987b53348",
                      "isHook": false,
                      "skipped": false
                    }
                  ],
                  "suites": [],
                  "passes": [
                    "4efbf091-3496-4bd4-a4f1-4cea2bbf4d44",
                    "9ba2f50a-c7d0-4642-84b3-ad04e843b916"
                  ],
                  "failures": [],
                  "pending": [],
                  "skipped": [],
                  "duration": 3399,
                  "root": false,
                  "rootEmpty": false,
                  "_timeout": 2000
                },
                {
                  "uuid": "0ddc1a50-b14f-4752-ac04-76eff0bbf878",
                  "title": "Color",
                  "fullFile": "",
                  "file": "",
                  "beforeHooks": [],
                  "afterHooks": [],
                  "tests": [
                    {
                      "title": "Toggles the Style/Color section successfully",
                      "fullTitle": "Properties panel tests Style Color Toggles the Style/Color section successfully",
                      "timedOut": null,
                      "duration": 1377,
                      "state": "passed",
                      "speed": "slow",
                      "pass": true,
                      "fail": false,
                      "pending": false,
                      "context": null,
                      "code": "propertiesPanelObjectModel_1.proprietiesPanel.toggleSection('Style');\npropertiesPanelObjectModel_1.proprietiesPanel.getPropPanel().within(function () {\n    cy.contains('Text Color').should('not.exist');\n    cy.contains('Background').should('not.exist');\n});\npropertiesPanelObjectModel_1.proprietiesPanel.toggleSection('Style');\npropertiesPanelObjectModel_1.proprietiesPanel.getPropPanel().within(function () {\n    cy.contains('Text Color').should('exist');\n    cy.contains('Background').should('exist');\n});",
                      "err": {},
                      "uuid": "0abddfeb-85c4-4f7d-ad86-72393cd9efb8",
                      "parentUUID": "0ddc1a50-b14f-4752-ac04-76eff0bbf878",
                      "isHook": false,
                      "skipped": false
                    },
                    {
                      "title": "Text Color: the color picker modal shows its effect on the circle and and the input as expected",
                      "fullTitle": "Properties panel tests Style Color Text Color: the color picker modal shows its effect on the circle and and the input as expected",
                      "timedOut": null,
                      "duration": 6456,
                      "state": "passed",
                      "speed": "slow",
                      "pass": true,
                      "fail": false,
                      "pending": false,
                      "context": null,
                      "code": "//------------------------------------\npropertiesPanelObjectModel_1.proprietiesPanel.getColorPickerFor('Text Color');\n// select by move the mouse on the color map\npropertiesPanelObjectModel_1.proprietiesPanel.colorPickerModalGetElmt('.saturation-black');\npropertiesPanelObjectModel_1.proprietiesPanel.checkTheColorPickerModificationImpactOnTheCircleAndInput('Text Color', 'rgb(247, 115, 115)', '#f77373ff');\n//------------------------------------\npropertiesPanelObjectModel_1.proprietiesPanel.getColorPickerFor('Text Color');\n// select color on horizontal selector \npropertiesPanelObjectModel_1.proprietiesPanel.colorPickerModalGetElmt('.hue-horizontal');\npropertiesPanelObjectModel_1.proprietiesPanel.checkTheColorPickerModificationImpactOnTheCircleAndInput('Text Color', 'rgb(115, 219, 247)', '#73dbf7ff');\n//------------------------------------\npropertiesPanelObjectModel_1.proprietiesPanel.getColorPickerFor('Text Color');\n// select the transparency degre  \npropertiesPanelObjectModel_1.proprietiesPanel.colorPickerModalGetElmt('[style=\"position: relative; height: 100%; margin: 0px 3px;\"]');\npropertiesPanelObjectModel_1.proprietiesPanel.checkTheColorPickerModificationImpactOnTheCircleAndInput('Text Color', 'rgba(115, 219, 247, 0.557)', '#73dbf78e');\n//------------------------------------\npropertiesPanelObjectModel_1.proprietiesPanel.getColorPickerFor('Text Color');\n// test the reset action\npropertiesPanelObjectModel_1.proprietiesPanel.colorPickerModalGetElmt('.saturation-black', true);\npropertiesPanelObjectModel_1.proprietiesPanel.checkTheColorPickerModificationImpactOnTheCircleAndInput('Text Color', 'rgba(115, 219, 247, 0.557)', '#73dbf78e');\n//------------------------------------\npropertiesPanelObjectModel_1.proprietiesPanel.getColorPickerFor('Text Color');\n// select a specific color\npropertiesPanelObjectModel_1.proprietiesPanel.colorPickerModalGetElmt('[style=\"background-color: rgb(41, 219, 37);\"]', false, true);\npropertiesPanelObjectModel_1.proprietiesPanel.checkTheColorPickerModificationImpactOnTheCircleAndInput('Text Color', 'rgb(41, 219, 37)', '#29db25ff');",
                      "err": {},
                      "uuid": "bf0e72c5-086b-4591-8072-25f1a270a161",
                      "parentUUID": "0ddc1a50-b14f-4752-ac04-76eff0bbf878",
                      "isHook": false,
                      "skipped": false
                    },
                    {
                      "title": "Text Color: if we change the color from the input => does the circle get synchronised",
                      "fullTitle": "Properties panel tests Style Color Text Color: if we change the color from the input => does the circle get synchronised",
                      "timedOut": null,
                      "duration": 2155,
                      "state": "passed",
                      "speed": "slow",
                      "pass": true,
                      "fail": false,
                      "pending": false,
                      "context": null,
                      "code": "propertiesPanelObjectModel_1.proprietiesPanel.getTxtOrBgColorInputAndType('Text Color', 'red');\npropertiesPanelObjectModel_1.proprietiesPanel.checkCircleColor('Text Color', 'rgb(255, 0, 0)');",
                      "err": {},
                      "uuid": "7abe06fe-8efa-466f-9e7a-36a2688872d0",
                      "parentUUID": "0ddc1a50-b14f-4752-ac04-76eff0bbf878",
                      "isHook": false,
                      "skipped": false
                    },
                    {
                      "title": "Background: the color picker modal shows its effect on the circle and and the input as expected",
                      "fullTitle": "Properties panel tests Style Color Background: the color picker modal shows its effect on the circle and and the input as expected",
                      "timedOut": null,
                      "duration": 6180,
                      "state": "passed",
                      "speed": "slow",
                      "pass": true,
                      "fail": false,
                      "pending": false,
                      "context": null,
                      "code": "//------------------------------------\npropertiesPanelObjectModel_1.proprietiesPanel.getColorPickerFor('Background');\n// select by move the mouse on the color map\npropertiesPanelObjectModel_1.proprietiesPanel.colorPickerModalGetElmt('.saturation-black');\npropertiesPanelObjectModel_1.proprietiesPanel.checkTheColorPickerModificationImpactOnTheCircleAndInput('Background', 'rgb(247, 115, 115)', '#f77373ff');\n//------------------------------------\npropertiesPanelObjectModel_1.proprietiesPanel.getColorPickerFor('Background');\n// select color on horizontal selector \npropertiesPanelObjectModel_1.proprietiesPanel.colorPickerModalGetElmt('.hue-horizontal');\npropertiesPanelObjectModel_1.proprietiesPanel.checkTheColorPickerModificationImpactOnTheCircleAndInput('Background', 'rgb(115, 219, 247)', '#73dbf7ff');\n//------------------------------------\npropertiesPanelObjectModel_1.proprietiesPanel.getColorPickerFor('Background');\n// select the transparency degre  \npropertiesPanelObjectModel_1.proprietiesPanel.colorPickerModalGetElmt('[style=\"position: relative; height: 100%; margin: 0px 3px;\"]');\npropertiesPanelObjectModel_1.proprietiesPanel.checkTheColorPickerModificationImpactOnTheCircleAndInput('Background', 'rgba(115, 219, 247, 0.557)', '#73dbf78e');\n//------------------------------------\npropertiesPanelObjectModel_1.proprietiesPanel.getColorPickerFor('Background');\n// test the reset action\npropertiesPanelObjectModel_1.proprietiesPanel.colorPickerModalGetElmt('.saturation-black', true);\npropertiesPanelObjectModel_1.proprietiesPanel.checkTheColorPickerModificationImpactOnTheCircleAndInput('Background', 'rgba(115, 219, 247, 0.557)', '#73dbf78e');\n//------------------------------------\npropertiesPanelObjectModel_1.proprietiesPanel.getColorPickerFor('Background');\n// select a specific color\npropertiesPanelObjectModel_1.proprietiesPanel.colorPickerModalGetElmt('[style=\"background-color: rgb(41, 219, 37);\"]', false, true);\npropertiesPanelObjectModel_1.proprietiesPanel.checkTheColorPickerModificationImpactOnTheCircleAndInput('Background', 'rgb(41, 219, 37)', '#29db25ff');",
                      "err": {},
                      "uuid": "16047794-bc70-43a1-b4b1-6057e77a9ac8",
                      "parentUUID": "0ddc1a50-b14f-4752-ac04-76eff0bbf878",
                      "isHook": false,
                      "skipped": false
                    },
                    {
                      "title": "Background: if we change the color from the input => does the circle get synchronised",
                      "fullTitle": "Properties panel tests Style Color Background: if we change the color from the input => does the circle get synchronised",
                      "timedOut": null,
                      "duration": 2108,
                      "state": "passed",
                      "speed": "slow",
                      "pass": true,
                      "fail": false,
                      "pending": false,
                      "context": null,
                      "code": "propertiesPanelObjectModel_1.proprietiesPanel.getTxtOrBgColorInputAndType('Background', 'yellow');\npropertiesPanelObjectModel_1.proprietiesPanel.checkCircleColor('Background', 'rgb(255, 255, 0)');",
                      "err": {},
                      "uuid": "3b7819ca-5152-41bb-af4d-1de20f0bb66d",
                      "parentUUID": "0ddc1a50-b14f-4752-ac04-76eff0bbf878",
                      "isHook": false,
                      "skipped": false
                    },
                    {
                      "title": "Changes background color successfully (from the color picker)",
                      "fullTitle": "Properties panel tests Style Color Changes background color successfully (from the color picker)",
                      "timedOut": null,
                      "duration": 1825,
                      "state": "passed",
                      "speed": "slow",
                      "pass": true,
                      "fail": false,
                      "pending": false,
                      "context": null,
                      "code": "propertiesPanelObjectModel_1.proprietiesPanel.getColorPickerFor('Background');\npropertiesPanelObjectModel_1.proprietiesPanel.colorPickerModalGetElmt('.saturation-black');\nWebFormEditorObjectModel_1.webFormEditor.getWebFomEditorComp().should(\"have.css\", \"background-color\", \"rgb(247, 115, 115)\");",
                      "err": {},
                      "uuid": "22fbd710-7e19-4bb4-ab9f-5e2353b9e241",
                      "parentUUID": "0ddc1a50-b14f-4752-ac04-76eff0bbf878",
                      "isHook": false,
                      "skipped": false
                    },
                    {
                      "title": "Changes background color successfully (by filling the input)",
                      "fullTitle": "Properties panel tests Style Color Changes background color successfully (by filling the input)",
                      "timedOut": null,
                      "duration": 1787,
                      "state": "passed",
                      "speed": "slow",
                      "pass": true,
                      "fail": false,
                      "pending": false,
                      "context": null,
                      "code": "propertiesPanelObjectModel_1.proprietiesPanel.getTxtOrBgColorInputAndType('Background', 'brown');\nWebFormEditorObjectModel_1.webFormEditor.getWebFomEditorComp().should(\"have.css\", \"background-color\", \"rgb(165, 42, 42)\");",
                      "err": {},
                      "uuid": "a1fd26b5-843a-4195-929d-b3fe2446936a",
                      "parentUUID": "0ddc1a50-b14f-4752-ac04-76eff0bbf878",
                      "isHook": false,
                      "skipped": false
                    },
                    {
                      "title": "Box shadow: The modal appears successfully ",
                      "fullTitle": "Properties panel tests Style Color Box shadow: The modal appears successfully ",
                      "timedOut": null,
                      "duration": 1542,
                      "state": "passed",
                      "speed": "slow",
                      "pass": true,
                      "fail": false,
                      "pending": false,
                      "context": null,
                      "code": "propertiesPanelObjectModel_1.proprietiesPanel.clickPlusIconFor(\"Box Shadow\");\ncy.get('.bg-fd-gray-default').within(function () {\n    cy.contains('Angle').should('be.visible').next().should('be.visible').next().should(\"have.text\", 'DEG');\n    cy.contains('Distance').should('be.visible').next().should('be.visible').next().should(\"have.text\", 'PX');\n    cy.contains('Blur').should('be.visible').next().should('be.visible').next().should(\"have.text\", 'PX');\n    cy.contains('Size').should('be.visible').next().should('be.visible').next().should(\"have.text\", 'PX');\n});",
                      "err": {},
                      "uuid": "7fc48765-07d7-49d2-92e9-6837409b563e",
                      "parentUUID": "0ddc1a50-b14f-4752-ac04-76eff0bbf878",
                      "isHook": false,
                      "skipped": false
                    },
                    {
                      "title": "Box shadow: The placeHolders and the inputs get synchronized with every specification in any selector or input",
                      "fullTitle": "Properties panel tests Style Color Box shadow: The placeHolders and the inputs get synchronized with every specification in any selector or input",
                      "timedOut": null,
                      "duration": 1954,
                      "state": "passed",
                      "speed": "slow",
                      "pass": true,
                      "fail": false,
                      "pending": false,
                      "context": null,
                      "code": "propertiesPanelObjectModel_1.proprietiesPanel.clickPlusIconFor('Box Shadow');\ncy.get('.bg-fd-gray-default').within(function () {\n    cy.contains('Distance').next().next().within(function () {\n        cy.get('input').type('12', { force: true });\n    });\n});\npropertiesPanelObjectModel_1.proprietiesPanel.getPropPanel().within(function () {\n    cy.contains('Box Shadow').next().children().last().should('have.text', 'Outer: 8px, 9px, 6px, 0px');\n});",
                      "err": {},
                      "uuid": "9c0ab12d-b6bd-4240-8962-ac4ba9754ebf",
                      "parentUUID": "0ddc1a50-b14f-4752-ac04-76eff0bbf878",
                      "isHook": false,
                      "skipped": false
                    },
                    {
                      "title": "Box shadow: It closes the box shadow from the X successfully",
                      "fullTitle": "Properties panel tests Style Color Box shadow: It closes the box shadow from the X successfully",
                      "timedOut": null,
                      "duration": 1347,
                      "state": "passed",
                      "speed": "slow",
                      "pass": true,
                      "fail": false,
                      "pending": false,
                      "context": null,
                      "code": "propertiesPanelObjectModel_1.proprietiesPanel.clickPlusIconFor('Box Shadow');\npropertiesPanelObjectModel_1.proprietiesPanel.getPropPanel().within(function () {\n    cy.get('.justify-end > .text-fd-gray-lighter').click({ force: true });\n    cy.get('.bg-fd-gray-default').should('not.exist');\n});",
                      "err": {},
                      "uuid": "a524a863-af1f-4f6d-985d-519a2dd3481a",
                      "parentUUID": "0ddc1a50-b14f-4752-ac04-76eff0bbf878",
                      "isHook": false,
                      "skipped": false
                    },
                    {
                      "title": "Box shadow: It resets the box shadow successfully",
                      "fullTitle": "Properties panel tests Style Color Box shadow: It resets the box shadow successfully",
                      "timedOut": null,
                      "duration": 1879,
                      "state": "passed",
                      "speed": "slow",
                      "pass": true,
                      "fail": false,
                      "pending": false,
                      "context": null,
                      "code": "propertiesPanelObjectModel_1.proprietiesPanel.clickPlusIconFor('Box Shadow');\ncy.get('.bg-fd-gray-default').within(function () {\n    cy.contains('Distance').next().next().within(function () {\n        cy.get('input').type('12', { force: true });\n    });\n});\npropertiesPanelObjectModel_1.proprietiesPanel.getPropPanel().within(function () {\n    cy.contains('Box Shadow').next().children().first().click({ force: true });\n    cy.get(':nth-child(3) > :nth-child(1) > :nth-child(2) > .text-xxs').should('not.exist');\n});",
                      "err": {},
                      "uuid": "6c9445e7-0aec-4ab8-b99a-045d7533361b",
                      "parentUUID": "0ddc1a50-b14f-4752-ac04-76eff0bbf878",
                      "isHook": false,
                      "skipped": false
                    },
                    {
                      "title": "Text shadow: The modal appears successfully ",
                      "fullTitle": "Properties panel tests Style Color Text shadow: The modal appears successfully ",
                      "timedOut": null,
                      "duration": 1272,
                      "state": "passed",
                      "speed": "slow",
                      "pass": true,
                      "fail": false,
                      "pending": false,
                      "context": null,
                      "code": "propertiesPanelObjectModel_1.proprietiesPanel.clickPlusIconFor(\"Text Shadow\");\ncy.get('.bg-fd-gray-default').within(function () {\n    cy.contains('Angle').should('be.visible').next().should('be.visible').next().should(\"have.text\", 'DEG');\n    cy.contains('Distance').should('be.visible').next().should('be.visible').next().should(\"have.text\", 'PX');\n    cy.contains('Blur').should('be.visible').next().should('be.visible').next().should(\"have.text\", 'PX');\n});",
                      "err": {},
                      "uuid": "078f9b4a-517f-45c2-b1cb-f313dcad1631",
                      "parentUUID": "0ddc1a50-b14f-4752-ac04-76eff0bbf878",
                      "isHook": false,
                      "skipped": false
                    },
                    {
                      "title": "Text shadow: The placeHolders and the inputs get synchronized with every specification in any selector or input",
                      "fullTitle": "Properties panel tests Style Color Text shadow: The placeHolders and the inputs get synchronized with every specification in any selector or input",
                      "timedOut": null,
                      "duration": 1784,
                      "state": "passed",
                      "speed": "slow",
                      "pass": true,
                      "fail": false,
                      "pending": false,
                      "context": null,
                      "code": "propertiesPanelObjectModel_1.proprietiesPanel.clickPlusIconFor('Text Shadow');\ncy.get('.bg-fd-gray-default').within(function () {\n    cy.contains('Distance').next().next().within(function () {\n        cy.get('input').type('12', { force: true });\n    });\n});\npropertiesPanelObjectModel_1.proprietiesPanel.getPropPanel().within(function () {\n    cy.contains('Text Shadow').next().children().last().should('have.text', 'Outer: 8px, 9px, 6px');\n});",
                      "err": {},
                      "uuid": "3f9c6fcf-5ab9-4dc1-a9e0-38d9f6783fb3",
                      "parentUUID": "0ddc1a50-b14f-4752-ac04-76eff0bbf878",
                      "isHook": false,
                      "skipped": false
                    },
                    {
                      "title": "Text shadow: It closes the box shadow from the X successfully",
                      "fullTitle": "Properties panel tests Style Color Text shadow: It closes the box shadow from the X successfully",
                      "timedOut": null,
                      "duration": 1327,
                      "state": "passed",
                      "speed": "slow",
                      "pass": true,
                      "fail": false,
                      "pending": false,
                      "context": null,
                      "code": "propertiesPanelObjectModel_1.proprietiesPanel.clickPlusIconFor('Text Shadow');\npropertiesPanelObjectModel_1.proprietiesPanel.getPropPanel().within(function () {\n    cy.get('.justify-end > .text-fd-gray-lighter').click({ force: true });\n    cy.get('.bg-fd-gray-default').should('not.exist');\n});",
                      "err": {},
                      "uuid": "759b37c9-d51c-439c-afd1-d78c131e5990",
                      "parentUUID": "0ddc1a50-b14f-4752-ac04-76eff0bbf878",
                      "isHook": false,
                      "skipped": false
                    },
                    {
                      "title": "Text shadow: It resets the box shadow successfully",
                      "fullTitle": "Properties panel tests Style Color Text shadow: It resets the box shadow successfully",
                      "timedOut": null,
                      "duration": 2106,
                      "state": "passed",
                      "speed": "slow",
                      "pass": true,
                      "fail": false,
                      "pending": false,
                      "context": null,
                      "code": "propertiesPanelObjectModel_1.proprietiesPanel.clickPlusIconFor('Text Shadow');\ncy.get('.bg-fd-gray-default').within(function () {\n    cy.contains('Distance').next().next().within(function () {\n        cy.get('input').type('12', { force: true });\n    });\n});\npropertiesPanelObjectModel_1.proprietiesPanel.getPropPanel().within(function () {\n    cy.contains('Text Shadow').next().children().first().click({ force: true });\n    cy.get(':nth-child(4) > :nth-child(1) > :nth-child(2) > .text-xxs').should('not.exist');\n});",
                      "err": {},
                      "uuid": "a6ed786e-7aca-4f4e-b682-e61063d5b819",
                      "parentUUID": "0ddc1a50-b14f-4752-ac04-76eff0bbf878",
                      "isHook": false,
                      "skipped": false
                    }
                  ],
                  "suites": [],
                  "passes": [
                    "0abddfeb-85c4-4f7d-ad86-72393cd9efb8",
                    "bf0e72c5-086b-4591-8072-25f1a270a161",
                    "7abe06fe-8efa-466f-9e7a-36a2688872d0",
                    "16047794-bc70-43a1-b4b1-6057e77a9ac8",
                    "3b7819ca-5152-41bb-af4d-1de20f0bb66d",
                    "22fbd710-7e19-4bb4-ab9f-5e2353b9e241",
                    "a1fd26b5-843a-4195-929d-b3fe2446936a",
                    "7fc48765-07d7-49d2-92e9-6837409b563e",
                    "9c0ab12d-b6bd-4240-8962-ac4ba9754ebf",
                    "a524a863-af1f-4f6d-985d-519a2dd3481a",
                    "6c9445e7-0aec-4ab8-b99a-045d7533361b",
                    "078f9b4a-517f-45c2-b1cb-f313dcad1631",
                    "3f9c6fcf-5ab9-4dc1-a9e0-38d9f6783fb3",
                    "759b37c9-d51c-439c-afd1-d78c131e5990",
                    "a6ed786e-7aca-4f4e-b682-e61063d5b819"
                  ],
                  "failures": [],
                  "pending": [],
                  "skipped": [],
                  "duration": 35099,
                  "root": false,
                  "rootEmpty": false,
                  "_timeout": 2000
                },
                {
                  "uuid": "f575b390-fe97-40e8-aa1d-369741b380dc",
                  "title": "Dimensions",
                  "fullFile": "",
                  "file": "",
                  "beforeHooks": [],
                  "afterHooks": [],
                  "tests": [
                    {
                      "title": "Toggles the Style/Dimensions section successfully",
                      "fullTitle": "Properties panel tests Style Dimensions Toggles the Style/Dimensions section successfully",
                      "timedOut": null,
                      "duration": 1316,
                      "state": "passed",
                      "speed": "slow",
                      "pass": true,
                      "fail": false,
                      "pending": false,
                      "context": null,
                      "code": "propertiesPanelObjectModel_1.proprietiesPanel.toggleSection('Dimensions');\npropertiesPanelObjectModel_1.proprietiesPanel.getPropPanel().within(function () {\n    cy.contains('Min W').should('not.exist');\n    cy.contains('Max H').should('not.exist');\n});\npropertiesPanelObjectModel_1.proprietiesPanel.toggleSection('Dimensions');\npropertiesPanelObjectModel_1.proprietiesPanel.getPropPanel().within(function () {\n    cy.contains('Min W').should('exist');\n    cy.contains('Max H').should('exist');\n});",
                      "err": {},
                      "uuid": "4c8a6c4e-57d6-417f-bfd7-6ceaec4dd1ba",
                      "parentUUID": "f575b390-fe97-40e8-aa1d-369741b380dc",
                      "isHook": false,
                      "skipped": false
                    },
                    {
                      "title": "All the dimension elements appear with their inputs",
                      "fullTitle": "Properties panel tests Style Dimensions All the dimension elements appear with their inputs",
                      "timedOut": null,
                      "duration": 1288,
                      "state": "passed",
                      "speed": "slow",
                      "pass": true,
                      "fail": false,
                      "pending": false,
                      "context": null,
                      "code": "propertiesPanelObjectModel_1.proprietiesPanel.toggleSection('Borders');\npropertiesPanelObjectModel_1.proprietiesPanel.getPropPanel().within(function () {\n    cy.contains('Width').should('exist').next().should('exist');\n    cy.contains('Height').should('exist').next().should('exist');\n    cy.contains('Min W').should('exist').next().should('exist');\n    cy.contains('Min H').should('exist').next().should('exist');\n    cy.contains('Max W').should('exist').next().should('exist');\n    cy.contains('Max H').should('exist').next().should('exist');\n});",
                      "err": {},
                      "uuid": "7f4117b1-46f2-4074-b154-68e34eba9f5b",
                      "parentUUID": "f575b390-fe97-40e8-aa1d-369741b380dc",
                      "isHook": false,
                      "skipped": false
                    },
                    {
                      "title": "Dimensions changes take effect successfully",
                      "fullTitle": "Properties panel tests Style Dimensions Dimensions changes take effect successfully",
                      "timedOut": null,
                      "duration": 3583,
                      "state": "passed",
                      "speed": "slow",
                      "pass": true,
                      "fail": false,
                      "pending": false,
                      "context": null,
                      "code": "propertiesPanelObjectModel_1.proprietiesPanel.toggleSection('Borders');\npropertiesPanelObjectModel_1.proprietiesPanel.getPropPanel().within(function () {\n    // cy.contains('Class').next().click()\n    // cy.contains('bg-red-500').click({force: true})\n    cy.contains('Width').next().within(function () {\n        cy.get('input').type('120', { force: true });\n    });\n    cy.contains('Height').next().within(function () {\n        cy.get('input').type('800', { force: true });\n    });\n    cy.contains('Min W').next().within(function () {\n        cy.get('input').type('100', { force: true });\n    });\n    cy.contains('Min H').next().within(function () {\n        cy.get('input').type('500', { force: true });\n    });\n    cy.contains('Max W').next().within(function () {\n        cy.get('input').type('130', { force: true });\n    });\n    cy.contains('Max H').next().within(function () {\n        cy.get('input').type('850', { force: true });\n    });\n});\nWebFormEditorObjectModel_1.webFormEditor.getWebFomEditorComp().should('have.css', 'width', '120px');\nWebFormEditorObjectModel_1.webFormEditor.getWebFomEditorComp().should('have.css', 'height', '800px');\nWebFormEditorObjectModel_1.webFormEditor.getWebFomEditorComp().should('have.css', 'min-width', '100px');\nWebFormEditorObjectModel_1.webFormEditor.getWebFomEditorComp().should('have.css', 'min-height', '500px');\nWebFormEditorObjectModel_1.webFormEditor.getWebFomEditorComp().should('have.css', 'max-width', '130px');\nWebFormEditorObjectModel_1.webFormEditor.getWebFomEditorComp().should('have.css', 'max-height', '850px');",
                      "err": {},
                      "uuid": "fd28cd00-4790-4b7b-a985-689d4469cbf4",
                      "parentUUID": "f575b390-fe97-40e8-aa1d-369741b380dc",
                      "isHook": false,
                      "skipped": false
                    },
                    {
                      "title": "Changes Dimension unit successfully",
                      "fullTitle": "Properties panel tests Style Dimensions Changes Dimension unit successfully",
                      "timedOut": null,
                      "duration": 1636,
                      "state": "passed",
                      "speed": "slow",
                      "pass": true,
                      "fail": false,
                      "pending": false,
                      "context": null,
                      "code": "propertiesPanelObjectModel_1.proprietiesPanel.toggleSection('Borders');\npropertiesPanelObjectModel_1.proprietiesPanel.getPropPanel().within(function () {\n    // cy.contains('Class').next().click()\n    // cy.contains('bg-red-500').click({force: true})\n    cy.contains('Width').next().within(function () {\n        cy.get('input').type('60', { force: true });\n        cy.get('#downshift-0-toggle-button').click({ force: true });\n    });\n});\ncy.get('#downshift-0-item-1').click({ force: true });\nWebFormEditorObjectModel_1.webFormEditor.getWebFomEditorComp().should('have.css', 'width', '960px');",
                      "err": {},
                      "uuid": "a9fae342-9b5b-4586-836e-166082b555bb",
                      "parentUUID": "f575b390-fe97-40e8-aa1d-369741b380dc",
                      "isHook": false,
                      "skipped": false
                    }
                  ],
                  "suites": [],
                  "passes": [
                    "4c8a6c4e-57d6-417f-bfd7-6ceaec4dd1ba",
                    "7f4117b1-46f2-4074-b154-68e34eba9f5b",
                    "fd28cd00-4790-4b7b-a985-689d4469cbf4",
                    "a9fae342-9b5b-4586-836e-166082b555bb"
                  ],
                  "failures": [],
                  "pending": [],
                  "skipped": [],
                  "duration": 7823,
                  "root": false,
                  "rootEmpty": false,
                  "_timeout": 2000
                },
                {
                  "uuid": "6520a93d-9c96-48d6-99ee-104a8ee76a33",
                  "title": "Layout",
                  "fullFile": "",
                  "file": "",
                  "beforeHooks": [],
                  "afterHooks": [],
                  "tests": [
                    {
                      "title": "Makes a margin top successfully",
                      "fullTitle": "Properties panel tests Style Layout Makes a margin top successfully",
                      "timedOut": null,
                      "duration": 5115,
                      "state": "passed",
                      "speed": "slow",
                      "pass": true,
                      "fail": false,
                      "pending": false,
                      "context": null,
                      "code": "propertiesPanelObjectModel_1.proprietiesPanel.styleLayout(\"#marginTop\", \"50\");\nWebFormEditorObjectModel_1.webFormEditor.getWebFomEditorComp().should('have.css', 'margin-top', '50px');",
                      "err": {},
                      "uuid": "0a6dccf9-42f1-4b90-8b8a-8e19a12ce521",
                      "parentUUID": "6520a93d-9c96-48d6-99ee-104a8ee76a33",
                      "isHook": false,
                      "skipped": false
                    },
                    {
                      "title": "Makes a margin right successfully",
                      "fullTitle": "Properties panel tests Style Layout Makes a margin right successfully",
                      "timedOut": null,
                      "duration": 5202,
                      "state": "passed",
                      "speed": "slow",
                      "pass": true,
                      "fail": false,
                      "pending": false,
                      "context": null,
                      "code": "propertiesPanelObjectModel_1.proprietiesPanel.styleLayout('[data-label=\"margin-right\"] > .text-white', \"50\");\nWebFormEditorObjectModel_1.webFormEditor.getWebFomEditorComp().should('have.css', 'margin-right', '50px');",
                      "err": {},
                      "uuid": "4314867d-4480-4fda-aed6-029ba038444c",
                      "parentUUID": "6520a93d-9c96-48d6-99ee-104a8ee76a33",
                      "isHook": false,
                      "skipped": false
                    },
                    {
                      "title": "Makes a margin bottom successfully",
                      "fullTitle": "Properties panel tests Style Layout Makes a margin bottom successfully",
                      "timedOut": null,
                      "duration": 5502,
                      "state": "passed",
                      "speed": "slow",
                      "pass": true,
                      "fail": false,
                      "pending": false,
                      "context": null,
                      "code": "propertiesPanelObjectModel_1.proprietiesPanel.styleLayout('[data-label=\"margin-bottom\"] > .text-white', \"50\");\nWebFormEditorObjectModel_1.webFormEditor.getWebFomEditorComp().should('have.css', 'margin-bottom', '50px');",
                      "err": {},
                      "uuid": "122793b8-a749-4310-88c2-12cb11ffc5fb",
                      "parentUUID": "6520a93d-9c96-48d6-99ee-104a8ee76a33",
                      "isHook": false,
                      "skipped": false
                    },
                    {
                      "title": "Makes a margin left successfully",
                      "fullTitle": "Properties panel tests Style Layout Makes a margin left successfully",
                      "timedOut": null,
                      "duration": 5909,
                      "state": "passed",
                      "speed": "slow",
                      "pass": true,
                      "fail": false,
                      "pending": false,
                      "context": null,
                      "code": "propertiesPanelObjectModel_1.proprietiesPanel.styleLayout('[data-label=\"margin-left\"] > .text-white', \"50\");\nWebFormEditorObjectModel_1.webFormEditor.getWebFomEditorComp().should('have.css', 'margin-left', '50px');",
                      "err": {},
                      "uuid": "84529cba-2d2e-44ae-bd5e-98b811b97908",
                      "parentUUID": "6520a93d-9c96-48d6-99ee-104a8ee76a33",
                      "isHook": false,
                      "skipped": false
                    },
                    {
                      "title": "Makes a padding top successfully",
                      "fullTitle": "Properties panel tests Style Layout Makes a padding top successfully",
                      "timedOut": null,
                      "duration": 5856,
                      "state": "passed",
                      "speed": "slow",
                      "pass": true,
                      "fail": false,
                      "pending": false,
                      "context": null,
                      "code": "propertiesPanelObjectModel_1.proprietiesPanel.styleLayout('[data-label=\"padding-top\"] > .text-white', \"50\");\nWebFormEditorObjectModel_1.webFormEditor.getWebFomEditorComp().should('have.css', 'padding-top', '50px');",
                      "err": {},
                      "uuid": "425c37de-c91a-4499-83b9-f677e3a5b824",
                      "parentUUID": "6520a93d-9c96-48d6-99ee-104a8ee76a33",
                      "isHook": false,
                      "skipped": false
                    },
                    {
                      "title": "Makes a padding right successfully",
                      "fullTitle": "Properties panel tests Style Layout Makes a padding right successfully",
                      "timedOut": null,
                      "duration": 5548,
                      "state": "passed",
                      "speed": "slow",
                      "pass": true,
                      "fail": false,
                      "pending": false,
                      "context": null,
                      "code": "propertiesPanelObjectModel_1.proprietiesPanel.styleLayout(\"#PaddingRight\", \"50\");\nWebFormEditorObjectModel_1.webFormEditor.getWebFomEditorComp().should('have.css', 'padding-right', '50px');",
                      "err": {},
                      "uuid": "44eaab1c-ac03-4aa3-b910-ee1b7dc52f45",
                      "parentUUID": "6520a93d-9c96-48d6-99ee-104a8ee76a33",
                      "isHook": false,
                      "skipped": false
                    },
                    {
                      "title": "Makes a padding bottom successfully",
                      "fullTitle": "Properties panel tests Style Layout Makes a padding bottom successfully",
                      "timedOut": null,
                      "duration": 5380,
                      "state": "passed",
                      "speed": "slow",
                      "pass": true,
                      "fail": false,
                      "pending": false,
                      "context": null,
                      "code": "propertiesPanelObjectModel_1.proprietiesPanel.styleLayout(\"#PaddingBottom\", \"50\");\nWebFormEditorObjectModel_1.webFormEditor.getWebFomEditorComp().should('have.css', 'padding-bottom', '50px');",
                      "err": {},
                      "uuid": "0ec21d23-d99c-474c-9e4e-fd256f49de6e",
                      "parentUUID": "6520a93d-9c96-48d6-99ee-104a8ee76a33",
                      "isHook": false,
                      "skipped": false
                    },
                    {
                      "title": "Makes a padding left successfully",
                      "fullTitle": "Properties panel tests Style Layout Makes a padding left successfully",
                      "timedOut": null,
                      "duration": 5787,
                      "state": "passed",
                      "speed": "slow",
                      "pass": true,
                      "fail": false,
                      "pending": false,
                      "context": null,
                      "code": "propertiesPanelObjectModel_1.proprietiesPanel.styleLayout(\"#PaddingLeft\", \"50\");\nWebFormEditorObjectModel_1.webFormEditor.getWebFomEditorComp().should('have.css', 'padding-left', '50px');",
                      "err": {},
                      "uuid": "0ce46119-fffc-429d-8b58-0b38fe9afbf5",
                      "parentUUID": "6520a93d-9c96-48d6-99ee-104a8ee76a33",
                      "isHook": false,
                      "skipped": false
                    },
                    {
                      "title": "Makes a margin in all sides",
                      "fullTitle": "Properties panel tests Style Layout Makes a margin in all sides",
                      "timedOut": null,
                      "duration": 5450,
                      "state": "passed",
                      "speed": "slow",
                      "pass": true,
                      "fail": false,
                      "pending": false,
                      "context": null,
                      "code": "propertiesPanelObjectModel_1.proprietiesPanel.getPropPanel().within(function () {\n    cy.get('[data-label=\"margin-top\"] > .text-white').click({ force: true });\n});\ncy.get('.bg-fd-gray-default').within(function () {\n    cy.get('#all').click({ force: true });\n    cy.get('input').type('50');\n});\nWebFormEditorObjectModel_1.webFormEditor.getWebFomEditorComp().should('have.css', 'margin', '50px');",
                      "err": {},
                      "uuid": "e2d166ad-2efe-42e9-a0f1-b10251fa0319",
                      "parentUUID": "6520a93d-9c96-48d6-99ee-104a8ee76a33",
                      "isHook": false,
                      "skipped": false
                    },
                    {
                      "title": "Resets to default successfully",
                      "fullTitle": "Properties panel tests Style Layout Resets to default successfully",
                      "timedOut": null,
                      "duration": 5782,
                      "state": "passed",
                      "speed": "slow",
                      "pass": true,
                      "fail": false,
                      "pending": false,
                      "context": null,
                      "code": "propertiesPanelObjectModel_1.proprietiesPanel.styleLayout(\"#PaddingLeft\", \"50\");\nWebFormEditorObjectModel_1.webFormEditor.getWebFomEditorComp().should('have.css', 'padding-left', '50px');\ncy.get('.bg-fd-gray-default').within(function () {\n    cy.get('.mt-3 > .flex').click({ force: true });\n});\nWebFormEditorObjectModel_1.webFormEditor.getWebFomEditorComp().should('not.have.css', 'padding-left', '50px');",
                      "err": {},
                      "uuid": "9101e501-5411-4f36-8db2-8bfadbe2b53d",
                      "parentUUID": "6520a93d-9c96-48d6-99ee-104a8ee76a33",
                      "isHook": false,
                      "skipped": false
                    },
                    {
                      "title": "Closes the modal from the X successfully",
                      "fullTitle": "Properties panel tests Style Layout Closes the modal from the X successfully",
                      "timedOut": null,
                      "duration": 2380,
                      "state": "passed",
                      "speed": "slow",
                      "pass": true,
                      "fail": false,
                      "pending": false,
                      "context": null,
                      "code": "propertiesPanelObjectModel_1.proprietiesPanel.styleLayout(\"#PaddingLeft\", \"50\");\ncy.get('.bg-fd-gray-default').within(function () {\n    cy.get('button > .text-fd-gray-lighter').click({ force: true });\n});\ncy.get('.bg-fd-gray-default').should('not.exist');",
                      "err": {},
                      "uuid": "20bba14a-8b0d-4ff0-a361-5b3c2504dc45",
                      "parentUUID": "6520a93d-9c96-48d6-99ee-104a8ee76a33",
                      "isHook": false,
                      "skipped": false
                    }
                  ],
                  "suites": [],
                  "passes": [
                    "0a6dccf9-42f1-4b90-8b8a-8e19a12ce521",
                    "4314867d-4480-4fda-aed6-029ba038444c",
                    "122793b8-a749-4310-88c2-12cb11ffc5fb",
                    "84529cba-2d2e-44ae-bd5e-98b811b97908",
                    "425c37de-c91a-4499-83b9-f677e3a5b824",
                    "44eaab1c-ac03-4aa3-b910-ee1b7dc52f45",
                    "0ec21d23-d99c-474c-9e4e-fd256f49de6e",
                    "0ce46119-fffc-429d-8b58-0b38fe9afbf5",
                    "e2d166ad-2efe-42e9-a0f1-b10251fa0319",
                    "9101e501-5411-4f36-8db2-8bfadbe2b53d",
                    "20bba14a-8b0d-4ff0-a361-5b3c2504dc45"
                  ],
                  "failures": [],
                  "pending": [],
                  "skipped": [],
                  "duration": 57911,
                  "root": false,
                  "rootEmpty": false,
                  "_timeout": 2000
                },
                {
                  "uuid": "155f1ab8-553a-41da-9fe1-3c484033e36d",
                  "title": "Appearance",
                  "fullFile": "",
                  "file": "",
                  "beforeHooks": [],
                  "afterHooks": [],
                  "tests": [
                    {
                      "title": "Toggles Appearance section successfully",
                      "fullTitle": "Properties panel tests Style Appearance Toggles Appearance section successfully",
                      "timedOut": null,
                      "duration": 1397,
                      "state": "passed",
                      "speed": "slow",
                      "pass": true,
                      "fail": false,
                      "pending": false,
                      "context": null,
                      "code": "propertiesPanelObjectModel_1.proprietiesPanel.toggleSection('Appearance');\npropertiesPanelObjectModel_1.proprietiesPanel.getPropPanel().within(function () {\n    cy.contains('Position').should('not.exist');\n    cy.contains('Cursor').should('not.exist');\n});\npropertiesPanelObjectModel_1.proprietiesPanel.toggleSection('Appearance');\npropertiesPanelObjectModel_1.proprietiesPanel.getPropPanel().within(function () {\n    cy.contains('Position').should('exist');\n    cy.contains('Cursor').should('exist');\n});",
                      "err": {},
                      "uuid": "3b2ed2e9-bebc-4bc0-9849-35dbb0b5293b",
                      "parentUUID": "155f1ab8-553a-41da-9fe1-3c484033e36d",
                      "isHook": false,
                      "skipped": false
                    },
                    {
                      "title": "All the elements exist and appear successfully",
                      "fullTitle": "Properties panel tests Style Appearance All the elements exist and appear successfully",
                      "timedOut": null,
                      "duration": 1154,
                      "state": "passed",
                      "speed": "slow",
                      "pass": true,
                      "fail": false,
                      "pending": false,
                      "context": null,
                      "code": "propertiesPanelObjectModel_1.proprietiesPanel.getPropPanel().within(function () {\n    cy.contains('Position').should('be.visible').next().should('be.visible').should('have.text', 'static');\n    cy.contains('Cursor').should('be.visible').next().should('be.visible').should('have.text', 'auto');\n    cy.contains('Overflow').should('be.visible').next().should('be.visible').should('have.text', 'visible');\n    cy.contains('Display').should('be.visible');\n});",
                      "err": {},
                      "uuid": "65f8e00d-3398-4f0c-92e2-7d955270584c",
                      "parentUUID": "155f1ab8-553a-41da-9fe1-3c484033e36d",
                      "isHook": false,
                      "skipped": false
                    },
                    {
                      "title": "Selects a position type successfully",
                      "fullTitle": "Properties panel tests Style Appearance Selects a position type successfully",
                      "timedOut": null,
                      "duration": 1792,
                      "state": "passed",
                      "speed": "slow",
                      "pass": true,
                      "fail": false,
                      "pending": false,
                      "context": null,
                      "code": "propertiesPanelObjectModel_1.proprietiesPanel.chooseAttributeValue('Position', 'Relative');",
                      "err": {},
                      "uuid": "f4aa9419-ca6a-4605-8442-4444ef485682",
                      "parentUUID": "155f1ab8-553a-41da-9fe1-3c484033e36d",
                      "isHook": false,
                      "skipped": false
                    },
                    {
                      "title": "Selects the cursor type successfully",
                      "fullTitle": "Properties panel tests Style Appearance Selects the cursor type successfully",
                      "timedOut": null,
                      "duration": 1739,
                      "state": "passed",
                      "speed": "slow",
                      "pass": true,
                      "fail": false,
                      "pending": false,
                      "context": null,
                      "code": "propertiesPanelObjectModel_1.proprietiesPanel.chooseAttributeValue('Cursor', 'Move');",
                      "err": {},
                      "uuid": "4fca3be0-313b-4c66-82a8-42d4402ff334",
                      "parentUUID": "155f1ab8-553a-41da-9fe1-3c484033e36d",
                      "isHook": false,
                      "skipped": false
                    },
                    {
                      "title": "Selects the overflow type  successfully",
                      "fullTitle": "Properties panel tests Style Appearance Selects the overflow type  successfully",
                      "timedOut": null,
                      "duration": 1860,
                      "state": "passed",
                      "speed": "slow",
                      "pass": true,
                      "fail": false,
                      "pending": false,
                      "context": null,
                      "code": "propertiesPanelObjectModel_1.proprietiesPanel.chooseAttributeValue('Overflow', 'Hidden');",
                      "err": {},
                      "uuid": "95eaa18a-c141-47d0-8a04-c8d27a57e526",
                      "parentUUID": "155f1ab8-553a-41da-9fe1-3c484033e36d",
                      "isHook": false,
                      "skipped": false
                    },
                    {
                      "title": "Resets default value from the X button",
                      "fullTitle": "Properties panel tests Style Appearance Resets default value from the X button",
                      "timedOut": null,
                      "duration": 2028,
                      "state": "passed",
                      "speed": "slow",
                      "pass": true,
                      "fail": false,
                      "pending": false,
                      "context": null,
                      "code": "propertiesPanelObjectModel_1.proprietiesPanel.chooseAttributeValue('Overflow', 'Hidden');\npropertiesPanelObjectModel_1.proprietiesPanel.getPropPanel().within(function () {\n    cy.contains('Overflow').next().within(function () {\n        cy.get(':nth-child(1) > .css-8mmkcg').click({ force: true });\n    });\n});\nWebFormEditorObjectModel_1.webFormEditor.getWebFomEditorComp().should('not.have.css', 'overflow', 'hidden');",
                      "err": {},
                      "uuid": "d7332d6e-875e-4966-b4ae-cbaa55f35d1c",
                      "parentUUID": "155f1ab8-553a-41da-9fe1-3c484033e36d",
                      "isHook": false,
                      "skipped": false
                    },
                    {
                      "title": "Dispaly propertie: display Block works fine",
                      "fullTitle": "Properties panel tests Style Appearance Dispaly propertie: display Block works fine",
                      "timedOut": null,
                      "duration": 1151,
                      "state": "passed",
                      "speed": "slow",
                      "pass": true,
                      "fail": false,
                      "pending": false,
                      "context": null,
                      "code": "propertiesPanelObjectModel_1.proprietiesPanel.getPropPanel().within(function () {\n    cy.contains('Display').next().children().first().click({ force: true });\n});\nWebFormEditorObjectModel_1.webFormEditor.getWebFomEditorComp().should('have.css', 'display', 'block');",
                      "err": {},
                      "uuid": "d0a4ae4e-44a9-4ed7-8426-2741680ad771",
                      "parentUUID": "155f1ab8-553a-41da-9fe1-3c484033e36d",
                      "isHook": false,
                      "skipped": false
                    },
                    {
                      "title": "Dispaly propertie: display flex works fine",
                      "fullTitle": "Properties panel tests Style Appearance Dispaly propertie: display flex works fine",
                      "timedOut": null,
                      "duration": 2698,
                      "state": "passed",
                      "speed": "slow",
                      "pass": true,
                      "fail": false,
                      "pending": false,
                      "context": null,
                      "code": "propertiesPanelObjectModel_1.proprietiesPanel.getPropPanel().within(function () {\n    cy.contains('Display').next().children().first().next().click({ force: true });\n    cy.contains('Direction').next().within(function () {\n        cy.get('input').type('vertical', { force: true }).type('{enter}');\n    });\n    // Horizontal XXXXXXXXXXXXXXXXXX\n    cy.contains('Justify').next().children().first().next().click({ force: true });\n    cy.contains('Align').next().children().first().next().click({ force: true });\n});\nWebFormEditorObjectModel_1.webFormEditor.getWebFomEditorComp().should('have.css', 'display', 'flex');\nWebFormEditorObjectModel_1.webFormEditor.getWebFomEditorComp().should('have.css', 'flex-direction', 'column');\nWebFormEditorObjectModel_1.webFormEditor.getWebFomEditorComp().should('have.css', 'justify-content', 'flex-end');\nWebFormEditorObjectModel_1.webFormEditor.getWebFomEditorComp().should('have.css', 'align-items', 'end');",
                      "err": {},
                      "uuid": "570657b3-0bee-4c7e-9d6b-9ea28ba811b7",
                      "parentUUID": "155f1ab8-553a-41da-9fe1-3c484033e36d",
                      "isHook": false,
                      "skipped": false
                    },
                    {
                      "title": "Dispaly propertie: display inline works fine",
                      "fullTitle": "Properties panel tests Style Appearance Dispaly propertie: display inline works fine",
                      "timedOut": null,
                      "duration": 1394,
                      "state": "passed",
                      "speed": "slow",
                      "pass": true,
                      "fail": false,
                      "pending": false,
                      "context": null,
                      "code": "propertiesPanelObjectModel_1.proprietiesPanel.getPropPanel().within(function () {\n    cy.contains('Display').next().children().first().next().next().click({ force: true });\n});\nWebFormEditorObjectModel_1.webFormEditor.getWebFomEditorComp().should('have.css', 'display', 'inline');",
                      "err": {},
                      "uuid": "155f52c4-27ad-40f2-ae2b-e38df47cd875",
                      "parentUUID": "155f1ab8-553a-41da-9fe1-3c484033e36d",
                      "isHook": false,
                      "skipped": false
                    },
                    {
                      "title": "Dispaly propertie: display inline-block works fine",
                      "fullTitle": "Properties panel tests Style Appearance Dispaly propertie: display inline-block works fine",
                      "timedOut": null,
                      "duration": 1258,
                      "state": "passed",
                      "speed": "slow",
                      "pass": true,
                      "fail": false,
                      "pending": false,
                      "context": null,
                      "code": "propertiesPanelObjectModel_1.proprietiesPanel.getPropPanel().within(function () {\n    cy.contains('Display').next().children().first().next().next().next().click({ force: true });\n});\nWebFormEditorObjectModel_1.webFormEditor.getWebFomEditorComp().should('have.css', 'display', 'inline-block');",
                      "err": {},
                      "uuid": "89249aae-8fcb-4a40-b3a1-02a59dd42475",
                      "parentUUID": "155f1ab8-553a-41da-9fe1-3c484033e36d",
                      "isHook": false,
                      "skipped": false
                    },
                    {
                      "title": "Dispaly propertie: display none works fine",
                      "fullTitle": "Properties panel tests Style Appearance Dispaly propertie: display none works fine",
                      "timedOut": null,
                      "duration": 1192,
                      "state": "passed",
                      "speed": "slow",
                      "pass": true,
                      "fail": false,
                      "pending": false,
                      "context": null,
                      "code": "propertiesPanelObjectModel_1.proprietiesPanel.getPropPanel().within(function () {\n    cy.contains('Display').next().children().first().next().next().next().next().click({ force: true });\n});\nWebFormEditorObjectModel_1.webFormEditor.getWebFomEditorComp().should('not.be.visible');",
                      "err": {},
                      "uuid": "d6631e1b-e2b2-4d63-8115-530ac470936e",
                      "parentUUID": "155f1ab8-553a-41da-9fe1-3c484033e36d",
                      "isHook": false,
                      "skipped": false
                    }
                  ],
                  "suites": [],
                  "passes": [
                    "3b2ed2e9-bebc-4bc0-9849-35dbb0b5293b",
                    "65f8e00d-3398-4f0c-92e2-7d955270584c",
                    "f4aa9419-ca6a-4605-8442-4444ef485682",
                    "4fca3be0-313b-4c66-82a8-42d4402ff334",
                    "95eaa18a-c141-47d0-8a04-c8d27a57e526",
                    "d7332d6e-875e-4966-b4ae-cbaa55f35d1c",
                    "d0a4ae4e-44a9-4ed7-8426-2741680ad771",
                    "570657b3-0bee-4c7e-9d6b-9ea28ba811b7",
                    "155f52c4-27ad-40f2-ae2b-e38df47cd875",
                    "89249aae-8fcb-4a40-b3a1-02a59dd42475",
                    "d6631e1b-e2b2-4d63-8115-530ac470936e"
                  ],
                  "failures": [],
                  "pending": [],
                  "skipped": [],
                  "duration": 17663,
                  "root": false,
                  "rootEmpty": false,
                  "_timeout": 2000
                },
                {
                  "uuid": "dd67c0fd-fecd-4491-a892-3a97151ac03c",
                  "title": "Font",
                  "fullFile": "",
                  "file": "",
                  "beforeHooks": [],
                  "afterHooks": [],
                  "tests": [
                    {
                      "title": "Toggles Style/Font section successfully",
                      "fullTitle": "Properties panel tests Style Font Toggles Style/Font section successfully",
                      "timedOut": null,
                      "duration": 1229,
                      "state": "passed",
                      "speed": "slow",
                      "pass": true,
                      "fail": false,
                      "pending": false,
                      "context": null,
                      "code": "propertiesPanelObjectModel_1.proprietiesPanel.toggleSection('Font');\npropertiesPanelObjectModel_1.proprietiesPanel.getPropPanel().within(function () {\n    cy.contains('Family').should('not.exist');\n});\npropertiesPanelObjectModel_1.proprietiesPanel.toggleSection('Font');\npropertiesPanelObjectModel_1.proprietiesPanel.getPropPanel().within(function () {\n    cy.contains('Family').should('exist');\n});",
                      "err": {},
                      "uuid": "73b42648-bc0b-4396-b173-81107d0a4605",
                      "parentUUID": "dd67c0fd-fecd-4491-a892-3a97151ac03c",
                      "isHook": false,
                      "skipped": false
                    },
                    {
                      "title": "Chooses a font family and remove it successfully",
                      "fullTitle": "Properties panel tests Style Font Chooses a font family and remove it successfully",
                      "timedOut": null,
                      "duration": 1959,
                      "state": "passed",
                      "speed": "slow",
                      "pass": true,
                      "fail": false,
                      "pending": false,
                      "context": null,
                      "code": "propertiesPanelObjectModel_1.proprietiesPanel.getPropPanel().within(function () {\n    cy.contains('Family').next().within(function () {\n        cy.get('input').type('Arial', { force: true }).type('{enter}');\n    });\n});\nWebFormEditorObjectModel_1.webFormEditor.getWebFomEditorComp().should('have.css', 'font-family', 'Arial');\npropertiesPanelObjectModel_1.proprietiesPanel.getPropPanel().within(function () {\n    cy.contains('Family').next().within(function () {\n        cy.get(':nth-child(1) > .css-8mmkcg').click({ force: true });\n    });\n});\nWebFormEditorObjectModel_1.webFormEditor.getWebFomEditorComp().should('not.have.css', 'font-family', 'Arial');",
                      "err": {},
                      "uuid": "904205d1-58a5-4edb-9634-c1ceaa083934",
                      "parentUUID": "dd67c0fd-fecd-4491-a892-3a97151ac03c",
                      "isHook": false,
                      "skipped": false
                    },
                    {
                      "title": "Selects the Weight and remove it successfully",
                      "fullTitle": "Properties panel tests Style Font Selects the Weight and remove it successfully",
                      "timedOut": null,
                      "duration": 1812,
                      "state": "passed",
                      "speed": "slow",
                      "pass": true,
                      "fail": false,
                      "pending": false,
                      "context": null,
                      "code": "propertiesPanelObjectModel_1.proprietiesPanel.getPropPanel().within(function () {\n    cy.contains('Weight').next().within(function () {\n        cy.get('input').type('300', { force: true }).type('{enter}');\n    });\n});\nWebFormEditorObjectModel_1.webFormEditor.getWebFomEditorComp().should('have.css', 'font-weight', '300');\npropertiesPanelObjectModel_1.proprietiesPanel.getPropPanel().within(function () {\n    cy.contains('Weight').next().within(function () {\n        cy.get(':nth-child(1) > .css-8mmkcg').click({ force: true });\n    });\n});\nWebFormEditorObjectModel_1.webFormEditor.getWebFomEditorComp().should('not.have.css', 'font-weight', '300');",
                      "err": {},
                      "uuid": "2408bfb4-e71d-41d2-b3e3-e160c30e9a3e",
                      "parentUUID": "dd67c0fd-fecd-4491-a892-3a97151ac03c",
                      "isHook": false,
                      "skipped": false
                    },
                    {
                      "title": "Precises Size and selects units successfully",
                      "fullTitle": "Properties panel tests Style Font Precises Size and selects units successfully",
                      "timedOut": null,
                      "duration": 1943,
                      "state": "passed",
                      "speed": "slow",
                      "pass": true,
                      "fail": false,
                      "pending": false,
                      "context": null,
                      "code": "propertiesPanelObjectModel_1.proprietiesPanel.getPropPanel().within(function () {\n    cy.contains('Size').next().within(function () {\n        cy.get('input').type('15', { force: true }).type('{enter}');\n    });\n});\nWebFormEditorObjectModel_1.webFormEditor.getWebFomEditorComp().should('have.css', 'font-size', '15px');\npropertiesPanelObjectModel_1.proprietiesPanel.getPropPanel().within(function () {\n    cy.contains('Size').next().children().last().click({ force: true });\n});\ncy.get('#downshift-6-toggle-button').click({ force: true });\ncy.get('#downshift-6-item-1').click({ force: true });\nWebFormEditorObjectModel_1.webFormEditor.getWebFomEditorComp().should('have.css', 'font-size', '240px');",
                      "err": {},
                      "uuid": "8b992af7-35d6-4fa3-a22f-17529b663b8e",
                      "parentUUID": "dd67c0fd-fecd-4491-a892-3a97151ac03c",
                      "isHook": false,
                      "skipped": false
                    },
                    {
                      "title": "Align works successfully",
                      "fullTitle": "Properties panel tests Style Font Align works successfully",
                      "timedOut": null,
                      "duration": 1176,
                      "state": "passed",
                      "speed": "slow",
                      "pass": true,
                      "fail": false,
                      "pending": false,
                      "context": null,
                      "code": "propertiesPanelObjectModel_1.proprietiesPanel.getPropPanel().within(function () {\n    cy.contains('Align').next().children().first().next().click({ force: true });\n});\nWebFormEditorObjectModel_1.webFormEditor.getWebFomEditorComp().should('have.css', 'text-align', 'center');",
                      "err": {},
                      "uuid": "4271b3b2-0548-4c89-bec7-4e1474f84951",
                      "parentUUID": "dd67c0fd-fecd-4491-a892-3a97151ac03c",
                      "isHook": false,
                      "skipped": false
                    },
                    {
                      "title": "Decoration works successfully",
                      "fullTitle": "Properties panel tests Style Font Decoration works successfully",
                      "timedOut": null,
                      "duration": 1214,
                      "state": "passed",
                      "speed": "slow",
                      "pass": true,
                      "fail": false,
                      "pending": false,
                      "context": null,
                      "code": "propertiesPanelObjectModel_1.proprietiesPanel.getPropPanel().within(function () {\n    cy.contains('Decoration').next().children().first().next().click({ force: true });\n});\nWebFormEditorObjectModel_1.webFormEditor.getWebFomEditorComp().should('have.css', 'text-decoration-line', 'underline');",
                      "err": {},
                      "uuid": "2f52fa74-367c-473f-93bf-45a61ec3b2fc",
                      "parentUUID": "dd67c0fd-fecd-4491-a892-3a97151ac03c",
                      "isHook": false,
                      "skipped": false
                    },
                    {
                      "title": "Style works successfully",
                      "fullTitle": "Properties panel tests Style Font Style works successfully",
                      "timedOut": null,
                      "duration": 1207,
                      "state": "passed",
                      "speed": "slow",
                      "pass": true,
                      "fail": false,
                      "pending": false,
                      "context": null,
                      "code": "propertiesPanelObjectModel_1.proprietiesPanel.getPropPanel().within(function () {\n    cy.get(':nth-child(6) > :nth-child(2) > .bg-grey-600').within(function () {\n        cy.contains('Style').next().children().last().click({ force: true });\n    });\n});\nWebFormEditorObjectModel_1.webFormEditor.getWebFomEditorComp().should('have.css', 'font-style', 'italic');",
                      "err": {},
                      "uuid": "996ff38b-ab78-4bd6-a38c-9470351746be",
                      "parentUUID": "dd67c0fd-fecd-4491-a892-3a97151ac03c",
                      "isHook": false,
                      "skipped": false
                    },
                    {
                      "title": "Transform works successfully",
                      "fullTitle": "Properties panel tests Style Font Transform works successfully",
                      "timedOut": null,
                      "duration": 1224,
                      "state": "passed",
                      "speed": "slow",
                      "pass": true,
                      "fail": false,
                      "pending": false,
                      "context": null,
                      "code": "propertiesPanelObjectModel_1.proprietiesPanel.getPropPanel().within(function () {\n    cy.contains('Transform').next().children().last().click({ force: true });\n});\nWebFormEditorObjectModel_1.webFormEditor.getWebFomEditorComp().should('have.css', 'text-transform', 'lowercase');",
                      "err": {},
                      "uuid": "4872158b-20e2-4253-82e6-28831430961b",
                      "parentUUID": "dd67c0fd-fecd-4491-a892-3a97151ac03c",
                      "isHook": false,
                      "skipped": false
                    }
                  ],
                  "suites": [],
                  "passes": [
                    "73b42648-bc0b-4396-b173-81107d0a4605",
                    "904205d1-58a5-4edb-9634-c1ceaa083934",
                    "2408bfb4-e71d-41d2-b3e3-e160c30e9a3e",
                    "8b992af7-35d6-4fa3-a22f-17529b663b8e",
                    "4271b3b2-0548-4c89-bec7-4e1474f84951",
                    "2f52fa74-367c-473f-93bf-45a61ec3b2fc",
                    "996ff38b-ab78-4bd6-a38c-9470351746be",
                    "4872158b-20e2-4253-82e6-28831430961b"
                  ],
                  "failures": [],
                  "pending": [],
                  "skipped": [],
                  "duration": 11764,
                  "root": false,
                  "rootEmpty": false,
                  "_timeout": 2000
                },
                {
                  "uuid": "c3f443b0-d711-42e6-a0a7-aee41846f3d9",
                  "title": "Borders",
                  "fullFile": "",
                  "file": "",
                  "beforeHooks": [],
                  "afterHooks": [],
                  "tests": [
                    {
                      "title": "Toggles Style/Borders successfully",
[...]
                      "isHook": false,
                      "skipped": false
                    },
                    {
                      "title": "Makes a border-top-width successfully",
                      "fullTitle": "Properties panel tests Style Borders Makes a border-top-width successfully",
                      "timedOut": null,
                      "duration": 1986,
                      "state": "passed",
                      "speed": "slow",
                      "pass": true,
                      "fail": false,
                      "pending": false,
                      "context": null,
                      "code": "propertiesPanelObjectModel_1.proprietiesPanel.getPropPanel().within(function () {\n    cy.get(':nth-child(7) > :nth-child(2) > .bg-grey-600 > .flex-col')\n        .children().children().first().click({ force: true });\n    cy.get(':nth-child(7) > :nth-child(2) > .bg-grey-600 > .block > .justify-start')\n        .within(function () {\n        cy.get('input').type('16', { force: true });\n    });\n    cy.get('.block > .justify-between').within(function () {\n        cy.contains('Color').next().children().last().type(\"pink\", { force: true });\n    });\n    cy.get('.block > :nth-child(3)').within(function () {\n        cy.contains('Style').next().children().last().click({ force: true });\n    });\n});\nWebFormEditorObjectModel_1.webFormEditor.getWebFomEditorComp().should('have.css', 'border-top', '16px dotted rgb(255, 192, 203)');",
                      "err": {},
                      "uuid": "e11504d0-ae2f-453e-984d-11c14453ed3c",
                      "parentUUID": "c3f443b0-d711-42e6-a0a7-aee41846f3d9",
                      "isHook": false,
                      "skipped": false
                    },
                    {
                      "title": "Makes a border-left-width successfully",
                      "fullTitle": "Properties panel tests Style Borders Makes a border-left-width successfully",
                      "timedOut": null,
                      "duration": 2234,
                      "state": "passed",
                      "speed": "slow",
                      "pass": true,
                      "fail": false,
                      "pending": false,
                      "context": null,
                      "code": "propertiesPanelObjectModel_1.proprietiesPanel.getPropPanel().within(function () {\n    cy.get(':nth-child(7) > :nth-child(2) > .bg-grey-600 > .flex-col')\n        .children().children().first().next().click({ force: true });\n    cy.get(':nth-child(7) > :nth-child(2) > .bg-grey-600 > .block > .justify-start')\n        .within(function () {\n        cy.get('input').type('15', { force: true });\n    });\n    cy.get('.block > .justify-between').within(function () {\n        cy.contains('Color').next().children().last().type(\"yellow\", { force: true });\n    });\n    cy.get('.block > :nth-child(3)').within(function () {\n        cy.contains('Style').next().children().last().prev().click({ force: true });\n    });\n});\nWebFormEditorObjectModel_1.webFormEditor.getWebFomEditorComp().should('have.css', 'border-left', '15px dashed rgb(255, 255, 0)');",
                      "err": {},
                      "uuid": "00b18d4f-b70c-486a-86bb-825d635ac9e8",
                      "parentUUID": "c3f443b0-d711-42e6-a0a7-aee41846f3d9",
                      "isHook": false,
                      "skipped": false
                    },
                    {
                      "title": "Makes a border-right-width successfully",
                      "fullTitle": "Properties panel tests Style Borders Makes a border-right-width successfully",
                      "timedOut": null,
                      "duration": 2149,
                      "state": "passed",
                      "speed": "slow",
                      "pass": true,
                      "fail": false,
                      "pending": false,
                      "context": null,
                      "code": "propertiesPanelObjectModel_1.proprietiesPanel.getPropPanel().within(function () {\n    cy.get(':nth-child(7) > :nth-child(2) > .bg-grey-600 > .flex-col')\n        .children().children().first().next().next().next().click({ force: true });\n    cy.get(':nth-child(7) > :nth-child(2) > .bg-grey-600 > .block > .justify-start')\n        .within(function () {\n        cy.get('input').type('15', { force: true });\n    });\n    cy.get('.block > .justify-between').within(function () {\n        cy.contains('Color').next().children().last().type(\"red\", { force: true });\n    });\n    cy.get('.block > :nth-child(3)').within(function () {\n        cy.contains('Style').next().children().first().next().click({ force: true });\n    });\n});\nWebFormEditorObjectModel_1.webFormEditor.getWebFomEditorComp().should('have.css', 'border-right-color', 'rgb(255, 0, 0)');\nWebFormEditorObjectModel_1.webFormEditor.getWebFomEditorComp().should('have.css', 'border-right-width', '15px');",
                      "err": {},
                      "uuid": "1111eea4-079f-40e5-8b89-1505304e276e",
                      "parentUUID": "c3f443b0-d711-42e6-a0a7-aee41846f3d9",
                      "isHook": false,
                      "skipped": false
                    },
                    {
                      "title": "Makes a border-bottom-width successfully",
                      "fullTitle": "Properties panel tests Style Borders Makes a border-bottom-width successfully",
                      "timedOut": null,
                      "duration": 2283,
                      "state": "passed",
                      "speed": "slow",
                      "pass": true,
                      "fail": false,
                      "pending": false,
                      "context": null,
                      "code": "propertiesPanelObjectModel_1.proprietiesPanel.getPropPanel().within(function () {\n    cy.get(':nth-child(7) > :nth-child(2) > .bg-grey-600 > .flex-col')\n        .children().children().last().click({ force: true });\n    cy.get(':nth-child(7) > :nth-child(2) > .bg-grey-600 > .block > .justify-start')\n        .within(function () {\n        cy.get('input').type('12', { force: true });\n    });\n    cy.get('.block > .justify-between').within(function () {\n        cy.contains('Color').next().children().last().type(\"orange\", { force: true });\n    });\n});\nWebFormEditorObjectModel_1.webFormEditor.getWebFomEditorComp().should('have.css', 'border-bottom-color', 'rgb(255, 165, 0)');\nWebFormEditorObjectModel_1.webFormEditor.getWebFomEditorComp().should('have.css', 'border-bottom-width', '12px');",
                      "err": {},
                      "uuid": "9cac5d86-a200-4197-9b63-6cb7cce41a07",
                      "parentUUID": "c3f443b0-d711-42e6-a0a7-aee41846f3d9",
                      "isHook": false,
                      "skipped": false
                    },
                    {
                      "title": "Makes a border-width successfully",
                      "fullTitle": "Properties panel tests Style Borders Makes a border-width successfully",
                      "timedOut": null,
                      "duration": 2285,
                      "state": "passed",
                      "speed": "slow",
                      "pass": true,
                      "fail": false,
                      "pending": false,
                      "context": null,
                      "code": "propertiesPanelObjectModel_1.proprietiesPanel.getPropPanel().within(function () {\n    cy.get(':nth-child(7) > :nth-child(2) > .bg-grey-600 > .flex-col')\n        .children().children().last().prev().prev().click({ force: true });\n    cy.get(':nth-child(7) > :nth-child(2) > .bg-grey-600 > .block > .justify-start')\n        .within(function () {\n        cy.get('input').type('12', { force: true });\n    });\n    cy.get('.block > .justify-between').within(function () {\n        cy.contains('Color').next().children().last().type(\"blue\", { force: true });\n    });\n});\nWebFormEditorObjectModel_1.webFormEditor.getWebFomEditorComp().should('have.css', 'border-color', 'rgb(0, 0, 255)');\nWebFormEditorObjectModel_1.webFormEditor.getWebFomEditorComp().should('have.css', 'border-width', '12px');",
                      "err": {},
                      "uuid": "2a7e991f-eb7d-4ba3-a653-ce60ea49d28d",
                      "parentUUID": "c3f443b0-d711-42e6-a0a7-aee41846f3d9",
                      "isHook": false,
                      "skipped": false
                    }
                  ],
                  "suites": [],
                  "passes": [
                    "b06a4046-e3d4-4b92-a951-1b4b3de60136",
                    "e11504d0-ae2f-453e-984d-11c14453ed3c",
                    "00b18d4f-b70c-486a-86bb-825d635ac9e8",
                    "1111eea4-079f-40e5-8b89-1505304e276e",
                    "9cac5d86-a200-4197-9b63-6cb7cce41a07",
                    "2a7e991f-eb7d-4ba3-a653-ce60ea49d28d"
                  ],
                  "failures": [],
                  "pending": [],
                  "skipped": [],
                  "duration": 12244,
                  "root": false,
                  "rootEmpty": false,
                  "_timeout": 2000
                },
                {
                  "uuid": "ff09e1c6-645b-40be-a04a-a20ec047aaec",
                  "title": "Border Radius",
                  "fullFile": "",
                  "file": "",
                  "beforeHooks": [],
                  "afterHooks": [],
                  "tests": [
                    {
                      "title": "Toggles Style/Border Radius successfully",
                      "fullTitle": "Properties panel tests Style Border Radius Toggles Style/Border Radius successfully",
                      "timedOut": null,
                      "duration": 1316,
                      "state": "passed",
                      "speed": "slow",
                      "pass": true,
                      "fail": false,
                      "pending": false,
                      "context": null,
                      "code": "propertiesPanelObjectModel_1.proprietiesPanel.toggleSection('Font');\npropertiesPanelObjectModel_1.proprietiesPanel.toggleSection('Border Radius');\npropertiesPanelObjectModel_1.proprietiesPanel.getPropPanel().within(function () {\n    cy.contains('Size').should('not.exist');\n});\npropertiesPanelObjectModel_1.proprietiesPanel.toggleSection('Border Radius');\npropertiesPanelObjectModel_1.proprietiesPanel.getPropPanel().within(function () {\n    cy.contains('Size').should('exist');\n});",
                      "err": {},
                      "uuid": "0aed75f5-6073-4802-ace9-fc09502951d5",
                      "parentUUID": "ff09e1c6-645b-40be-a04a-a20ec047aaec",
                      "isHook": false,
                      "skipped": false
                    },
                    {
                      "title": "Makes a border-top-right-radius successfully",
                      "fullTitle": "Properties panel tests Style Border Radius Makes a border-top-right-radius successfully",
                      "timedOut": null,
                      "duration": 6627,
                      "state": "passed",
                      "speed": "slow",
                      "pass": true,
                      "fail": false,
                      "pending": false,
                      "context": null,
                      "code": "//proprietiesPanel.toggleElements(['Font', 'Appearance', 'Dimensions'])\npropertiesPanelObjectModel_1.proprietiesPanel.getPropPanel().within(function () {\n    cy.get(':nth-child(8) > :nth-child(2) > .bg-grey-600 > .flex-col').children().children().first().click({ force: true });\n    cy.get(':nth-child(8) > :nth-child(2) > .bg-grey-600 > .block > .mb-2 > .relative > .p-1').type('200', { force: true });\n});\nWebFormEditorObjectModel_1.webFormEditor.getWebFomEditorComp().should('have.css', 'border-top-right-radius', '200px');",
                      "err": {},
                      "uuid": "dbe7d9c5-4593-4f81-84b2-eda1c9baddf8",
                      "parentUUID": "ff09e1c6-645b-40be-a04a-a20ec047aaec",
                      "isHook": false,
                      "skipped": false
                    },
                    {
                      "title": "Makes a border-bottom-right-radius successfully",
                      "fullTitle": "Properties panel tests Style Border Radius Makes a border-bottom-right-radius successfully",
                      "timedOut": null,
                      "duration": 7560,
                      "state": "passed",
                      "speed": "slow",
                      "pass": true,
                      "fail": false,
                      "pending": false,
                      "context": null,
                      "code": "//proprietiesPanel.toggleElements(['Font', 'Appearance', 'Dimensions'])\npropertiesPanelObjectModel_1.proprietiesPanel.getPropPanel().within(function () {\n    cy.get(':nth-child(8) > :nth-child(2) > .bg-grey-600 > .flex-col').children().children().first().next().click({ force: true });\n    cy.get(':nth-child(8) > :nth-child(2) > .bg-grey-600 > .block > .mb-2 > .relative > .p-1').type('200', { force: true });\n});\nWebFormEditorObjectModel_1.webFormEditor.getWebFomEditorComp().should('have.css', 'border-bottom-right-radius', '200px');",
                      "err": {},
                      "uuid": "f0b7f189-78cc-4472-b25f-622612aba5e2",
                      "parentUUID": "ff09e1c6-645b-40be-a04a-a20ec047aaec",
                      "isHook": false,
                      "skipped": false
                    },
                    {
                      "title": "Makes a border-top-left-radius successfully",
                      "fullTitle": "Properties panel tests Style Border Radius Makes a border-top-left-radius successfully",
                      "timedOut": null,
                      "duration": 7991,
                      "state": "passed",
                      "speed": "slow",
                      "pass": true,
                      "fail": false,
                      "pending": false,
                      "context": null,
                      "code": "//proprietiesPanel.toggleElements(['Font', 'Appearance', 'Dimensions'])\npropertiesPanelObjectModel_1.proprietiesPanel.getPropPanel().within(function () {\n    cy.get(':nth-child(8) > :nth-child(2) > .bg-grey-600 > .flex-col').children().children().first().next().next().click({ force: true });\n    cy.get(':nth-child(8) > :nth-child(2) > .bg-grey-600 > .block > .mb-2 > .relative > .p-1').type('200', { force: true });\n});\nWebFormEditorObjectModel_1.webFormEditor.getWebFomEditorComp().should('have.css', 'border-top-left-radius', '200px');",
                      "err": {},
                      "uuid": "a4d47d76-d864-4887-8836-8e7d59d96391",
                      "parentUUID": "ff09e1c6-645b-40be-a04a-a20ec047aaec",
                      "isHook": false,
                      "skipped": false
                    },
                    {
                      "title": "Makes a border-bottom-left-radius successfully",
                      "fullTitle": "Properties panel tests Style Border Radius Makes a border-bottom-left-radius successfully",
                      "timedOut": null,
                      "duration": 8012,
                      "state": "passed",
                      "speed": "slow",
                      "pass": true,
                      "fail": false,
                      "pending": false,
                      "context": null,
                      "code": "//proprietiesPanel.toggleElements(['Font', 'Appearance', 'Dimensions'])\npropertiesPanelObjectModel_1.proprietiesPanel.getPropPanel().within(function () {\n    cy.get(':nth-child(8) > :nth-child(2) > .bg-grey-600 > .flex-col').children().children().last().prev().click({ force: true });\n    cy.get(':nth-child(8) > :nth-child(2) > .bg-grey-600 > .block > .mb-2 > .relative > .p-1').type('200', { force: true });\n});\nWebFormEditorObjectModel_1.webFormEditor.getWebFomEditorComp().should('have.css', 'border-bottom-left-radius', '200px');",
                      "err": {},
                      "uuid": "b7da9709-e335-423f-8662-f8b79ea92b5e",
                      "parentUUID": "ff09e1c6-645b-40be-a04a-a20ec047aaec",
                      "isHook": false,
                      "skipped": false
                    },
                    {
                      "title": "Makes a border-radius successfully",
                      "fullTitle": "Properties panel tests Style Border Radius Makes a border-radius successfully",
                      "timedOut": null,
                      "duration": 4070,
                      "state": "passed",
                      "speed": "slow",
                      "pass": true,
                      "fail": false,
                      "pending": false,
                      "context": null,
                      "code": "propertiesPanelObjectModel_1.proprietiesPanel.toggleElements(['Font', 'Appearance', 'Dimensions']);\npropertiesPanelObjectModel_1.proprietiesPanel.getPropPanel().within(function () {\n    cy.get(':nth-child(8) > :nth-child(2) > .bg-grey-600 > .flex-col').children().children().last().click({ force: true });\n    cy.get(':nth-child(8) > :nth-child(2) > .bg-grey-600 > .block > .mb-2 > .relative > .p-1').type('200', { force: true });\n});\nWebFormEditorObjectModel_1.webFormEditor.getWebFomEditorComp().should('have.css', 'border-radius', '200px');",
                      "err": {},
                      "uuid": "b28ec206-97f4-4daf-957a-f842080e77f1",
                      "parentUUID": "ff09e1c6-645b-40be-a04a-a20ec047aaec",
                      "isHook": false,
                      "skipped": false
                    }
                  ],
                  "suites": [],
                  "passes": [
                    "0aed75f5-6073-4802-ace9-fc09502951d5",
                    "dbe7d9c5-4593-4f81-84b2-eda1c9baddf8",
                    "f0b7f189-78cc-4472-b25f-622612aba5e2",
                    "a4d47d76-d864-4887-8836-8e7d59d96391",
                    "b7da9709-e335-423f-8662-f8b79ea92b5e",
                    "b28ec206-97f4-4daf-957a-f842080e77f1"
                  ],
                  "failures": [],
                  "pending": [],
                  "skipped": [],
                  "duration": 35576,
                  "root": false,
                  "rootEmpty": false,
                  "_timeout": 2000
                }
              ],
              "passes": [
                "b0700e61-a0b3-497e-a7a1-ad32c487063b"
              ],
              "failures": [],
              "pending": [],
              "skipped": [],
              "duration": 1546,
              "root": false,
              "rootEmpty": false,
              "_timeout": 2000
            }
          ],
          "passes": [],
          "failures": [],
          "pending": [],
          "skipped": [],
          "duration": 0,
          "root": false,
          "rootEmpty": false,
          "_timeout": 2000
        }
      ],
      "passes": [],
      "failures": [],
      "pending": [],
      "skipped": [],
      "duration": 0,
      "root": true,
      "rootEmpty": true,
      "_timeout": 2000
    }
  ],
  "meta": {
    "mocha": {
      "version": "7.0.1"
    },
    "mochawesome": {
      "options": {
        "quiet": false,
        "reportFilename": "mochawesome",
        "saveHtml": true,
        "saveJson": true,
        "consoleReporter": "spec",
        "useInlineDiffs": false,
        "code": true
      },
      "version": "6.2.2"
    },
    "marge": {
      "options": {
        "reportDir": "results",
        "overwrite": false,
        "html": true,
        "timestamp": "mmddyyyy_HHMMss",
        "showSkipped": true,
        "charts": true
      },
      "version": "5.2.0"
    }
  }
}