{
  "stats": {
    "suites": 1,
    "tests": 12,
    "passes": 12,
    "pending": 0,
    "failures": 0,
    "start": "2021-09-29T09:51:05.292Z",
    "end": "2021-09-29T09:51:32.625Z",
    "duration": 27333,
    "testsRegistered": 12,
    "passPercent": 100,
    "pendingPercent": 0,
    "other": 0,
    "hasOther": false,
    "skipped": 0,
    "hasSkipped": false
  },
  "results": [
    {
      "uuid": "0bc9a0ef-f8e0-49e2-8d86-862cfb6563af",
      "title": "",
      "fullFile": "cypress/tests/explorer.spec.ts",
      "file": "cypress/tests/explorer.spec.ts",
      "beforeHooks": [],
      "afterHooks": [],
      "tests": [],
      "suites": [
        {
          "uuid": "ab112c6b-bd95-4373-af9a-4208939e7620",
          "title": "Explorer Tests",
          "fullFile": "",
          "file": "",
          "beforeHooks": [],
          "afterHooks": [],
          "tests": [
            {
              "title": "gets all the explorer nodes successfully",
              "fullTitle": "Explorer Tests gets all the explorer nodes successfully",
              "timedOut": null,
              "duration": 2989,
              "state": "passed",
              "speed": "slow",
              "pass": true,
              "fail": false,
              "pending": false,
              "context": null,
              "code": "ExplorerObjectModel_1.explorer.doesAllNodesAppear();",
              "err": {},
              "uuid": "6bbeec60-8ad8-4ab3-99e0-793ecc10757f",
              "parentUUID": "ab112c6b-bd95-4373-af9a-4208939e7620",
              "isHook": false,
              "skipped": false
            },
            {
              "title": "Explorer collapses successfully",
              "fullTitle": "Explorer Tests Explorer collapses successfully",
              "timedOut": null,
              "duration": 486,
              "state": "passed",
              "speed": "slow",
              "pass": true,
              "fail": false,
              "pending": false,
              "context": null,
              "code": "ExplorerObjectModel_1.explorer.collapseExplorer();",
              "err": {},
              "uuid": "acb253bd-9cb4-4671-a5ee-66034498005f",
              "parentUUID": "ab112c6b-bd95-4373-af9a-4208939e7620",
              "isHook": false,
              "skipped": false
            },
            {
              "title": "Explorer search functionality works fine",
              "fullTitle": "Explorer Tests Explorer search functionality works fine",
              "timedOut": null,
              "duration": 812,
              "state": "passed",
              "speed": "slow",
              "pass": true,
              "fail": false,
              "pending": false,
              "context": null,
              "code": "ExplorerObjectModel_1.explorer.checkSearchFunctionality();",
              "err": {},
              "uuid": "d4378303-b247-4ccd-95cd-3333111b6c61",
              "parentUUID": "ab112c6b-bd95-4373-af9a-4208939e7620",
              "isHook": false,
              "skipped": false
            },
            {
              "title": "creates webform successfully",
              "fullTitle": "Explorer Tests creates webform successfully",
              "timedOut": null,
              "duration": 1190,
              "state": "passed",
              "speed": "slow",
              "pass": true,
              "fail": false,
              "pending": false,
              "context": null,
              "code": "ExplorerObjectModel_1.explorer.createNodeChildren('WebForms', 'webformForExplorerCreationTest');",
              "err": {},
              "uuid": "4a6e4e0b-4cc3-49d3-bf7e-0339a208f055",
              "parentUUID": "ab112c6b-bd95-4373-af9a-4208939e7620",
              "isHook": false,
              "skipped": false
            },
            {
              "title": "edits an existing webform name successfully",
              "fullTitle": "Explorer Tests edits an existing webform name successfully",
              "timedOut": null,
              "duration": 2895,
              "state": "passed",
              "speed": "slow",
              "pass": true,
              "fail": false,
              "pending": false,
              "context": null,
              "code": "ExplorerObjectModel_1.explorer.editNodeChildrenName('WebForms', 'webformForExplorerCreationTest', 'webformForExplorerCreationTestUpdated');",
              "err": {},
              "uuid": "6802fc8b-f23d-41bd-b04c-e0acb559de41",
              "parentUUID": "ab112c6b-bd95-4373-af9a-4208939e7620",
              "isHook": false,
              "skipped": false
            },
            {
              "title": "deletes webform successufully",
              "fullTitle": "Explorer Tests deletes webform successufully",
              "timedOut": null,
              "duration": 5880,
              "state": "passed",
              "speed": "slow",
              "pass": true,
              "fail": false,
              "pending": false,
              "context": null,
              "code": "ExplorerObjectModel_1.explorer.deleteNodeChildren('WebForms', 'webformForExplorerCreationTestUpdated');",
              "err": {},
              "uuid": "421a9a91-b9c4-4747-8c93-9e35ba600aaf",
              "parentUUID": "ab112c6b-bd95-4373-af9a-4208939e7620",
              "isHook": false,
              "skipped": false
            },
            {
              "title": "creates method successfully",
              "fullTitle": "Explorer Tests creates method successfully",
              "timedOut": null,
              "duration": 1472,
              "state": "passed",
              "speed": "slow",
              "pass": true,
              "fail": false,
              "pending": false,
              "context": null,
              "code": "ExplorerObjectModel_1.explorer.createNodeChildren('Methods', 'methodForExplorerTests');",
              "err": {},
              "uuid": "6036ab54-b43a-49a8-badd-749797f67705",
              "parentUUID": "ab112c6b-bd95-4373-af9a-4208939e7620",
              "isHook": false,
              "skipped": false
            },
            {
              "title": "edits an existing method name successfully",
              "fullTitle": "Explorer Tests edits an existing method name successfully",
              "timedOut": null,
              "duration": 2064,
              "state": "passed",
              "speed": "slow",
              "pass": true,
              "fail": false,
              "pending": false,
              "context": null,
              "code": "ExplorerObjectModel_1.explorer.editNodeChildrenName('Methods', 'methodForExplorerTests', 'methodForExplorerTestsUpdated');",
              "err": {},
              "uuid": "20d60b82-ff9b-4620-9ab4-cfb56fc2f87b",
              "parentUUID": "ab112c6b-bd95-4373-af9a-4208939e7620",
              "isHook": false,
              "skipped": false
            },
            {
              "title": "deletes method successfully",
              "fullTitle": "Explorer Tests deletes method successfully",
              "timedOut": null,
              "duration": 895,
              "state": "passed",
              "speed": "slow",
              "pass": true,
              "fail": false,
              "pending": false,
              "context": null,
              "code": "ExplorerObjectModel_1.explorer.deleteNodeChildren('Methods', 'methodForExplorerTestsUpdated');",
              "err": {},
              "uuid": "0396fec6-3f77-46c3-954f-afd45cda9c57",
              "parentUUID": "ab112c6b-bd95-4373-af9a-4208939e7620",
              "isHook": false,
              "skipped": false
            },
            {
              "title": "creates class successfully",
              "fullTitle": "Explorer Tests creates class successfully",
              "timedOut": null,
              "duration": 1185,
              "state": "passed",
              "speed": "slow",
              "pass": true,
              "fail": false,
              "pending": false,
              "context": null,
              "code": "ExplorerObjectModel_1.explorer.createNodeChildren('Classes', 'classForExplorerTests');",
              "err": {},
              "uuid": "ad344daa-f83d-44c2-9e32-ddc21b693427",
              "parentUUID": "ab112c6b-bd95-4373-af9a-4208939e7620",
              "isHook": false,
              "skipped": false
            },
            {
              "title": "edits an existing class name successfully",
              "fullTitle": "Explorer Tests edits an existing class name successfully",
              "timedOut": null,
              "duration": 1782,
              "state": "passed",
              "speed": "slow",
              "pass": true,
              "fail": false,
              "pending": false,
              "context": null,
              "code": "ExplorerObjectModel_1.explorer.editNodeChildrenName('Classes', 'classForExplorerTests', 'classForExplorerTestsUpdated');",
              "err": {},
              "uuid": "c1b1b1d9-f0fc-45d9-ad00-de00406a9b04",
              "parentUUID": "ab112c6b-bd95-4373-af9a-4208939e7620",
              "isHook": false,
              "skipped": false
            },
            {
              "title": "deletes class successfully",
              "fullTitle": "Explorer Tests deletes class successfully",
              "timedOut": null,
              "duration": 781,
              "state": "passed",
              "speed": "slow",
              "pass": true,
              "fail": false,
              "pending": false,
              "context": null,
              "code": "ExplorerObjectModel_1.explorer.deleteNodeChildren('Classes', 'classForExplorerTests');",
              "err": {},
              "uuid": "7615507b-4a11-4d7d-a3f5-851cd3e2701c",
              "parentUUID": "ab112c6b-bd95-4373-af9a-4208939e7620",
              "isHook": false,
              "skipped": false
            }
          ],
          "suites": [],
          "passes": [
            "6bbeec60-8ad8-4ab3-99e0-793ecc10757f",
            "acb253bd-9cb4-4671-a5ee-66034498005f",
            "d4378303-b247-4ccd-95cd-3333111b6c61",
            "4a6e4e0b-4cc3-49d3-bf7e-0339a208f055",
            "6802fc8b-f23d-41bd-b04c-e0acb559de41",
            "421a9a91-b9c4-4747-8c93-9e35ba600aaf",
            "6036ab54-b43a-49a8-badd-749797f67705",
            "20d60b82-ff9b-4620-9ab4-cfb56fc2f87b",
            "0396fec6-3f77-46c3-954f-afd45cda9c57",
            "ad344daa-f83d-44c2-9e32-ddc21b693427",
            "c1b1b1d9-f0fc-45d9-ad00-de00406a9b04",
            "7615507b-4a11-4d7d-a3f5-851cd3e2701c"
          ],
          "failures": [],
          "pending": [],
          "skipped": [],
          "duration": 22431,
          "root": false,
          "rootEmpty": false,
          "_timeout": 2000
        }
      ],
      "passes": [],
      "failures": [],
      "pending": [],
      "skipped": [],
      "duration": 0,
      "root": true,
      "rootEmpty": true,
      "_timeout": 2000
    }
  ],
  "meta": {
    "mocha": {
      "version": "7.0.1"
    },
    "mochawesome": {
      "options": {
        "quiet": false,
        "reportFilename": "mochawesome",
        "saveHtml": true,
        "saveJson": true,
        "consoleReporter": "spec",
        "useInlineDiffs": false,
        "code": true
      },
      "version": "6.2.2"
    },
    "marge": {
      "options": {
        "reportDir": "results",
        "overwrite": false,
        "html": true,
        "timestamp": "mmddyyyy_HHMMss",
        "showSkipped": true,
        "charts": true
      },
      "version": "5.2.0"
    }
  }
}