{
  "stats": {
    "suites": 1,
    "tests": 12,
    "passes": 12,
    "pending": 0,
    "failures": 0,
    "start": "2021-09-28T17:09:42.854Z",
    "end": "2021-09-28T17:10:04.740Z",
    "duration": 21886,
    "testsRegistered": 12,
    "passPercent": 100,
    "pendingPercent": 0,
    "other": 0,
    "hasOther": false,
    "skipped": 0,
    "hasSkipped": false
  },
  "results": [
    {
      "uuid": "9c77f771-39f7-4bd5-a278-690878f157f4",
      "title": "",
      "fullFile": "cypress/tests/explorer.spec.ts",
      "file": "cypress/tests/explorer.spec.ts",
      "beforeHooks": [],
      "afterHooks": [],
      "tests": [],
      "suites": [
        {
          "uuid": "ad3130b7-10e8-4913-9f85-3a1380a50357",
          "title": "Explorer Tests",
          "fullFile": "",
          "file": "",
          "beforeHooks": [],
          "afterHooks": [],
          "tests": [
            {
              "title": "gets all the explorer nodes successfully",
              "fullTitle": "Explorer Tests gets all the explorer nodes successfully",
              "timedOut": null,
              "duration": 3226,
              "state": "passed",
              "speed": "slow",
              "pass": true,
              "fail": false,
              "pending": false,
              "context": null,
              "code": "ExplorerObjectModel_1.explorer.doesAllNodesAppear();",
              "err": {},
              "uuid": "29a6e93e-fe28-44ad-963a-0704dfef1798",
              "parentUUID": "ad3130b7-10e8-4913-9f85-3a1380a50357",
              "isHook": false,
              "skipped": false
            },
            {
              "title": "Explorer collapses successfully",
              "fullTitle": "Explorer Tests Explorer collapses successfully",
              "timedOut": null,
              "duration": 488,
              "state": "passed",
              "speed": "slow",
              "pass": true,
              "fail": false,
              "pending": false,
              "context": null,
              "code": "ExplorerObjectModel_1.explorer.collapseExplorer();",
              "err": {},
              "uuid": "1168512b-683f-4855-b786-f2484d6c829c",
              "parentUUID": "ad3130b7-10e8-4913-9f85-3a1380a50357",
              "isHook": false,
              "skipped": false
            },
            {
              "title": "Explorer search functionality works fine",
              "fullTitle": "Explorer Tests Explorer search functionality works fine",
              "timedOut": null,
              "duration": 813,
              "state": "passed",
              "speed": "slow",
              "pass": true,
              "fail": false,
              "pending": false,
              "context": null,
              "code": "ExplorerObjectModel_1.explorer.checkSearchFunctionality();",
              "err": {},
              "uuid": "0617ef06-3744-46a4-8115-cc02b0ef7dfb",
              "parentUUID": "ad3130b7-10e8-4913-9f85-3a1380a50357",
              "isHook": false,
              "skipped": false
            },
            {
              "title": "creates webform successfully",
              "fullTitle": "Explorer Tests creates webform successfully",
              "timedOut": null,
              "duration": 1644,
              "state": "passed",
              "speed": "slow",
              "pass": true,
              "fail": false,
              "pending": false,
              "context": null,
              "code": "ExplorerObjectModel_1.explorer.createNodeChildren('WebForms', 'webformForExplorerCreationTest');",
              "err": {},
              "uuid": "1b1b2ed7-c41e-4185-ba6d-027467f4f04b",
              "parentUUID": "ad3130b7-10e8-4913-9f85-3a1380a50357",
              "isHook": false,
              "skipped": false
            },
            {
              "title": "edits an existing webform name successfully",
              "fullTitle": "Explorer Tests edits an existing webform name successfully",
              "timedOut": null,
              "duration": 2580,
              "state": "passed",
              "speed": "slow",
              "pass": true,
              "fail": false,
              "pending": false,
              "context": null,
              "code": "ExplorerObjectModel_1.explorer.editNodeChildrenName('WebForms', 'webformForExplorerCreationTest', 'webformForExplorerCreationTestUpdated');",
              "err": {},
              "uuid": "4c622dfc-42f9-4821-bf79-d15df98996b2",
              "parentUUID": "ad3130b7-10e8-4913-9f85-3a1380a50357",
              "isHook": false,
              "skipped": false
            },
            {
              "title": "deletes webform successufully",
              "fullTitle": "Explorer Tests deletes webform successufully",
              "timedOut": null,
              "duration": 957,
              "state": "passed",
              "speed": "slow",
              "pass": true,
              "fail": false,
              "pending": false,
              "context": null,
              "code": "ExplorerObjectModel_1.explorer.deleteNodeChildren('WebForms', 'webformForExplorerCreationTestUpdated');",
              "err": {},
              "uuid": "0ea1d40c-a130-463a-8d55-a0a51cb51b5b",
              "parentUUID": "ad3130b7-10e8-4913-9f85-3a1380a50357",
              "isHook": false,
              "skipped": false
            },
            {
              "title": "creates method successfully",
              "fullTitle": "Explorer Tests creates method successfully",
              "timedOut": null,
              "duration": 1188,
              "state": "passed",
              "speed": "slow",
              "pass": true,
              "fail": false,
              "pending": false,
              "context": null,
              "code": "ExplorerObjectModel_1.explorer.createNodeChildren('Methods', 'methodForExplorerTests');",
              "err": {},
              "uuid": "a91761ab-12da-4de3-b870-a1c9dd8a35dd",
              "parentUUID": "ad3130b7-10e8-4913-9f85-3a1380a50357",
              "isHook": false,
              "skipped": false
            },
            {
              "title": "edits an existing method name successfully",
              "fullTitle": "Explorer Tests edits an existing method name successfully",
              "timedOut": null,
              "duration": 2107,
              "state": "passed",
              "speed": "slow",
              "pass": true,
              "fail": false,
              "pending": false,
              "context": null,
              "code": "ExplorerObjectModel_1.explorer.editNodeChildrenName('Methods', 'methodForExplorerTests', 'methodForExplorerTestsUpdated');",
              "err": {},
              "uuid": "bfeae27f-5240-445d-8260-e70f95785452",
              "parentUUID": "ad3130b7-10e8-4913-9f85-3a1380a50357",
              "isHook": false,
              "skipped": false
            },
            {
              "title": "deletes method successfully",
              "fullTitle": "Explorer Tests deletes method successfully",
              "timedOut": null,
              "duration": 876,
              "state": "passed",
              "speed": "slow",
              "pass": true,
              "fail": false,
              "pending": false,
              "context": null,
              "code": "ExplorerObjectModel_1.explorer.deleteNodeChildren('Methods', 'methodForExplorerTestsUpdated');",
              "err": {},
              "uuid": "b156ec66-b79d-4db6-9efd-1752016b52ce",
              "parentUUID": "ad3130b7-10e8-4913-9f85-3a1380a50357",
              "isHook": false,
              "skipped": false
            },
            {
              "title": "creates class successfully",
              "fullTitle": "Explorer Tests creates class successfully",
              "timedOut": null,
              "duration": 1006,
              "state": "passed",
              "speed": "slow",
              "pass": true,
              "fail": false,
              "pending": false,
              "context": null,
              "code": "ExplorerObjectModel_1.explorer.createNodeChildren('Classes', 'classForExplorerTests');",
              "err": {},
              "uuid": "34a5dc8e-afbf-408b-b9a8-c8810f1cf852",
              "parentUUID": "ad3130b7-10e8-4913-9f85-3a1380a50357",
              "isHook": false,
              "skipped": false
            },
            {
              "title": "edits an existing class name successfully",
              "fullTitle": "Explorer Tests edits an existing class name successfully",
              "timedOut": null,
              "duration": 1773,
              "state": "passed",
              "speed": "slow",
              "pass": true,
              "fail": false,
              "pending": false,
              "context": null,
              "code": "ExplorerObjectModel_1.explorer.editNodeChildrenName('Classes', 'classForExplorerTests', 'classForExplorerTestsUpdated');",
              "err": {},
              "uuid": "261416a6-6b45-4dd0-81a6-831ef3188e19",
              "parentUUID": "ad3130b7-10e8-4913-9f85-3a1380a50357",
              "isHook": false,
              "skipped": false
            },
            {
              "title": "deletes class successfully",
              "fullTitle": "Explorer Tests deletes class successfully",
              "timedOut": null,
              "duration": 961,
              "state": "passed",
              "speed": "slow",
              "pass": true,
              "fail": false,
              "pending": false,
              "context": null,
              "code": "ExplorerObjectModel_1.explorer.deleteNodeChildren('Classes', 'classForExplorerTests');",
              "err": {},
              "uuid": "a082c500-dc32-4e64-81c8-c8f529369a8c",
              "parentUUID": "ad3130b7-10e8-4913-9f85-3a1380a50357",
              "isHook": false,
              "skipped": false
            }
          ],
          "suites": [],
          "passes": [
            "29a6e93e-fe28-44ad-963a-0704dfef1798",
            "1168512b-683f-4855-b786-f2484d6c829c",
            "0617ef06-3744-46a4-8115-cc02b0ef7dfb",
            "1b1b2ed7-c41e-4185-ba6d-027467f4f04b",
            "4c622dfc-42f9-4821-bf79-d15df98996b2",
            "0ea1d40c-a130-463a-8d55-a0a51cb51b5b",
            "a91761ab-12da-4de3-b870-a1c9dd8a35dd",
            "bfeae27f-5240-445d-8260-e70f95785452",
            "b156ec66-b79d-4db6-9efd-1752016b52ce",
            "34a5dc8e-afbf-408b-b9a8-c8810f1cf852",
            "261416a6-6b45-4dd0-81a6-831ef3188e19",
            "a082c500-dc32-4e64-81c8-c8f529369a8c"
          ],
          "failures": [],
          "pending": [],
          "skipped": [],
          "duration": 17619,
          "root": false,
          "rootEmpty": false,
          "_timeout": 2000
        }
      ],
      "passes": [],
      "failures": [],
      "pending": [],
      "skipped": [],
      "duration": 0,
      "root": true,
      "rootEmpty": true,
      "_timeout": 2000
    }
  ],
  "meta": {
    "mocha": {
      "version": "7.0.1"
    },
    "mochawesome": {
      "options": {
        "quiet": false,
        "reportFilename": "mochawesome",
        "saveHtml": true,
        "saveJson": true,
        "consoleReporter": "spec",
        "useInlineDiffs": false,
        "code": true
      },
      "version": "6.2.2"
    },
    "marge": {
      "options": {
        "reportDir": "results",
        "overwrite": false,
        "html": true,
        "timestamp": "mmddyyyy_HHMMss",
        "showSkipped": true,
        "charts": true
      },
      "version": "5.2.0"
    }
  }
}