{
  "stats": {
    "suites": 3,
    "tests": 11,
    "passes": 5,
    "pending": 0,
    "failures": 6,
    "start": "2021-09-28T14:01:43.852Z",
    "end": "2021-09-28T14:04:33.599Z",
    "duration": 169747,
    "testsRegistered": 11,
    "passPercent": 45.45454545454545,
    "pendingPercent": 0,
    "other": 0,
    "hasOther": false,
    "skipped": 0,
    "hasSkipped": false
  },
  "results": [
    {
      "uuid": "3eda95d7-4407-48fc-a4cc-b8a2b92d2f17",
      "title": "",
      "fullFile": "cypress/tests/propertiesPanel.spec.ts",
      "file": "cypress/tests/propertiesPanel.spec.ts",
      "beforeHooks": [],
      "afterHooks": [],
      "tests": [],
      "suites": [
        {
          "uuid": "5f1c09d5-c915-47a7-9d11-ef5ab06f2862",
          "title": "Properties panel tests",
          "fullFile": "",
          "file": "",
          "beforeHooks": [],
          "afterHooks": [],
          "tests": [],
          "suites": [
            {
              "uuid": "69bb2093-07ed-49c3-81d9-15363a17b812",
              "title": "Style",
              "fullFile": "",
              "file": "",
              "beforeHooks": [],
              "afterHooks": [],
              "tests": [],
              "suites": [
                {
                  "uuid": "2e48712f-a7ef-47d7-8524-724189d724f6",
                  "title": "Appearance",
                  "fullFile": "",
                  "file": "",
                  "beforeHooks": [],
                  "afterHooks": [],
                  "tests": [
                    {
                      "title": "Toggles Appearance section successfully",
                      "fullTitle": "Properties panel tests Style Appearance Toggles Appearance section successfully",
                      "timedOut": null,
                      "duration": 4830,
                      "state": "passed",
                      "speed": "slow",
                      "pass": true,
                      "fail": false,
                      "pending": false,
                      "context": null,
                      "code": "propertiesPanelObjectModel_1.proprietiesPanel.toggleSection('Appearance');\npropertiesPanelObjectModel_1.proprietiesPanel.getPropPanel().within(function () {\n    cy.contains('Position').should('not.exist');\n    cy.contains('Cursor').should('not.exist');\n});\npropertiesPanelObjectModel_1.proprietiesPanel.toggleSection('Appearance');\npropertiesPanelObjectModel_1.proprietiesPanel.getPropPanel().within(function () {\n    cy.contains('Position').should('exist');\n    cy.contains('Cursor').should('exist');\n});",
                      "err": {},
                      "uuid": "988cb821-cab6-473c-8678-2617dcdeb3c1",
                      "parentUUID": "2e48712f-a7ef-47d7-8524-724189d724f6",
                      "isHook": false,
                      "skipped": false
                    },
                    {
                      "title": "All the elements exist and appear successfully",
                      "fullTitle": "Properties panel tests Style Appearance All the elements exist and appear successfully",
                      "timedOut": null,
                      "duration": 1412,
                      "state": "passed",
                      "speed": "slow",
                      "pass": true,
                      "fail": false,
                      "pending": false,
                      "context": null,
                      "code": "propertiesPanelObjectModel_1.proprietiesPanel.getPropPanel().within(function () {\n    cy.contains('Position').should('be.visible').next().should('be.visible').should('have.text', 'static');\n    cy.contains('Cursor').should('be.visible').next().should('be.visible').should('have.text', 'auto');\n    cy.contains('Overflow').should('be.visible').next().should('be.visible').should('have.text', 'visible');\n    cy.contains('Display').should('be.visible');\n});",
                      "err": {},
                      "uuid": "cc8b7919-f1e7-4479-8aa2-e0ef10376fc7",
                      "parentUUID": "2e48712f-a7ef-47d7-8524-724189d724f6",
                      "isHook": false,
                      "skipped": false
                    },
                    {
                      "title": "Selects a position type successfully",
                      "fullTitle": "Properties panel tests Style Appearance Selects a position type successfully",
                      "timedOut": null,
                      "duration": 2368,
                      "state": "passed",
                      "speed": "slow",
                      "pass": true,
                      "fail": false,
                      "pending": false,
                      "context": null,
                      "code": "propertiesPanelObjectModel_1.proprietiesPanel.chooseAttributeValue('Position', 'Relative');",
                      "err": {},
                      "uuid": "30ca5764-ebfe-443e-9517-88a1ef6c9e29",
                      "parentUUID": "2e48712f-a7ef-47d7-8524-724189d724f6",
                      "isHook": false,
                      "skipped": false
                    },
                    {
                      "title": "Selects the cursor type successfully",
                      "fullTitle": "Properties panel tests Style Appearance Selects the cursor type successfully",
                      "timedOut": null,
                      "duration": 1719,
                      "state": "passed",
                      "speed": "slow",
                      "pass": true,
                      "fail": false,
                      "pending": false,
                      "context": null,
                      "code": "propertiesPanelObjectModel_1.proprietiesPanel.chooseAttributeValue('Cursor', 'Move');",
                      "err": {},
                      "uuid": "1ad1402c-58d8-46af-ae85-789b7f733491",
                      "parentUUID": "2e48712f-a7ef-47d7-8524-724189d724f6",
                      "isHook": false,
                      "skipped": false
                    },
                    {
                      "title": "Selects the overflow type  successfully",
                      "fullTitle": "Properties panel tests Style Appearance Selects the overflow type  successfully",
                      "timedOut": null,
                      "duration": 1608,
                      "state": "passed",
                      "speed": "slow",
                      "pass": true,
                      "fail": false,
                      "pending": false,
                      "context": null,
                      "code": "propertiesPanelObjectModel_1.proprietiesPanel.chooseAttributeValue('Overflow', 'Hidden');",
                      "err": {},
                      "uuid": "c8b0c0d3-261d-4ac9-9616-b55668e423a5",
                      "parentUUID": "2e48712f-a7ef-47d7-8524-724189d724f6",
                      "isHook": false,
                      "skipped": false
                    },
                    {
                      "title": "Resets default value from the X button",
                      "fullTitle": "Properties panel tests Style Appearance Resets default value from the X button",
                      "timedOut": null,
                      "duration": 12815,
                      "state": "failed",
                      "speed": null,
                      "pass": false,
                      "fail": true,
                      "pending": false,
                      "context": null,
                      "code": "propertiesPanelObjectModel_1.proprietiesPanel.chooseAttributeValue('Overflow', 'Hidden');\npropertiesPanelObjectModel_1.proprietiesPanel.getPropPanel().within(function () {\n    cy.contains('Overflow').next().within(function () {\n        cy.get(':nth-child(1) > .css-8mmkcg').click();\n    });\n});\nWebFormEditorObjectModel_1.webFormEditor.getWebFomEditorComp().should('not.have.css', 'overflow', 'hidden');",
                      "err": {
                        "message": "CypressError: Timed out retrying after 10050ms: `cy.click()` failed because this element:\n\n`<svg height=\"20\" width=\"20\" viewBox=\"0 0 20 20\" aria-hidden=\"true\" focusable=\"false\" class=\"css-8mmkcg\">...</svg>`\n\nis being covered by another element:\n\n`<div class=\"absolute inset-0 z-40\"></div>`\n\nFix this problem, or use {force: true} to disable error checking.\n\nhttps://on.cypress.io/element-cannot-be-interacted-with",
                        "estack": "CypressError: Timed out retrying after 10050ms: `cy.click()` failed because this element:\n\n`<svg height=\"20\" width=\"20\" viewBox=\"0 0 20 20\" aria-hidden=\"true\" focusable=\"false\" class=\"css-8mmkcg\">...</svg>`\n\nis being covered by another element:\n\n`<div class=\"absolute inset-0 z-40\"></div>`\n\nFix this problem, or use {force: true} to disable error checking.\n\nhttps://on.cypress.io/element-cannot-be-interacted-with\n    at $Cy.ensureDescendents (https://192.168.221.45:7443/__cypress/runner/cypress_runner.js:148556:26)\n    at ensureDescendents (https://192.168.221.45:7443/__cypress/runner/cypress_runner.js:135786:8)\n    at ensureDescendentsAndScroll (https://192.168.221.45:7443/__cypress/runner/cypress_runner.js:135793:14)\n    at ensureElIsNotCovered (https://192.168.221.45:7443/__cypress/runner/cypress_runner.js:135927:5)\n    at runAllChecks (https://192.168.221.45:7443/__cypress/runner/cypress_runner.js:136114:52)\n    at retryActionability (https://192.168.221.45:7443/__cypress/runner/cypress_runner.js:136137:16)\n    at tryCatcher (https://192.168.221.45:7443/__cypress/runner/cypress_runner.js:13212:23)\n    at Function.Promise.attempt.Promise.try (https://192.168.221.45:7443/__cypress/runner/cypress_runner.js:10486:29)\n    at tryFn (https://192.168.221.45:7443/__cypress/runner/cypress_runner.js:153198:21)\n    at whenStable (https://192.168.221.45:7443/__cypress/runner/cypress_runner.js:153236:12)\n    at https://192.168.221.45:7443/__cypress/runner/cypress_runner.js:152728:16\n    at tryCatcher (https://192.168.221.45:7443/__cypress/runner/cypress_runner.js:13212:23)\n    at Promise._settlePromiseFromHandler (https://192.168.221.45:7443/__cypress/runner/cypress_runner.js:11147:31)\n    at Promise._settlePromise (https://192.168.221.45:7443/__cypress/runner/cypress_runner.js:11204:18)\n    at Promise._settlePromise0 (https://192.168.221.45:7443/__cypress/runner/cypress_runner.js:11249:10)\n    at Promise._settlePromises (https://192.168.221.45:7443/__cypress/runner/cypress_runner.js:11329:18)\nFrom Your Spec Code:\n    at Context.eval (https://192.168.221.45:7443/__cypress/tests?p=cypress\\tests\\propertiesPanel.spec.ts:870:63)",
                        "diff": null
                      },
                      "uuid": "32d20511-42f8-4014-aa26-76ede5f14d00",
                      "parentUUID": "2e48712f-a7ef-47d7-8524-724189d724f6",
                      "isHook": false,
                      "skipped": false
                    },
                    {
                      "title": "Dispaly propertie: display Block works fine",
                      "fullTitle": "Properties panel tests Style Appearance Dispaly propertie: display Block works fine",
                      "timedOut": null,
                      "duration": 12254,
                      "state": "failed",
                      "speed": null,
                      "pass": false,
                      "fail": true,
                      "pending": false,
                      "context": null,
                      "code": "propertiesPanelObjectModel_1.proprietiesPanel.getPropPanel().within(function () {\n    cy.contains('Display').next().children().first().click();\n});\nWebFormEditorObjectModel_1.webFormEditor.getWebFomEditorComp().should('have.css', 'display', 'block');",
                      "err": {
                        "message": "CypressError: Timed out retrying after 10050ms: `cy.click()` failed because this element:\n\n`<label class=\"rounded p-1 hover:bg-gray-600 css-0\">...</label>`\n\nis being covered by another element:\n\n`<div class=\"absolute inset-0 z-40\"></div>`\n\nFix this problem, or use {force: true} to disable error checking.\n\nhttps://on.cypress.io/element-cannot-be-interacted-with",
                        "estack": "CypressError: Timed out retrying after 10050ms: `cy.click()` failed because this element:\n\n`<label class=\"rounded p-1 hover:bg-gray-600 css-0\">...</label>`\n\nis being covered by another element:\n\n`<div class=\"absolute inset-0 z-40\"></div>`\n\nFix this problem, or use {force: true} to disable error checking.\n\nhttps://on.cypress.io/element-cannot-be-interacted-with\n    at $Cy.ensureDescendents (https://192.168.221.45:7443/__cypress/runner/cypress_runner.js:148556:26)\n    at ensureDescendents (https://192.168.221.45:7443/__cypress/runner/cypress_runner.js:135786:8)\n    at ensureDescendentsAndScroll (https://192.168.221.45:7443/__cypress/runner/cypress_runner.js:135793:14)\n    at ensureElIsNotCovered (https://192.168.221.45:7443/__cypress/runner/cypress_runner.js:135927:5)\n    at runAllChecks (https://192.168.221.45:7443/__cypress/runner/cypress_runner.js:136114:52)\n    at retryActionability (https://192.168.221.45:7443/__cypress/runner/cypress_runner.js:136137:16)\n    at tryCatcher (https://192.168.221.45:7443/__cypress/runner/cypress_runner.js:13212:23)\n    at Function.Promise.attempt.Promise.try (https://192.168.221.45:7443/__cypress/runner/cypress_runner.js:10486:29)\n    at tryFn (https://192.168.221.45:7443/__cypress/runner/cypress_runner.js:153198:21)\n    at whenStable (https://192.168.221.45:7443/__cypress/runner/cypress_runner.js:153236:12)\n    at https://192.168.221.45:7443/__cypress/runner/cypress_runner.js:152728:16\n    at tryCatcher (https://192.168.221.45:7443/__cypress/runner/cypress_runner.js:13212:23)\n    at Promise._settlePromiseFromHandler (https://192.168.221.45:7443/__cypress/runner/cypress_runner.js:11147:31)\n    at Promise._settlePromise (https://192.168.221.45:7443/__cypress/runner/cypress_runner.js:11204:18)\n    at Promise._settlePromise0 (https://192.168.221.45:7443/__cypress/runner/cypress_runner.js:11249:10)\n    at Promise._settlePromises (https://192.168.221.45:7443/__cypress/runner/cypress_runner.js:11329:18)\nFrom Your Spec Code:\n    at Context.eval (https://192.168.221.45:7443/__cypress/tests?p=cypress\\tests\\propertiesPanel.spec.ts:877:70)",
                        "diff": null
                      },
                      "uuid": "85e8da0f-c9d5-4a20-b61d-1e66e6e4537d",
                      "parentUUID": "2e48712f-a7ef-47d7-8524-724189d724f6",
                      "isHook": false,
                      "skipped": false
                    },
                    {
                      "title": "Dispaly propertie: display flex works fine",
                      "fullTitle": "Properties panel tests Style Appearance Dispaly propertie: display flex works fine",
                      "timedOut": null,
                      "duration": 12804,
                      "state": "failed",
                      "speed": null,
                      "pass": false,
                      "fail": true,
                      "pending": false,
                      "context": null,
                      "code": "propertiesPanelObjectModel_1.proprietiesPanel.getPropPanel().within(function () {\n    cy.contains('Display').next().children().first().next().click();\n    cy.contains('Direction').next().click().type('{downarrow}').type('{enter}');\n    // Horizontal XXXXXXXXXXXXXXXXXX\n    cy.contains('Justify').next().children().first().next().click();\n    cy.contains('Align').next().children().first().next().click();\n});\nWebFormEditorObjectModel_1.webFormEditor.getWebFomEditorComp().should('have.css', 'display', 'flex');\nWebFormEditorObjectModel_1.webFormEditor.getWebFomEditorComp().should('have.css', 'flex-direction', 'row');\nWebFormEditorObjectModel_1.webFormEditor.getWebFomEditorComp().should('have.css', 'justify-content', 'flex-end');\nWebFormEditorObjectModel_1.webFormEditor.getWebFomEditorComp().should('have.css', 'align-items', 'end');",
                      "err": {
                        "message": "CypressError: Timed out retrying after 10050ms: `cy.click()` failed because this element:\n\n`<label class=\"rounded p-1 hover:bg-gray-600 css-0\">...</label>`\n\nis being covered by another element:\n\n`<div class=\"absolute inset-0 z-40\"></div>`\n\nFix this problem, or use {force: true} to disable error checking.\n\nhttps://on.cypress.io/element-cannot-be-interacted-with",
                        "estack": "CypressError: Timed out retrying after 10050ms: `cy.click()` failed because this element:\n\n`<label class=\"rounded p-1 hover:bg-gray-600 css-0\">...</label>`\n\nis being covered by another element:\n\n`<div class=\"absolute inset-0 z-40\"></div>`\n\nFix this problem, or use {force: true} to disable error checking.\n\nhttps://on.cypress.io/element-cannot-be-interacted-with\n    at $Cy.ensureDescendents (https://192.168.221.45:7443/__cypress/runner/cypress_runner.js:148556:26)\n    at ensureDescendents (https://192.168.221.45:7443/__cypress/runner/cypress_runner.js:135786:8)\n    at ensureDescendentsAndScroll (https://192.168.221.45:7443/__cypress/runner/cypress_runner.js:135793:14)\n    at ensureElIsNotCovered (https://192.168.221.45:7443/__cypress/runner/cypress_runner.js:135927:5)\n    at runAllChecks (https://192.168.221.45:7443/__cypress/runner/cypress_runner.js:136114:52)\n    at retryActionability (https://192.168.221.45:7443/__cypress/runner/cypress_runner.js:136137:16)\n    at tryCatcher (https://192.168.221.45:7443/__cypress/runner/cypress_runner.js:13212:23)\n    at Function.Promise.attempt.Promise.try (https://192.168.221.45:7443/__cypress/runner/cypress_runner.js:10486:29)\n    at tryFn (https://192.168.221.45:7443/__cypress/runner/cypress_runner.js:153198:21)\n    at whenStable (https://192.168.221.45:7443/__cypress/runner/cypress_runner.js:153236:12)\n    at https://192.168.221.45:7443/__cypress/runner/cypress_runner.js:152728:16\n    at tryCatcher (https://192.168.221.45:7443/__cypress/runner/cypress_runner.js:13212:23)\n    at Promise._settlePromiseFromHandler (https://192.168.221.45:7443/__cypress/runner/cypress_runner.js:11147:31)\n    at Promise._settlePromise (https://192.168.221.45:7443/__cypress/runner/cypress_runner.js:11204:18)\n    at Promise._settlePromise0 (https://192.168.221.45:7443/__cypress/runner/cypress_runner.js:11249:10)\n    at Promise._settlePromises (https://192.168.221.45:7443/__cypress/runner/cypress_runner.js:11329:18)\nFrom Your Spec Code:\n    at Context.eval (https://192.168.221.45:7443/__cypress/tests?p=cypress\\tests\\propertiesPanel.spec.ts:883:77)",
                        "diff": null
                      },
                      "uuid": "610a6696-b054-4671-ab30-cce692fb0d46",
                      "parentUUID": "2e48712f-a7ef-47d7-8524-724189d724f6",
                      "isHook": false,
                      "skipped": false
                    },
                    {
                      "title": "Dispaly propertie: display inline works fine",
                      "fullTitle": "Properties panel tests Style Appearance Dispaly propertie: display inline works fine",
                      "timedOut": null,
                      "duration": 12304,
                      "state": "failed",
                      "speed": null,
                      "pass": false,
                      "fail": true,
                      "pending": false,
                      "context": null,
                      "code": "propertiesPanelObjectModel_1.proprietiesPanel.getPropPanel().within(function () {\n    cy.contains('Display').next().children().first().next().next().click();\n});\nWebFormEditorObjectModel_1.webFormEditor.getWebFomEditorComp().should('have.css', 'display', 'inline');",
                      "err": {
                        "message": "CypressError: Timed out retrying after 10050ms: `cy.click()` failed because this element:\n\n`<label class=\"rounded p-1 hover:bg-gray-600 css-0\">...</label>`\n\nis being covered by another element:\n\n`<div class=\"absolute inset-0 z-40\"></div>`\n\nFix this problem, or use {force: true} to disable error checking.\n\nhttps://on.cypress.io/element-cannot-be-interacted-with",
                        "estack": "CypressError: Timed out retrying after 10050ms: `cy.click()` failed because this element:\n\n`<label class=\"rounded p-1 hover:bg-gray-600 css-0\">...</label>`\n\nis being covered by another element:\n\n`<div class=\"absolute inset-0 z-40\"></div>`\n\nFix this problem, or use {force: true} to disable error checking.\n\nhttps://on.cypress.io/element-cannot-be-interacted-with\n    at $Cy.ensureDescendents (https://192.168.221.45:7443/__cypress/runner/cypress_runner.js:148556:26)\n    at ensureDescendents (https://192.168.221.45:7443/__cypress/runner/cypress_runner.js:135786:8)\n    at ensureDescendentsAndScroll (https://192.168.221.45:7443/__cypress/runner/cypress_runner.js:135793:14)\n    at ensureElIsNotCovered (https://192.168.221.45:7443/__cypress/runner/cypress_runner.js:135927:5)\n    at runAllChecks (https://192.168.221.45:7443/__cypress/runner/cypress_runner.js:136114:52)\n    at retryActionability (https://192.168.221.45:7443/__cypress/runner/cypress_runner.js:136137:16)\n    at tryCatcher (https://192.168.221.45:7443/__cypress/runner/cypress_runner.js:13212:23)\n    at Function.Promise.attempt.Promise.try (https://192.168.221.45:7443/__cypress/runner/cypress_runner.js:10486:29)\n    at tryFn (https://192.168.221.45:7443/__cypress/runner/cypress_runner.js:153198:21)\n    at whenStable (https://192.168.221.45:7443/__cypress/runner/cypress_runner.js:153236:12)\n    at https://192.168.221.45:7443/__cypress/runner/cypress_runner.js:152728:16\n    at tryCatcher (https://192.168.221.45:7443/__cypress/runner/cypress_runner.js:13212:23)\n    at Promise._settlePromiseFromHandler (https://192.168.221.45:7443/__cypress/runner/cypress_runner.js:11147:31)\n    at Promise._settlePromise (https://192.168.221.45:7443/__cypress/runner/cypress_runner.js:11204:18)\n    at Promise._settlePromise0 (https://192.168.221.45:7443/__cypress/runner/cypress_runner.js:11249:10)\n    at Promise._settlePromises (https://192.168.221.45:7443/__cypress/runner/cypress_runner.js:11329:18)\nFrom Your Spec Code:\n    at Context.eval (https://192.168.221.45:7443/__cypress/tests?p=cypress\\tests\\propertiesPanel.spec.ts:896:84)",
                        "diff": null
                      },
                      "uuid": "0bbd56e5-a5bf-473f-92c0-002259a122ba",
                      "parentUUID": "2e48712f-a7ef-47d7-8524-724189d724f6",
                      "isHook": false,
                      "skipped": false
                    },
                    {
                      "title": "Dispaly propertie: display inline-block works fine",
                      "fullTitle": "Properties panel tests Style Appearance Dispaly propertie: display inline-block works fine",
                      "timedOut": null,
                      "duration": 13060,
                      "state": "failed",
                      "speed": null,
                      "pass": false,
                      "fail": true,
                      "pending": false,
                      "context": null,
                      "code": "propertiesPanelObjectModel_1.proprietiesPanel.getPropPanel().within(function () {\n    cy.contains('Display').next().children().first().next().next().next().click();\n});\nWebFormEditorObjectModel_1.webFormEditor.getWebFomEditorComp().should('have.css', 'display', 'inline-block');",
                      "err": {
                        "message": "CypressError: Timed out retrying after 10050ms: `cy.click()` failed because this element:\n\n`<label class=\"rounded p-1 hover:bg-gray-600 css-0\">...</label>`\n\nis being covered by another element:\n\n`<div class=\"absolute inset-0 z-40\"></div>`\n\nFix this problem, or use {force: true} to disable error checking.\n\nhttps://on.cypress.io/element-cannot-be-interacted-with",
                        "estack": "CypressError: Timed out retrying after 10050ms: `cy.click()` failed because this element:\n\n`<label class=\"rounded p-1 hover:bg-gray-600 css-0\">...</label>`\n\nis being covered by another element:\n\n`<div class=\"absolute inset-0 z-40\"></div>`\n\nFix this problem, or use {force: true} to disable error checking.\n\nhttps://on.cypress.io/element-cannot-be-interacted-with\n    at $Cy.ensureDescendents (https://192.168.221.45:7443/__cypress/runner/cypress_runner.js:148556:26)\n    at ensureDescendents (https://192.168.221.45:7443/__cypress/runner/cypress_runner.js:135786:8)\n    at ensureDescendentsAndScroll (https://192.168.221.45:7443/__cypress/runner/cypress_runner.js:135793:14)\n    at ensureElIsNotCovered (https://192.168.221.45:7443/__cypress/runner/cypress_runner.js:135927:5)\n    at runAllChecks (https://192.168.221.45:7443/__cypress/runner/cypress_runner.js:136114:52)\n    at retryActionability (https://192.168.221.45:7443/__cypress/runner/cypress_runner.js:136137:16)\n    at tryCatcher (https://192.168.221.45:7443/__cypress/runner/cypress_runner.js:13212:23)\n    at Function.Promise.attempt.Promise.try (https://192.168.221.45:7443/__cypress/runner/cypress_runner.js:10486:29)\n    at tryFn (https://192.168.221.45:7443/__cypress/runner/cypress_runner.js:153198:21)\n    at whenStable (https://192.168.221.45:7443/__cypress/runner/cypress_runner.js:153236:12)\n    at https://192.168.221.45:7443/__cypress/runner/cypress_runner.js:152728:16\n    at tryCatcher (https://192.168.221.45:7443/__cypress/runner/cypress_runner.js:13212:23)\n    at Promise._settlePromiseFromHandler (https://192.168.221.45:7443/__cypress/runner/cypress_runner.js:11147:31)\n    at Promise._settlePromise (https://192.168.221.45:7443/__cypress/runner/cypress_runner.js:11204:18)\n    at Promise._settlePromise0 (https://192.168.221.45:7443/__cypress/runner/cypress_runner.js:11249:10)\n    at Promise._settlePromises (https://192.168.221.45:7443/__cypress/runner/cypress_runner.js:11329:18)\nFrom Your Spec Code:\n    at Context.eval (https://192.168.221.45:7443/__cypress/tests?p=cypress\\tests\\propertiesPanel.spec.ts:902:91)",
                        "diff": null
                      },
                      "uuid": "83aa24ed-507f-4ac9-a19c-392e86f39f98",
                      "parentUUID": "2e48712f-a7ef-47d7-8524-724189d724f6",
                      "isHook": false,
                      "skipped": false
                    },
                    {
                      "title": "Dispaly propertie: display none works fine",
                      "fullTitle": "Properties panel tests Style Appearance Dispaly propertie: display none works fine",
                      "timedOut": null,
                      "duration": 12912,
                      "state": "failed",
                      "speed": null,
                      "pass": false,
                      "fail": true,
                      "pending": false,
                      "context": null,
                      "code": "propertiesPanelObjectModel_1.proprietiesPanel.getPropPanel().within(function () {\n    cy.contains('Display').next().children().first().next().next().next().next().click();\n});\nWebFormEditorObjectModel_1.webFormEditor.getWebFomEditorComp().should('not.be.visible');",
                      "err": {
                        "message": "CypressError: Timed out retrying after 10050ms: `cy.click()` failed because this element:\n\n`<label class=\"rounded p-1 hover:bg-gray-600 css-0\">...</label>`\n\nis being covered by another element:\n\n`<div class=\"absolute inset-0 z-40\"></div>`\n\nFix this problem, or use {force: true} to disable error checking.\n\nhttps://on.cypress.io/element-cannot-be-interacted-with",
                        "estack": "CypressError: Timed out retrying after 10050ms: `cy.click()` failed because this element:\n\n`<label class=\"rounded p-1 hover:bg-gray-600 css-0\">...</label>`\n\nis being covered by another element:\n\n`<div class=\"absolute inset-0 z-40\"></div>`\n\nFix this problem, or use {force: true} to disable error checking.\n\nhttps://on.cypress.io/element-cannot-be-interacted-with\n    at $Cy.ensureDescendents (https://192.168.221.45:7443/__cypress/runner/cypress_runner.js:148556:26)\n    at ensureDescendents (https://192.168.221.45:7443/__cypress/runner/cypress_runner.js:135786:8)\n    at ensureDescendentsAndScroll (https://192.168.221.45:7443/__cypress/runner/cypress_runner.js:135793:14)\n    at ensureElIsNotCovered (https://192.168.221.45:7443/__cypress/runner/cypress_runner.js:135927:5)\n    at runAllChecks (https://192.168.221.45:7443/__cypress/runner/cypress_runner.js:136114:52)\n    at retryActionability (https://192.168.221.45:7443/__cypress/runner/cypress_runner.js:136137:16)\n    at tryCatcher (https://192.168.221.45:7443/__cypress/runner/cypress_runner.js:13212:23)\n    at Function.Promise.attempt.Promise.try (https://192.168.221.45:7443/__cypress/runner/cypress_runner.js:10486:29)\n    at tryFn (https://192.168.221.45:7443/__cypress/runner/cypress_runner.js:153198:21)\n    at whenStable (https://192.168.221.45:7443/__cypress/runner/cypress_runner.js:153236:12)\n    at https://192.168.221.45:7443/__cypress/runner/cypress_runner.js:152728:16\n    at tryCatcher (https://192.168.221.45:7443/__cypress/runner/cypress_runner.js:13212:23)\n    at Promise._settlePromiseFromHandler (https://192.168.221.45:7443/__cypress/runner/cypress_runner.js:11147:31)\n    at Promise._settlePromise (https://192.168.221.45:7443/__cypress/runner/cypress_runner.js:11204:18)\n    at Promise._settlePromise0 (https://192.168.221.45:7443/__cypress/runner/cypress_runner.js:11249:10)\n    at Promise._settlePromises (https://192.168.221.45:7443/__cypress/runner/cypress_runner.js:11329:18)\nFrom Your Spec Code:\n    at Context.eval (https://192.168.221.45:7443/__cypress/tests?p=cypress\\tests\\propertiesPanel.spec.ts:908:98)",
                        "diff": null
                      },
                      "uuid": "8248c5dc-ef45-444c-af56-129cea39cc03",
                      "parentUUID": "2e48712f-a7ef-47d7-8524-724189d724f6",
                      "isHook": false,
                      "skipped": false
                    }
                  ],
                  "suites": [],
                  "passes": [
                    "988cb821-cab6-473c-8678-2617dcdeb3c1",
                    "cc8b7919-f1e7-4479-8aa2-e0ef10376fc7",
                    "30ca5764-ebfe-443e-9517-88a1ef6c9e29",
                    "1ad1402c-58d8-46af-ae85-789b7f733491",
                    "c8b0c0d3-261d-4ac9-9616-b55668e423a5"
                  ],
                  "failures": [
                    "32d20511-42f8-4014-aa26-76ede5f14d00",
                    "85e8da0f-c9d5-4a20-b61d-1e66e6e4537d",
                    "610a6696-b054-4671-ab30-cce692fb0d46",
                    "0bbd56e5-a5bf-473f-92c0-002259a122ba",
                    "83aa24ed-507f-4ac9-a19c-392e86f39f98",
                    "8248c5dc-ef45-444c-af56-129cea39cc03"
                  ],
                  "pending": [],
                  "skipped": [],
                  "duration": 88086,
                  "root": false,
                  "rootEmpty": false,
                  "_timeout": 2000
                }
              ],
              "passes": [],
              "failures": [],
              "pending": [],
              "skipped": [],
              "duration": 0,
              "root": false,
              "rootEmpty": false,
              "_timeout": 2000
            }
          ],
          "passes": [],
          "failures": [],
          "pending": [],
          "skipped": [],
          "duration": 0,
          "root": false,
          "rootEmpty": false,
          "_timeout": 2000
        }
      ],
      "passes": [],
      "failures": [],
      "pending": [],
      "skipped": [],
      "duration": 0,
      "root": true,
      "rootEmpty": true,
      "_timeout": 2000
    }
  ],
  "meta": {
    "mocha": {
      "version": "7.0.1"
    },
    "mochawesome": {
      "options": {
        "quiet": false,
        "reportFilename": "mochawesome",
        "saveHtml": true,
        "saveJson": true,
        "consoleReporter": "spec",
        "useInlineDiffs": false,
        "code": true
      },
      "version": "6.2.2"
    },
    "marge": {
      "options": {
        "reportDir": "results",
        "overwrite": false,
        "html": true,
        "timestamp": "mmddyyyy_HHMMss",
        "showSkipped": true,
        "charts": true
      },
      "version": "5.2.0"
    }
  }
}