{
  "stats": {
    "suites": 1,
    "tests": 6,
    "passes": 6,
    "pending": 1,
    "failures": -1,
    "start": "2021-09-29T09:55:43.830Z",
    "end": "2021-09-29T09:55:56.687Z",
    "duration": 12857,
    "testsRegistered": 7,
    "passPercent": 100,
    "pendingPercent": 14.285714285714285,
    "other": 1,
    "hasOther": true,
    "skipped": 1,
    "hasSkipped": true
  },
  "results": [
    {
      "uuid": "0674640c-8df3-4252-9d22-0358bcdc45ee",
      "title": "",
      "fullFile": "cypress/tests/welcomePage.spec.ts",
      "file": "cypress/tests/welcomePage.spec.ts",
      "beforeHooks": [],
      "afterHooks": [],
      "tests": [],
      "suites": [
        {
          "uuid": "71a62a26-fcfc-44a2-88b0-062a3234b32c",
          "title": "Welcome page tests",
          "fullFile": "",
          "file": "",
          "beforeHooks": [],
          "afterHooks": [],
          "tests": [
            {
              "title": "The 4D logo image and 'Studio' word should exist",
              "fullTitle": "Welcome page tests The 4D logo image and 'Studio' word should exist",
              "timedOut": null,
              "duration": 2898,
              "state": "passed",
              "speed": "slow",
              "pass": true,
              "fail": false,
              "pending": false,
              "context": null,
              "code": "cy.get('[data-cy=actionsPanel_header]').within(function () {\n    cy.get('img').should('be.visible');\n    cy.get('h1').contains(\"Studio\").should('be.visible');\n});",
              "err": {},
              "uuid": "33b84b83-1a2d-4305-81ed-839571e95879",
              "parentUUID": "71a62a26-fcfc-44a2-88b0-062a3234b32c",
              "isHook": false,
              "skipped": false
            },
            {
              "title": "Creates a new webform",
              "fullTitle": "Welcome page tests Creates a new webform",
              "timedOut": null,
              "duration": 2254,
              "state": "passed",
              "speed": "slow",
              "pass": true,
              "fail": false,
              "pending": false,
              "context": null,
              "code": "cy.get('[data-cy=actionsPanel_createNewComp]').within(function () {\n    cy.get('.grid > :nth-child(1)').click({ force: true });\n});\ncy.get('.min-h-screen > .w-full').within(function () {\n    cy.get('.mt-2 > .bg-grey-300').clear().type('wb_created_from_welcomePage', { force: true });\n    cy.get('.inline-flex').click({ force: true });\n});\nExplorerObjectModel_1.explorer.getToNodeByName('WebForms');\nExplorerObjectModel_1.explorer.getSearch().within(function () {\n    cy.get('input').type('wb_created_from_welcomePage', { force: true });\n});\nExplorerObjectModel_1.explorer.getTreeNodes().within(function () {\n    cy.contains('wb_created_from_welcomePage').should('exist');\n    cy.contains('Tabs').should('not.exist');\n});\nExplorerObjectModel_1.explorer.getToElmtByName(\"wb_created_from_welcomePage\")\n    .trigger(\"mouseover\", { force: true })\n    .get('.css-1yg7lz6').last().click({ force: true });\ncy.contains('Confirm').click({ force: true });",
              "err": {},
              "uuid": "14ec0ad0-33f1-4b9b-b7c9-5b2b6e988470",
              "parentUUID": "71a62a26-fcfc-44a2-88b0-062a3234b32c",
              "isHook": false,
              "skipped": false
            },
            {
              "title": "Creates a new class",
              "fullTitle": "Welcome page tests Creates a new class",
              "timedOut": null,
              "duration": 2196,
              "state": "passed",
              "speed": "slow",
              "pass": true,
              "fail": false,
              "pending": false,
              "context": null,
              "code": "cy.get('[data-cy=actionsPanel_createNewComp]').within(function () {\n    cy.get('.grid > :nth-child(3)').click({ force: true });\n});\ncy.get('.min-h-screen > .w-full').within(function () {\n    cy.get('.mt-2 > .bg-grey-300').clear().type('class_created_from_welcomePage', { force: true });\n    cy.get('.inline-flex').click({ force: true });\n});\nExplorerObjectModel_1.explorer.getToNodeByName('Classes');\n//explorer.getSearch().click({force: true}).type('class_created_from_welcomePage', {force: true})\nExplorerObjectModel_1.explorer.getSearch().within(function () {\n    cy.get('input').type('class_created_from_welcomePage', { force: true });\n});\nExplorerObjectModel_1.explorer.getTreeNodes().within(function () {\n    cy.contains('class_created_from_welcomePage').should('exist');\n    cy.contains('CLIENTS').should('not.exist');\n});\nExplorerObjectModel_1.explorer.getToElmtByName(\"class_created_from_welcomePage\")\n    .trigger(\"mouseover\", { force: true })\n    .get('.css-1yg7lz6').last().click({ force: true });\ncy.contains('Confirm').click({ force: true });",
              "err": {},
              "uuid": "945674f4-85a3-4550-9eea-707be05be2cf",
              "parentUUID": "71a62a26-fcfc-44a2-88b0-062a3234b32c",
              "isHook": false,
              "skipped": false
            },
            {
              "title": "Creates a new method",
              "fullTitle": "Welcome page tests Creates a new method",
              "timedOut": null,
              "duration": 2053,
              "state": "passed",
              "speed": "slow",
              "pass": true,
              "fail": false,
              "pending": false,
              "context": null,
              "code": "cy.get('[data-cy=actionsPanel_createNewComp]').within(function () {\n    cy.get('.grid > :nth-child(4)').click({ force: true });\n});\ncy.get('.min-h-screen > .w-full').within(function () {\n    cy.get('.mt-2 > .bg-grey-300').clear().type('method_created_from_welcomePage', { force: true });\n    cy.get('.inline-flex').click({ force: true });\n});\nExplorerObjectModel_1.explorer.getToNodeByName('Methods');\n//explorer.getSearch().click({force: true}).type('method_created_from_welcomePage', {force: true})\nExplorerObjectModel_1.explorer.getSearch().within(function () {\n    cy.get('input').type('method_created_from_welcomePage', { force: true });\n});\nExplorerObjectModel_1.explorer.getTreeNodes().within(function () {\n    cy.contains('method_created_from_welcomePage').should('exist');\n    cy.contains('CLIENTS').should('not.exist');\n});\nExplorerObjectModel_1.explorer.getToElmtByName(\"method_created_from_welcomePage\")\n    .trigger(\"mouseover\", { force: true })\n    .get('.css-1yg7lz6').last().click({ force: true });\ncy.contains('Confirm').click({ force: true });",
              "err": {},
              "uuid": "80f82275-974a-4298-b954-3f0b9959d8cb",
              "parentUUID": "71a62a26-fcfc-44a2-88b0-062a3234b32c",
              "isHook": false,
              "skipped": false
            },
            {
              "title": "Recent Files section holds the files that have been opened or modified recently",
              "fullTitle": "Welcome page tests Recent Files section holds the files that have been opened or modified recently",
              "timedOut": null,
              "duration": 0,
              "state": "pending",
              "speed": null,
              "pass": false,
              "fail": false,
              "pending": true,
              "context": null,
              "code": "",
              "err": {},
              "uuid": "63223a56-aa55-4157-90c4-186a5ac1bf4b",
              "parentUUID": "71a62a26-fcfc-44a2-88b0-062a3234b32c",
              "isHook": false,
              "skipped": false
            },
            {
              "title": "What's new section; the video exists",
              "fullTitle": "Welcome page tests What's new section; the video exists",
              "timedOut": null,
              "duration": 258,
              "state": "passed",
              "speed": "slow",
              "pass": true,
              "fail": false,
              "pending": false,
              "context": null,
              "code": "cy.contains(\"What's new\").should('be.visible');\ncy.get('[data-cy=actionsPanel_WhatNew]').within(function () {\n    cy.get('iframe').should('have.attr', 'src', 'https://www.youtube.com/embed/0d_a-9iNV8s');\n});",
              "err": {},
              "uuid": "2add7bbf-31e7-4e32-b488-fdf3ac2f6a37",
              "parentUUID": "71a62a26-fcfc-44a2-88b0-062a3234b32c",
              "isHook": false,
              "skipped": false
            },
            {
              "title": "the version number and build date are visible",
              "fullTitle": "Welcome page tests the version number and build date are visible",
              "timedOut": null,
              "duration": 129,
              "state": "passed",
              "speed": "slow",
              "pass": true,
              "fail": false,
              "pending": false,
              "context": null,
              "code": "cy.get('[data-cy=actionsPanel_footer_v_build_date] > :nth-child(1)').contains(/^[v]\\d\\.\\d\\.\\d/gm);\n//cy.get('[data-cy=actionsPanel_footer_v_build_date] > :nth-child(2)').contains(/^\\d\\d\\d\\d\\-\\d\\d\\-\\d\\d\\s\\d\\d\\:\\d\\d\\:\\d\\d/)\ncy.get('[data-cy=actionsPanel_footer_v_build_date] > :nth-child(2)').contains(/^\\d\\d\\d\\d\\-\\d\\d\\-\\d\\d\\s\\d\\d\\:\\d\\d\\:\\d\\d\\s[PA][M]/);",
              "err": {},
              "uuid": "08e0b9ef-a3fc-4783-83bd-99796d198f44",
              "parentUUID": "71a62a26-fcfc-44a2-88b0-062a3234b32c",
              "isHook": false,
              "skipped": false
            }
          ],
          "suites": [],
          "passes": [
            "33b84b83-1a2d-4305-81ed-839571e95879",
            "14ec0ad0-33f1-4b9b-b7c9-5b2b6e988470",
            "945674f4-85a3-4550-9eea-707be05be2cf",
            "80f82275-974a-4298-b954-3f0b9959d8cb",
            "2add7bbf-31e7-4e32-b488-fdf3ac2f6a37",
            "08e0b9ef-a3fc-4783-83bd-99796d198f44"
          ],
          "failures": [],
          "pending": [
            "63223a56-aa55-4157-90c4-186a5ac1bf4b"
          ],
          "skipped": [],
          "duration": 9788,
          "root": false,
          "rootEmpty": false,
          "_timeout": 2000
        }
      ],
      "passes": [],
      "failures": [],
      "pending": [],
      "skipped": [],
      "duration": 0,
      "root": true,
      "rootEmpty": true,
      "_timeout": 2000
    }
  ],
  "meta": {
    "mocha": {
      "version": "7.0.1"
    },
    "mochawesome": {
      "options": {
        "quiet": false,
        "reportFilename": "mochawesome",
        "saveHtml": true,
        "saveJson": true,
        "consoleReporter": "spec",
        "useInlineDiffs": false,
        "code": true
      },
      "version": "6.2.2"
    },
    "marge": {
      "options": {
        "reportDir": "results",
        "overwrite": false,
        "html": true,
        "timestamp": "mmddyyyy_HHMMss",
        "showSkipped": true,
        "charts": true
      },
      "version": "5.2.0"
    }
  }
}