{
  "stats": {
    "suites": 3,
    "tests": 11,
    "passes": 10,
    "pending": 0,
    "failures": 1,
    "start": "2021-09-28T14:11:15.202Z",
    "end": "2021-09-28T14:11:41.136Z",
    "duration": 25934,
    "testsRegistered": 11,
    "passPercent": 90.9090909090909,
    "pendingPercent": 0,
    "other": 0,
    "hasOther": false,
    "skipped": 0,
    "hasSkipped": false
  },
  "results": [
    {
      "uuid": "6e14ca18-0f41-4dd4-9b9b-c2d0cd2e08a7",
      "title": "",
      "fullFile": "cypress/tests/propertiesPanel.spec.ts",
      "file": "cypress/tests/propertiesPanel.spec.ts",
      "beforeHooks": [],
      "afterHooks": [],
      "tests": [],
      "suites": [
        {
          "uuid": "db410b91-66e6-41be-b912-0bd683e4b451",
          "title": "Properties panel tests",
          "fullFile": "",
          "file": "",
          "beforeHooks": [],
          "afterHooks": [],
          "tests": [],
          "suites": [
            {
              "uuid": "bbd2d4cd-e278-4378-92b7-2d6adb194a5a",
              "title": "Style",
              "fullFile": "",
              "file": "",
              "beforeHooks": [],
              "afterHooks": [],
              "tests": [],
              "suites": [
                {
                  "uuid": "28672bd9-c22f-45b5-9a49-997bf2c5cbf6",
                  "title": "Appearance",
                  "fullFile": "",
                  "file": "",
                  "beforeHooks": [],
                  "afterHooks": [],
                  "tests": [
                    {
                      "title": "Toggles Appearance section successfully",
                      "fullTitle": "Properties panel tests Style Appearance Toggles Appearance section successfully",
                      "timedOut": null,
                      "duration": 4474,
                      "state": "passed",
                      "speed": "slow",
                      "pass": true,
                      "fail": false,
                      "pending": false,
                      "context": null,
                      "code": "propertiesPanelObjectModel_1.proprietiesPanel.toggleSection('Appearance');\npropertiesPanelObjectModel_1.proprietiesPanel.getPropPanel().within(function () {\n    cy.contains('Position').should('not.exist');\n    cy.contains('Cursor').should('not.exist');\n});\npropertiesPanelObjectModel_1.proprietiesPanel.toggleSection('Appearance');\npropertiesPanelObjectModel_1.proprietiesPanel.getPropPanel().within(function () {\n    cy.contains('Position').should('exist');\n    cy.contains('Cursor').should('exist');\n});",
                      "err": {},
                      "uuid": "24150fd2-55e5-4555-958c-c244cb3be57c",
                      "parentUUID": "28672bd9-c22f-45b5-9a49-997bf2c5cbf6",
                      "isHook": false,
                      "skipped": false
                    },
                    {
                      "title": "All the elements exist and appear successfully",
                      "fullTitle": "Properties panel tests Style Appearance All the elements exist and appear successfully",
                      "timedOut": null,
                      "duration": 1351,
                      "state": "passed",
                      "speed": "slow",
                      "pass": true,
                      "fail": false,
                      "pending": false,
                      "context": null,
                      "code": "propertiesPanelObjectModel_1.proprietiesPanel.getPropPanel().within(function () {\n    cy.contains('Position').should('be.visible').next().should('be.visible').should('have.text', 'static');\n    cy.contains('Cursor').should('be.visible').next().should('be.visible').should('have.text', 'auto');\n    cy.contains('Overflow').should('be.visible').next().should('be.visible').should('have.text', 'visible');\n    cy.contains('Display').should('be.visible');\n});",
                      "err": {},
                      "uuid": "6209775e-b89a-4925-b40c-fc88b779270c",
                      "parentUUID": "28672bd9-c22f-45b5-9a49-997bf2c5cbf6",
                      "isHook": false,
                      "skipped": false
                    },
                    {
                      "title": "Selects a position type successfully",
                      "fullTitle": "Properties panel tests Style Appearance Selects a position type successfully",
                      "timedOut": null,
                      "duration": 1617,
                      "state": "passed",
                      "speed": "slow",
                      "pass": true,
                      "fail": false,
                      "pending": false,
                      "context": null,
                      "code": "propertiesPanelObjectModel_1.proprietiesPanel.chooseAttributeValue('Position', 'Relative');",
                      "err": {},
                      "uuid": "68c55a2f-e043-4ed3-b08f-9e831c28f468",
                      "parentUUID": "28672bd9-c22f-45b5-9a49-997bf2c5cbf6",
                      "isHook": false,
                      "skipped": false
                    },
                    {
                      "title": "Selects the cursor type successfully",
                      "fullTitle": "Properties panel tests Style Appearance Selects the cursor type successfully",
                      "timedOut": null,
                      "duration": 1678,
                      "state": "passed",
                      "speed": "slow",
                      "pass": true,
                      "fail": false,
                      "pending": false,
                      "context": null,
                      "code": "propertiesPanelObjectModel_1.proprietiesPanel.chooseAttributeValue('Cursor', 'Move');",
                      "err": {},
                      "uuid": "92baeafd-6560-4fcf-8eb0-0705df100c61",
                      "parentUUID": "28672bd9-c22f-45b5-9a49-997bf2c5cbf6",
                      "isHook": false,
                      "skipped": false
                    },
                    {
                      "title": "Selects the overflow type  successfully",
                      "fullTitle": "Properties panel tests Style Appearance Selects the overflow type  successfully",
                      "timedOut": null,
                      "duration": 1577,
                      "state": "passed",
                      "speed": "slow",
                      "pass": true,
                      "fail": false,
                      "pending": false,
                      "context": null,
                      "code": "propertiesPanelObjectModel_1.proprietiesPanel.chooseAttributeValue('Overflow', 'Hidden');",
                      "err": {},
                      "uuid": "54b1838e-5d4c-44e6-9422-cd5ce6e108c7",
                      "parentUUID": "28672bd9-c22f-45b5-9a49-997bf2c5cbf6",
                      "isHook": false,
                      "skipped": false
                    },
                    {
                      "title": "Resets default value from the X button",
                      "fullTitle": "Properties panel tests Style Appearance Resets default value from the X button",
                      "timedOut": null,
                      "duration": 1838,
                      "state": "passed",
                      "speed": "slow",
                      "pass": true,
                      "fail": false,
                      "pending": false,
                      "context": null,
                      "code": "propertiesPanelObjectModel_1.proprietiesPanel.chooseAttributeValue('Overflow', 'Hidden');\npropertiesPanelObjectModel_1.proprietiesPanel.getPropPanel().within(function () {\n    cy.contains('Overflow').next().within(function () {\n        cy.get(':nth-child(1) > .css-8mmkcg').click({ force: true });\n    });\n});\nWebFormEditorObjectModel_1.webFormEditor.getWebFomEditorComp().should('not.have.css', 'overflow', 'hidden');",
                      "err": {},
                      "uuid": "5b8e3eec-5ac1-4cc2-bdf6-b312ce1f7acb",
                      "parentUUID": "28672bd9-c22f-45b5-9a49-997bf2c5cbf6",
                      "isHook": false,
                      "skipped": false
                    },
                    {
                      "title": "Dispaly propertie: display Block works fine",
                      "fullTitle": "Properties panel tests Style Appearance Dispaly propertie: display Block works fine",
                      "timedOut": null,
                      "duration": 1155,
                      "state": "passed",
                      "speed": "slow",
                      "pass": true,
                      "fail": false,
                      "pending": false,
                      "context": null,
                      "code": "propertiesPanelObjectModel_1.proprietiesPanel.getPropPanel().within(function () {\n    cy.contains('Display').next().children().first().click({ force: true });\n});\nWebFormEditorObjectModel_1.webFormEditor.getWebFomEditorComp().should('have.css', 'display', 'block');",
                      "err": {},
                      "uuid": "99ba19e0-28b5-45a3-9a13-0249701388cd",
                      "parentUUID": "28672bd9-c22f-45b5-9a49-997bf2c5cbf6",
                      "isHook": false,
                      "skipped": false
                    },
                    {
                      "title": "Dispaly propertie: display flex works fine",
                      "fullTitle": "Properties panel tests Style Appearance Dispaly propertie: display flex works fine",
                      "timedOut": null,
                      "duration": 2375,
                      "state": "failed",
                      "speed": null,
                      "pass": false,
                      "fail": true,
                      "pending": false,
                      "context": null,
                      "code": "propertiesPanelObjectModel_1.proprietiesPanel.getPropPanel().within(function () {\n    cy.contains('Display').next().children().first().next().click({ force: true });\n    cy.contains('Direction').next().click({ force: true }).type('{downarrow}', { force: true }).type('{enter}');\n    // Horizontal XXXXXXXXXXXXXXXXXX\n    cy.contains('Justify').next().children().first().next().click({ force: true });\n    cy.contains('Align').next().children().first().next().click({ force: true });\n});\nWebFormEditorObjectModel_1.webFormEditor.getWebFomEditorComp().should('have.css', 'display', 'flex');\nWebFormEditorObjectModel_1.webFormEditor.getWebFomEditorComp().should('have.css', 'flex-direction', 'row');\nWebFormEditorObjectModel_1.webFormEditor.getWebFomEditorComp().should('have.css', 'justify-content', 'flex-end');\nWebFormEditorObjectModel_1.webFormEditor.getWebFomEditorComp().should('have.css', 'align-items', 'end');",
                      "err": {
                        "message": "CypressError: `cy.type()` failed because it requires a valid typeable element.\n\nThe element typed into was:\n\n  > `<div class=\" css-1akvy1b-container\">...</div>`\n\n  A typeable element matches one of the following selectors:\n  `a[href]`\n  `area[href]`\n  `input`\n  `select`\n  `textarea`\n  `button`\n  `iframe`\n  `[tabindex]`\n  `[contenteditable]`\n\nhttps://on.cypress.io/type",
                        "estack": "CypressError: `cy.type()` failed because it requires a valid typeable element.\n\nThe element typed into was:\n\n  > `<div class=\" css-1akvy1b-container\">...</div>`\n\n  A typeable element matches one of the following selectors:\n  `a[href]`\n  `area[href]`\n  `input`\n  `select`\n  `textarea`\n  `button`\n  `iframe`\n  `[tabindex]`\n  `[contenteditable]`\n\nhttps://on.cypress.io/type\n    at validateTyping (https://192.168.221.45:7443/__cypress/runner/cypress_runner.js:149313:72)\n    at https://192.168.221.45:7443/__cypress/runner/cypress_runner.js:149602:15\n    at tryCatcher (https://192.168.221.45:7443/__cypress/runner/cypress_runner.js:13212:23)\n    at Function.Promise.attempt.Promise.try (https://192.168.221.45:7443/__cypress/runner/cypress_runner.js:10486:29)\n    at https://192.168.221.45:7443/__cypress/runner/cypress_runner.js:149650:67\n    at tryCatcher (https://192.168.221.45:7443/__cypress/runner/cypress_runner.js:13212:23)\n    at Object.gotValue (https://192.168.221.45:7443/__cypress/runner/cypress_runner.js:12354:18)\n    at Object.gotAccum (https://192.168.221.45:7443/__cypress/runner/cypress_runner.js:12343:25)\n    at Object.tryCatcher (https://192.168.221.45:7443/__cypress/runner/cypress_runner.js:13212:23)\n    at Promise._settlePromiseFromHandler (https://192.168.221.45:7443/__cypress/runner/cypress_runner.js:11147:31)\n    at Promise._settlePromise (https://192.168.221.45:7443/__cypress/runner/cypress_runner.js:11204:18)\n    at Promise._settlePromiseCtx (https://192.168.221.45:7443/__cypress/runner/cypress_runner.js:11241:10)\n    at _drainQueueStep (https://192.168.221.45:7443/__cypress/runner/cypress_runner.js:7923:12)\n    at _drainQueue (https://192.168.221.45:7443/__cypress/runner/cypress_runner.js:7912:9)\n    at Async.../../node_modules/bluebird/js/release/async.js.Async._drainQueues (https://192.168.221.45:7443/__cypress/runner/cypress_runner.js:7928:5)\n    at Async.drainQueues (https://192.168.221.45:7443/__cypress/runner/cypress_runner.js:7798:14)\nFrom Your Spec Code:\n    at Context.eval (https://192.168.221.45:7443/__cypress/tests?p=cypress\\tests\\propertiesPanel.spec.ts:884:76)",
                        "diff": null
                      },
                      "uuid": "30b9c8e0-800c-47c1-aa76-87dea11abf92",
                      "parentUUID": "28672bd9-c22f-45b5-9a49-997bf2c5cbf6",
                      "isHook": false,
                      "skipped": false
                    },
                    {
                      "title": "Dispaly propertie: display inline works fine",
                      "fullTitle": "Properties panel tests Style Appearance Dispaly propertie: display inline works fine",
                      "timedOut": null,
                      "duration": 1192,
                      "state": "passed",
                      "speed": "slow",
                      "pass": true,
                      "fail": false,
                      "pending": false,
                      "context": null,
                      "code": "propertiesPanelObjectModel_1.proprietiesPanel.getPropPanel().within(function () {\n    cy.contains('Display').next().children().first().next().next().click({ force: true });\n});\nWebFormEditorObjectModel_1.webFormEditor.getWebFomEditorComp().should('have.css', 'display', 'inline');",
                      "err": {},
                      "uuid": "a8c89284-5266-407b-879f-61aace9b8608",
                      "parentUUID": "28672bd9-c22f-45b5-9a49-997bf2c5cbf6",
                      "isHook": false,
                      "skipped": false
                    },
                    {
                      "title": "Dispaly propertie: display inline-block works fine",
                      "fullTitle": "Properties panel tests Style Appearance Dispaly propertie: display inline-block works fine",
                      "timedOut": null,
                      "duration": 1372,
                      "state": "passed",
                      "speed": "slow",
                      "pass": true,
                      "fail": false,
                      "pending": false,
                      "context": null,
                      "code": "propertiesPanelObjectModel_1.proprietiesPanel.getPropPanel().within(function () {\n    cy.contains('Display').next().children().first().next().next().next().click({ force: true });\n});\nWebFormEditorObjectModel_1.webFormEditor.getWebFomEditorComp().should('have.css', 'display', 'inline-block');",
                      "err": {},
                      "uuid": "39f4ecae-a375-4d94-b5c7-d2cab2fdc6b0",
                      "parentUUID": "28672bd9-c22f-45b5-9a49-997bf2c5cbf6",
                      "isHook": false,
                      "skipped": false
                    },
                    {
                      "title": "Dispaly propertie: display none works fine",
                      "fullTitle": "Properties panel tests Style Appearance Dispaly propertie: display none works fine",
                      "timedOut": null,
                      "duration": 1241,
                      "state": "passed",
                      "speed": "slow",
                      "pass": true,
                      "fail": false,
                      "pending": false,
                      "context": null,
                      "code": "propertiesPanelObjectModel_1.proprietiesPanel.getPropPanel().within(function () {\n    cy.contains('Display').next().children().first().next().next().next().next().click({ force: true });\n});\nWebFormEditorObjectModel_1.webFormEditor.getWebFomEditorComp().should('not.be.visible');",
                      "err": {},
                      "uuid": "f21ebd5a-aafe-48bc-9e80-6e45e9568311",
                      "parentUUID": "28672bd9-c22f-45b5-9a49-997bf2c5cbf6",
                      "isHook": false,
                      "skipped": false
                    }
                  ],
                  "suites": [],
                  "passes": [
                    "24150fd2-55e5-4555-958c-c244cb3be57c",
                    "6209775e-b89a-4925-b40c-fc88b779270c",
                    "68c55a2f-e043-4ed3-b08f-9e831c28f468",
                    "92baeafd-6560-4fcf-8eb0-0705df100c61",
                    "54b1838e-5d4c-44e6-9422-cd5ce6e108c7",
                    "5b8e3eec-5ac1-4cc2-bdf6-b312ce1f7acb",
                    "99ba19e0-28b5-45a3-9a13-0249701388cd",
                    "a8c89284-5266-407b-879f-61aace9b8608",
                    "39f4ecae-a375-4d94-b5c7-d2cab2fdc6b0",
                    "f21ebd5a-aafe-48bc-9e80-6e45e9568311"
                  ],
                  "failures": [
                    "30b9c8e0-800c-47c1-aa76-87dea11abf92"
                  ],
                  "pending": [],
                  "skipped": [],
                  "duration": 19870,
                  "root": false,
                  "rootEmpty": false,
                  "_timeout": 2000
                }
              ],
              "passes": [],
              "failures": [],
              "pending": [],
              "skipped": [],
              "duration": 0,
              "root": false,
              "rootEmpty": false,
              "_timeout": 2000
            }
          ],
          "passes": [],
          "failures": [],
          "pending": [],
          "skipped": [],
          "duration": 0,
          "root": false,
          "rootEmpty": false,
          "_timeout": 2000
        }
      ],
      "passes": [],
      "failures": [],
      "pending": [],
      "skipped": [],
      "duration": 0,
      "root": true,
      "rootEmpty": true,
      "_timeout": 2000
    }
  ],
  "meta": {
    "mocha": {
      "version": "7.0.1"
    },
    "mochawesome": {
      "options": {
        "quiet": false,
        "reportFilename": "mochawesome",
        "saveHtml": true,
        "saveJson": true,
        "consoleReporter": "spec",
        "useInlineDiffs": false,
        "code": true
      },
      "version": "6.2.2"
    },
    "marge": {
      "options": {
        "reportDir": "results",
        "overwrite": false,
        "html": true,
        "timestamp": "mmddyyyy_HHMMss",
        "showSkipped": true,
        "charts": true
      },
      "version": "5.2.0"
    }
  }
}