{
  "stats": {
    "suites": 1,
    "tests": 6,
    "passes": 3,
    "pending": 1,
    "failures": 2,
    "start": "2021-09-28T16:48:29.701Z",
    "end": "2021-09-28T16:49:54.994Z",
    "duration": 85293,
    "testsRegistered": 7,
    "passPercent": 50,
    "pendingPercent": 14.285714285714285,
    "other": 1,
    "hasOther": true,
    "skipped": 1,
    "hasSkipped": true
  },
  "results": [
    {
      "uuid": "f0e319e6-0fcd-4276-b4f4-9523d1b7d7c7",
      "title": "",
      "fullFile": "cypress/tests/welcomePage.spec.ts",
      "file": "cypress/tests/welcomePage.spec.ts",
      "beforeHooks": [],
      "afterHooks": [],
      "tests": [],
      "suites": [
        {
          "uuid": "9e8452a7-d3bd-4181-afce-4a0e40200660",
          "title": "Welcome page tests",
          "fullFile": "",
          "file": "",
          "beforeHooks": [],
          "afterHooks": [],
          "tests": [
            {
              "title": "The 4D logo image and 'Studio' word should exist",
              "fullTitle": "Welcome page tests The 4D logo image and 'Studio' word should exist",
              "timedOut": null,
              "duration": 2868,
              "state": "passed",
              "speed": "slow",
              "pass": true,
              "fail": false,
              "pending": false,
              "context": null,
              "code": "cy.get('[data-cy=actionsPanel_header]').within(function () {\n    cy.get('img').should('be.visible');\n    cy.get('h1').contains(\"Studio\").should('be.visible');\n});",
              "err": {},
              "uuid": "1c6d7c4b-85bb-4e7f-94a2-183958779411",
              "parentUUID": "9e8452a7-d3bd-4181-afce-4a0e40200660",
              "isHook": false,
              "skipped": false
            },
            {
              "title": "Creates a new webform",
              "fullTitle": "Welcome page tests Creates a new webform",
              "timedOut": null,
              "duration": 12393,
              "state": "failed",
              "speed": null,
              "pass": false,
              "fail": true,
              "pending": false,
              "context": null,
              "code": "cy.get('[data-cy=actionsPanel_createNewComp]').within(function () {\n    cy.get('.grid > :nth-child(1)').click({ force: true });\n});\ncy.get('.min-h-screen > .w-full').within(function () {\n    cy.get('.mt-2 > .bg-grey-300').clear().type('wb_created_from_welcomePage', { force: true });\n    cy.get('.inline-flex').click({ force: true });\n});\nExplorerObjectModel_1.explorer.getToNodeByName('WebForms');\nExplorerObjectModel_1.explorer.getSearch().within(function () {\n    cy.get('input').type('wb_created_from_welcomePage', { force: true });\n});\nExplorerObjectModel_1.explorer.getTreeNodes().within(function () {\n    cy.contains('wb_created_from_welcomePage').should('exist');\n    cy.contains('Tabs').should('not.exist');\n});\nExplorerObjectModel_1.explorer.getToElmtByName(\"wb_created_from_welcomePage\")\n    .trigger(\"mouseover\")\n    .get('.css-1yg7lz6').last().click({ force: true });\ncy.contains('Confirm').click({ force: true });",
              "err": {
                "message": "CypressError: Timed out retrying after 10000ms: `cy.trigger()` failed because this element:\n\n`<div class=\"overflow-ellipsis overflow-hidden whitespace-nowrap\" style=\"line-height: 24px; font-size: 11px;\">wb_crea...</div>`\n\nis being covered by another element:\n\n`<div class=\"absolute inset-0 z-40\"></div>`\n\nFix this problem, or use {force: true} to disable error checking.\n\nhttps://on.cypress.io/element-cannot-be-interacted-with",
                "estack": "CypressError: Timed out retrying after 10000ms: `cy.trigger()` failed because this element:\n\n`<div class=\"overflow-ellipsis overflow-hidden whitespace-nowrap\" style=\"line-height: 24px; font-size: 11px;\">wb_crea...</div>`\n\nis being covered by another element:\n\n`<div class=\"absolute inset-0 z-40\"></div>`\n\nFix this problem, or use {force: true} to disable error checking.\n\nhttps://on.cypress.io/element-cannot-be-interacted-with\n    at $Cy.ensureDescendents (https://192.168.221.45:7443/__cypress/runner/cypress_runner.js:148556:26)\n    at ensureDescendents (https://192.168.221.45:7443/__cypress/runner/cypress_runner.js:135786:8)\n    at ensureDescendentsAndScroll (https://192.168.221.45:7443/__cypress/runner/cypress_runner.js:135793:14)\n    at ensureElIsNotCovered (https://192.168.221.45:7443/__cypress/runner/cypress_runner.js:135927:5)\n    at runAllChecks (https://192.168.221.45:7443/__cypress/runner/cypress_runner.js:136114:52)\n    at retryActionability (https://192.168.221.45:7443/__cypress/runner/cypress_runner.js:136137:16)\n    at tryCatcher (https://192.168.221.45:7443/__cypress/runner/cypress_runner.js:13212:23)\n    at Function.Promise.attempt.Promise.try (https://192.168.221.45:7443/__cypress/runner/cypress_runner.js:10486:29)\n    at tryFn (https://192.168.221.45:7443/__cypress/runner/cypress_runner.js:153198:21)\n    at whenStable (https://192.168.221.45:7443/__cypress/runner/cypress_runner.js:153236:12)\n    at https://192.168.221.45:7443/__cypress/runner/cypress_runner.js:152728:16\n    at tryCatcher (https://192.168.221.45:7443/__cypress/runner/cypress_runner.js:13212:23)\n    at Promise._settlePromiseFromHandler (https://192.168.221.45:7443/__cypress/runner/cypress_runner.js:11147:31)\n    at Promise._settlePromise (https://192.168.221.45:7443/__cypress/runner/cypress_runner.js:11204:18)\n    at Promise._settlePromise0 (https://192.168.221.45:7443/__cypress/runner/cypress_runner.js:11249:10)\n    at Promise._settlePromises (https://192.168.221.45:7443/__cypress/runner/cypress_runner.js:11329:18)\nFrom Your Spec Code:\n    at Context.eval (https://192.168.221.45:7443/__cypress/tests?p=cypress\\tests\\welcomePage.spec.ts:314:14)",
                "diff": null
              },
              "uuid": "ba1a9f1e-dcd0-427a-9d3a-f8343b47ceb6",
              "parentUUID": "9e8452a7-d3bd-4181-afce-4a0e40200660",
              "isHook": false,
              "skipped": false
            },
            {
              "title": "Creates a new class",
              "fullTitle": "Welcome page tests Creates a new class",
              "timedOut": null,
              "duration": 12628,
              "state": "failed",
              "speed": null,
              "pass": false,
              "fail": true,
              "pending": false,
              "context": null,
              "code": "cy.get('[data-cy=actionsPanel_createNewComp]').within(function () {\n    cy.get('.grid > :nth-child(3)').click({ force: true });\n});\ncy.get('.min-h-screen > .w-full').within(function () {\n    cy.get('.mt-2 > .bg-grey-300').clear().type('class_created_from_welcomePage', { force: true });\n    cy.get('.inline-flex').click({ force: true });\n});\nExplorerObjectModel_1.explorer.getToNodeByName('Classes');\n//explorer.getSearch().click({force: true}).type('class_created_from_welcomePage', {force: true})\nExplorerObjectModel_1.explorer.getSearch().within(function () {\n    cy.get('input').type('class_created_from_welcomePage', { force: true });\n});\nExplorerObjectModel_1.explorer.getTreeNodes().within(function () {\n    cy.contains('class_created_from_welcomePage').should('exist');\n    cy.contains('CLIENTS').should('not.exist');\n});\nExplorerObjectModel_1.explorer.getToElmtByName(\"class_created_from_welcomePage\")\n    .trigger(\"mouseover\")\n    .get('.css-1yg7lz6').last().click({ force: true });\ncy.contains('Confirm').click({ force: true });",
              "err": {
                "message": "CypressError: Timed out retrying after 10000ms: `cy.trigger()` failed because this element:\n\n`<div class=\"overflow-ellipsis overflow-hidden whitespace-nowrap\" style=\"line-height: 24px; font-size: 11px;\">class_c...</div>`\n\nis being covered by another element:\n\n`<div class=\"absolute inset-0 z-40\"></div>`\n\nFix this problem, or use {force: true} to disable error checking.\n\nhttps://on.cypress.io/element-cannot-be-interacted-with",
                "estack": "CypressError: Timed out retrying after 10000ms: `cy.trigger()` failed because this element:\n\n`<div class=\"overflow-ellipsis overflow-hidden whitespace-nowrap\" style=\"line-height: 24px; font-size: 11px;\">class_c...</div>`\n\nis being covered by another element:\n\n`<div class=\"absolute inset-0 z-40\"></div>`\n\nFix this problem, or use {force: true} to disable error checking.\n\nhttps://on.cypress.io/element-cannot-be-interacted-with\n    at $Cy.ensureDescendents (https://192.168.221.45:7443/__cypress/runner/cypress_runner.js:148556:26)\n    at ensureDescendents (https://192.168.221.45:7443/__cypress/runner/cypress_runner.js:135786:8)\n    at ensureDescendentsAndScroll (https://192.168.221.45:7443/__cypress/runner/cypress_runner.js:135793:14)\n    at ensureElIsNotCovered (https://192.168.221.45:7443/__cypress/runner/cypress_runner.js:135927:5)\n    at runAllChecks (https://192.168.221.45:7443/__cypress/runner/cypress_runner.js:136114:52)\n    at retryActionability (https://192.168.221.45:7443/__cypress/runner/cypress_runner.js:136137:16)\n    at tryCatcher (https://192.168.221.45:7443/__cypress/runner/cypress_runner.js:13212:23)\n    at Function.Promise.attempt.Promise.try (https://192.168.221.45:7443/__cypress/runner/cypress_runner.js:10486:29)\n    at tryFn (https://192.168.221.45:7443/__cypress/runner/cypress_runner.js:153198:21)\n    at whenStable (https://192.168.221.45:7443/__cypress/runner/cypress_runner.js:153236:12)\n    at https://192.168.221.45:7443/__cypress/runner/cypress_runner.js:152728:16\n    at tryCatcher (https://192.168.221.45:7443/__cypress/runner/cypress_runner.js:13212:23)\n    at Promise._settlePromiseFromHandler (https://192.168.221.45:7443/__cypress/runner/cypress_runner.js:11147:31)\n    at Promise._settlePromise (https://192.168.221.45:7443/__cypress/runner/cypress_runner.js:11204:18)\n    at Promise._settlePromise0 (https://192.168.221.45:7443/__cypress/runner/cypress_runner.js:11249:10)\n    at Promise._settlePromises (https://192.168.221.45:7443/__cypress/runner/cypress_runner.js:11329:18)\nFrom Your Spec Code:\n    at Context.eval (https://192.168.221.45:7443/__cypress/tests?p=cypress\\tests\\welcomePage.spec.ts:336:14)",
                "diff": null
              },
              "uuid": "5a2e026a-1ef1-4205-ae09-0a8cb790534b",
              "parentUUID": "9e8452a7-d3bd-4181-afce-4a0e40200660",
              "isHook": false,
              "skipped": false
            },
            {
              "title": "Creates a new method",
              "fullTitle": "Welcome page tests Creates a new method",
              "timedOut": null,
              "duration": 12886,
              "state": "failed",
              "speed": null,
              "pass": false,
              "fail": true,
              "pending": false,
              "context": null,
              "code": "cy.get('[data-cy=actionsPanel_createNewComp]').within(function () {\n    cy.get('.grid > :nth-child(4)').click({ force: true });\n});\ncy.get('.min-h-screen > .w-full').within(function () {\n    cy.get('.mt-2 > .bg-grey-300').clear().type('method_created_from_welcomePage', { force: true });\n    cy.get('.inline-flex').click({ force: true });\n});\nExplorerObjectModel_1.explorer.getToNodeByName('Methods');\n//explorer.getSearch().click({force: true}).type('method_created_from_welcomePage', {force: true})\nExplorerObjectModel_1.explorer.getSearch().within(function () {\n    cy.get('input').type('method_created_from_welcomePage', { force: true });\n});\nExplorerObjectModel_1.explorer.getTreeNodes().within(function () {\n    cy.contains('method_created_from_welcomePage').should('exist');\n    cy.contains('CLIENTS').should('not.exist');\n});\nExplorerObjectModel_1.explorer.getToElmtByName(\"method_created_from_welcomePage\")\n    .trigger(\"mouseover\")\n    .get('.css-1yg7lz6').last().click({ force: true });\ncy.contains('Confirm').click({ force: true });",
              "err": {
                "message": "CypressError: Timed out retrying after 10000ms: `cy.trigger()` failed because this element:\n\n`<div class=\"overflow-ellipsis overflow-hidden whitespace-nowrap\" style=\"line-height: 24px; font-size: 11px;\">method_...</div>`\n\nis being covered by another element:\n\n`<div class=\"absolute inset-0 z-40\"></div>`\n\nFix this problem, or use {force: true} to disable error checking.\n\nhttps://on.cypress.io/element-cannot-be-interacted-with",
                "estack": "CypressError: Timed out retrying after 10000ms: `cy.trigger()` failed because this element:\n\n`<div class=\"overflow-ellipsis overflow-hidden whitespace-nowrap\" style=\"line-height: 24px; font-size: 11px;\">method_...</div>`\n\nis being covered by another element:\n\n`<div class=\"absolute inset-0 z-40\"></div>`\n\nFix this problem, or use {force: true} to disable error checking.\n\nhttps://on.cypress.io/element-cannot-be-interacted-with\n    at $Cy.ensureDescendents (https://192.168.221.45:7443/__cypress/runner/cypress_runner.js:148556:26)\n    at ensureDescendents (https://192.168.221.45:7443/__cypress/runner/cypress_runner.js:135786:8)\n    at ensureDescendentsAndScroll (https://192.168.221.45:7443/__cypress/runner/cypress_runner.js:135793:14)\n    at ensureElIsNotCovered (https://192.168.221.45:7443/__cypress/runner/cypress_runner.js:135927:5)\n    at runAllChecks (https://192.168.221.45:7443/__cypress/runner/cypress_runner.js:136114:52)\n    at retryActionability (https://192.168.221.45:7443/__cypress/runner/cypress_runner.js:136137:16)\n    at tryCatcher (https://192.168.221.45:7443/__cypress/runner/cypress_runner.js:13212:23)\n    at Function.Promise.attempt.Promise.try (https://192.168.221.45:7443/__cypress/runner/cypress_runner.js:10486:29)\n    at tryFn (https://192.168.221.45:7443/__cypress/runner/cypress_runner.js:153198:21)\n    at whenStable (https://192.168.221.45:7443/__cypress/runner/cypress_runner.js:153236:12)\n    at https://192.168.221.45:7443/__cypress/runner/cypress_runner.js:152728:16\n    at tryCatcher (https://192.168.221.45:7443/__cypress/runner/cypress_runner.js:13212:23)\n    at Promise._settlePromiseFromHandler (https://192.168.221.45:7443/__cypress/runner/cypress_runner.js:11147:31)\n    at Promise._settlePromise (https://192.168.221.45:7443/__cypress/runner/cypress_runner.js:11204:18)\n    at Promise._settlePromise0 (https://192.168.221.45:7443/__cypress/runner/cypress_runner.js:11249:10)\n    at Promise._settlePromises (https://192.168.221.45:7443/__cypress/runner/cypress_runner.js:11329:18)\nFrom Your Spec Code:\n    at Context.eval (https://192.168.221.45:7443/__cypress/tests?p=cypress\\tests\\welcomePage.spec.ts:358:14)",
                "diff": null
              },
              "uuid": "a7f86f1a-29e1-4122-bc1c-f8da87dd8ff5",
              "parentUUID": "9e8452a7-d3bd-4181-afce-4a0e40200660",
              "isHook": false,
              "skipped": false
            },
            {
              "title": "Recent Files section holds the files that have been opened or modified recently",
              "fullTitle": "Welcome page tests Recent Files section holds the files that have been opened or modified recently",
              "timedOut": null,
              "duration": 0,
              "state": "pending",
              "speed": null,
              "pass": false,
              "fail": false,
              "pending": true,
              "context": null,
              "code": "",
              "err": {},
              "uuid": "a748d365-351a-4de4-bfbe-22d0e1082b0c",
              "parentUUID": "9e8452a7-d3bd-4181-afce-4a0e40200660",
              "isHook": false,
              "skipped": false
            },
            {
              "title": "What's new section; the video exists",
              "fullTitle": "Welcome page tests What's new section; the video exists",
              "timedOut": null,
              "duration": 434,
              "state": "passed",
              "speed": "slow",
              "pass": true,
              "fail": false,
              "pending": false,
              "context": null,
              "code": "cy.contains(\"What's new\").should('be.visible');\ncy.get('[data-cy=actionsPanel_WhatNew]').within(function () {\n    cy.get('iframe').should('have.attr', 'src', 'https://www.youtube.com/embed/0d_a-9iNV8s');\n});",
              "err": {},
              "uuid": "a4a88481-1f42-425f-a8ad-3956c416642a",
              "parentUUID": "9e8452a7-d3bd-4181-afce-4a0e40200660",
              "isHook": false,
              "skipped": false
            },
            {
              "title": "the version number and build date are visible",
              "fullTitle": "Welcome page tests the version number and build date are visible",
              "timedOut": null,
              "duration": 299,
              "state": "passed",
              "speed": "slow",
              "pass": true,
              "fail": false,
              "pending": false,
              "context": null,
              "code": "cy.get('[data-cy=actionsPanel_footer_v_build_date] > :nth-child(1)').contains(/^[v]\\d\\.\\d\\.\\d/gm);\n//cy.get('[data-cy=actionsPanel_footer_v_build_date] > :nth-child(2)').contains(/^\\d\\d\\d\\d\\-\\d\\d\\-\\d\\d\\s\\d\\d\\:\\d\\d\\:\\d\\d/)\ncy.get('[data-cy=actionsPanel_footer_v_build_date] > :nth-child(2)').contains(/^\\d\\d\\d\\d\\-\\d\\d\\-\\d\\d\\s\\d\\d\\:\\d\\d\\:\\d\\d\\s[PA][M]/);",
              "err": {},
              "uuid": "aa6098a7-1061-47b9-8832-b45ad302b90c",
              "parentUUID": "9e8452a7-d3bd-4181-afce-4a0e40200660",
              "isHook": false,
              "skipped": false
            }
          ],
          "suites": [],
          "passes": [
            "1c6d7c4b-85bb-4e7f-94a2-183958779411",
            "a4a88481-1f42-425f-a8ad-3956c416642a",
            "aa6098a7-1061-47b9-8832-b45ad302b90c"
          ],
          "failures": [
            "ba1a9f1e-dcd0-427a-9d3a-f8343b47ceb6",
            "5a2e026a-1ef1-4205-ae09-0a8cb790534b",
            "a7f86f1a-29e1-4122-bc1c-f8da87dd8ff5"
          ],
          "pending": [
            "a748d365-351a-4de4-bfbe-22d0e1082b0c"
          ],
          "skipped": [],
          "duration": 41508,
          "root": false,
          "rootEmpty": false,
          "_timeout": 2000
        }
      ],
      "passes": [],
      "failures": [],
      "pending": [],
      "skipped": [],
      "duration": 0,
      "root": true,
      "rootEmpty": true,
      "_timeout": 2000
    }
  ],
  "meta": {
    "mocha": {
      "version": "7.0.1"
    },
    "mochawesome": {
      "options": {
        "quiet": false,
        "reportFilename": "mochawesome",
        "saveHtml": true,
        "saveJson": true,
        "consoleReporter": "spec",
        "useInlineDiffs": false,
        "code": true
      },
      "version": "6.2.2"
    },
    "marge": {
      "options": {
        "reportDir": "results",
        "overwrite": false,
        "html": true,
        "timestamp": "mmddyyyy_HHMMss",
        "showSkipped": true,
        "charts": true
      },
      "version": "5.2.0"
    }
  }
}