{
  "stats": {
    "suites": 11,
    "tests": 67,
    "passes": 64,
    "pending": 0,
    "failures": 3,
    "start": "2021-09-29T09:32:14.927Z",
    "end": "2021-09-29T09:36:57.507Z",
    "duration": 282580,
    "testsRegistered": 67,
    "passPercent": 95.52238805970148,
    "pendingPercent": 0,
    "other": 0,
    "hasOther": false,
    "skipped": 0,
    "hasSkipped": false
  },
  "results": [
    {
      "uuid": "de8f4f2b-277b-47b1-a2f8-cc14e37fae73",
      "title": "",
      "fullFile": "cypress/tests/propertiesPanel.spec.ts",
      "file": "cypress/tests/propertiesPanel.spec.ts",
      "beforeHooks": [],
      "afterHooks": [],
      "tests": [],
      "suites": [
        {
          "uuid": "8bb32bfb-0889-4dfe-b223-e5d6073b9084",
          "title": "Properties panel tests",
          "fullFile": "",
          "file": "",
          "beforeHooks": [],
          "afterHooks": [],
          "tests": [],
          "suites": [
            {
              "uuid": "12af7f22-3524-4de2-b779-605f3b4dc324",
              "title": "Header && Search functionality",
              "fullFile": "",
              "file": "",
              "beforeHooks": [],
              "afterHooks": [],
              "tests": [
                {
                  "title": "the title in the header for an empty webform should be \"WebForm\"",
                  "fullTitle": "Properties panel tests Header && Search functionality the title in the header for an empty webform should be \"WebForm\"",
                  "timedOut": null,
                  "duration": 3040,
                  "state": "passed",
                  "speed": "slow",
                  "pass": true,
                  "fail": false,
                  "pending": false,
                  "context": null,
                  "code": "propertiesPanelObjectModel_1.proprietiesPanel.titleCheck('WebForm');",
                  "err": {},
                  "uuid": "9d833258-402e-431a-925e-ff20cc0e7228",
                  "parentUUID": "12af7f22-3524-4de2-b779-605f3b4dc324",
                  "isHook": false,
                  "skipped": false
                },
                {
                  "title": "Reference string must be visible ",
                  "fullTitle": "Properties panel tests Header && Search functionality Reference string must be visible ",
                  "timedOut": null,
                  "duration": 1141,
                  "state": "passed",
                  "speed": "slow",
                  "pass": true,
                  "fail": false,
                  "pending": false,
                  "context": null,
                  "code": "propertiesPanelObjectModel_1.proprietiesPanel.refCheck();",
                  "err": {},
                  "uuid": "87f6fdf7-d35b-4219-9a50-f53d0c1c6817",
                  "parentUUID": "12af7f22-3524-4de2-b779-605f3b4dc324",
                  "isHook": false,
                  "skipped": false
                },
                {
                  "title": "Search functionality works fine",
                  "fullTitle": "Properties panel tests Header && Search functionality Search functionality works fine",
                  "timedOut": null,
                  "duration": 1410,
                  "state": "passed",
                  "speed": "slow",
                  "pass": true,
                  "fail": false,
                  "pending": false,
                  "context": null,
                  "code": "propertiesPanelObjectModel_1.proprietiesPanel.searchFunctionalityCheck();",
                  "err": {},
                  "uuid": "0245c8ab-2daf-4415-8157-f582f3e36930",
                  "parentUUID": "12af7f22-3524-4de2-b779-605f3b4dc324",
                  "isHook": false,
                  "skipped": false
                }
              ],
              "suites": [],
              "passes": [
                "9d833258-402e-431a-925e-ff20cc0e7228",
                "87f6fdf7-d35b-4219-9a50-f53d0c1c6817",
                "0245c8ab-2daf-4415-8157-f582f3e36930"
              ],
              "failures": [],
              "pending": [],
              "skipped": [],
              "duration": 5591,
              "root": false,
              "rootEmpty": false,
              "_timeout": 2000
            },
            {
              "uuid": "bb1d3e1d-1b53-4b85-9ec6-8eef22d30384",
              "title": "Style",
              "fullFile": "",
              "file": "",
              "beforeHooks": [],
              "afterHooks": [],
              "tests": [
                {
                  "title": "Toggles the Style section successfully",
                  "fullTitle": "Properties panel tests Style Toggles the Style section successfully",
                  "timedOut": null,
                  "duration": 1539,
                  "state": "passed",
                  "speed": "slow",
                  "pass": true,
                  "fail": false,
                  "pending": false,
                  "context": null,
                  "code": "propertiesPanelObjectModel_1.proprietiesPanel.toggleSection('Style');\npropertiesPanelObjectModel_1.proprietiesPanel.getPropPanel().within(function () {\n    cy.contains('CSS').should('not.exist');\n    cy.contains('Color').should('not.exist');\n});\npropertiesPanelObjectModel_1.proprietiesPanel.toggleSection('Style');\npropertiesPanelObjectModel_1.proprietiesPanel.getPropPanel().within(function () {\n    cy.contains('CSS').should('exist');\n    cy.contains('Color').should('exist');\n});",
                  "err": {},
                  "uuid": "e0583a3f-6b82-4edd-b240-eea8490de7fa",
                  "parentUUID": "bb1d3e1d-1b53-4b85-9ec6-8eef22d30384",
                  "isHook": false,
                  "skipped": false
                }
              ],
              "suites": [
                {
                  "uuid": "274726a4-80d0-4ac7-9b57-6f08bd003d1b",
                  "title": "CSS",
                  "fullFile": "",
                  "file": "",
                  "beforeHooks": [],
                  "afterHooks": [],
                  "tests": [
                    {
                      "title": "Toggles the Style/CSS section successfully",
                      "fullTitle": "Properties panel tests Style CSS Toggles the Style/CSS section successfully",
                      "timedOut": null,
                      "duration": 1323,
                      "state": "passed",
                      "speed": "slow",
                      "pass": true,
                      "fail": false,
                      "pending": false,
                      "context": null,
                      "code": "propertiesPanelObjectModel_1.proprietiesPanel.toggleSection('CSS');\npropertiesPanelObjectModel_1.proprietiesPanel.getPropPanel().within(function () {\n    cy.contains('Class').should('not.exist');\n});\npropertiesPanelObjectModel_1.proprietiesPanel.toggleSection('CSS');\npropertiesPanelObjectModel_1.proprietiesPanel.getPropPanel().within(function () {\n    cy.contains('Class').should('exist');\n});",
                      "err": {},
                      "uuid": "586bfb95-1ca6-4a53-9f65-6d32294a8a4a",
                      "parentUUID": "274726a4-80d0-4ac7-9b57-6f08bd003d1b",
                      "isHook": false,
                      "skipped": false
                    },
                    {
                      "title": "Applies CSS class and remove it successfully",
                      "fullTitle": "Properties panel tests Style CSS Applies CSS class and remove it successfully",
                      "timedOut": null,
                      "duration": 2136,
                      "state": "passed",
                      "speed": "slow",
                      "pass": true,
                      "fail": false,
                      "pending": false,
                      "context": null,
                      "code": "propertiesPanelObjectModel_1.proprietiesPanel.applyCssClass();\n//proprietiesPanel.applyCssClass('.fd-button')\n//proprietiesPanel.applyCssClass('.fd-image > .w-full')",
                      "err": {},
                      "uuid": "a4ff7a64-9fd8-487e-b8ee-4c0ac01e90ae",
                      "parentUUID": "274726a4-80d0-4ac7-9b57-6f08bd003d1b",
                      "isHook": false,
                      "skipped": false
                    }
                  ],
                  "suites": [],
                  "passes": [
                    "586bfb95-1ca6-4a53-9f65-6d32294a8a4a",
                    "a4ff7a64-9fd8-487e-b8ee-4c0ac01e90ae"
                  ],
                  "failures": [],
                  "pending": [],
                  "skipped": [],
                  "duration": 3459,
                  "root": false,
                  "rootEmpty": false,
                  "_timeout": 2000
                },
                {
                  "uuid": "6afb0ba1-e977-471b-8b18-93e55e22be6a",
                  "title": "Color",
                  "fullFile": "",
                  "file": "",
                  "beforeHooks": [],
                  "afterHooks": [],
                  "tests": [
                    {
                      "title": "Toggles the Style/Color section successfully",
                      "fullTitle": "Properties panel tests Style Color Toggles the Style/Color section successfully",
                      "timedOut": null,
                      "duration": 1353,
                      "state": "passed",
                      "speed": "slow",
                      "pass": true,
                      "fail": false,
                      "pending": false,
                      "context": null,
                      "code": "propertiesPanelObjectModel_1.proprietiesPanel.toggleSection('Style');\npropertiesPanelObjectModel_1.proprietiesPanel.getPropPanel().within(function () {\n    cy.contains('Text Color').should('not.exist');\n    cy.contains('Background').should('not.exist');\n});\npropertiesPanelObjectModel_1.proprietiesPanel.toggleSection('Style');\npropertiesPanelObjectModel_1.proprietiesPanel.getPropPanel().within(function () {\n    cy.contains('Text Color').should('exist');\n    cy.contains('Background').should('exist');\n});",
                      "err": {},
                      "uuid": "1b0ee448-c6a4-469c-a6a1-b6502ffb9cde",
                      "parentUUID": "6afb0ba1-e977-471b-8b18-93e55e22be6a",
                      "isHook": false,
                      "skipped": false
                    },
                    {
                      "title": "Text Color: the color picker modal shows its effect on the circle and and the input as expected",
                      "fullTitle": "Properties panel tests Style Color Text Color: the color picker modal shows its effect on the circle and and the input as expected",
                      "timedOut": null,
                      "duration": 13283,
                      "state": "failed",
                      "speed": null,
                      "pass": false,
                      "fail": true,
                      "pending": false,
                      "context": null,
                      "code": "//------------------------------------\npropertiesPanelObjectModel_1.proprietiesPanel.getColorPickerFor('Text Color');\n// select by move the mouse on the color map\npropertiesPanelObjectModel_1.proprietiesPanel.colorPickerModalGetElmt('.saturation-black');\npropertiesPanelObjectModel_1.proprietiesPanel.checkTheColorPickerModificationImpactOnTheCircleAndInput('Text Color', 'rgb(137, 115, 247)', '#8973f7ff');\n//------------------------------------\npropertiesPanelObjectModel_1.proprietiesPanel.getColorPickerFor('Text Color');\n// select color on horizontal selector \npropertiesPanelObjectModel_1.proprietiesPanel.colorPickerModalGetElmt('.hue-horizontal');\npropertiesPanelObjectModel_1.proprietiesPanel.checkTheColorPickerModificationImpactOnTheCircleAndInput('Text Color', 'rgb(115, 219, 247)', '#73dbf7ff');\n//------------------------------------\npropertiesPanelObjectModel_1.proprietiesPanel.getColorPickerFor('Text Color');\n// select the transparency degre  \npropertiesPanelObjectModel_1.proprietiesPanel.colorPickerModalGetElmt('[style=\"position: relative; height: 100%; margin: 0px 3px;\"]');\npropertiesPanelObjectModel_1.proprietiesPanel.checkTheColorPickerModificationImpactOnTheCircleAndInput('Text Color', 'rgba(115, 219, 247, 0.557)', '#73dbf78e');\n//------------------------------------\npropertiesPanelObjectModel_1.proprietiesPanel.getColorPickerFor('Text Color');\n// test the reset action\npropertiesPanelObjectModel_1.proprietiesPanel.colorPickerModalGetElmt('.saturation-black', true);\npropertiesPanelObjectModel_1.proprietiesPanel.checkTheColorPickerModificationImpactOnTheCircleAndInput('Text Color', 'rgba(115, 219, 247, 0.557)', '#73dbf78e');\n//------------------------------------\npropertiesPanelObjectModel_1.proprietiesPanel.getColorPickerFor('Text Color');\n// select a specific color\npropertiesPanelObjectModel_1.proprietiesPanel.colorPickerModalGetElmt('[style=\"background-color: rgb(41, 219, 37);\"]', false, true);\npropertiesPanelObjectModel_1.proprietiesPanel.checkTheColorPickerModificationImpactOnTheCircleAndInput('Text Color', 'rgb(41, 219, 37)', '#29db25ff');",
                      "err": {
                        "message": "AssertionError: Timed out retrying after 10000ms: expected '<span.absolute.inset-0>' to have CSS property 'background-color' with the value 'rgb(137, 115, 247)', but the value was 'rgb(247, 115, 115)'",
                        "estack": "AssertionError: Timed out retrying after 10000ms: expected '<span.absolute.inset-0>' to have CSS property 'background-color' with the value 'rgb(137, 115, 247)', but the value was 'rgb(247, 115, 115)'\n    at Context.eval (https://192.168.221.45:7443/__cypress/tests?p=cypress\\tests\\propertiesPanel.spec.ts:406:91)",
                        "diff": "- 'rgb(247, 115, 115)'\n+ 'rgb(137, 115, 247)'\n"
                      },
                      "uuid": "5fe31a23-5a32-44df-8173-c972de5dad47",
                      "parentUUID": "6afb0ba1-e977-471b-8b18-93e55e22be6a",
                      "isHook": false,
                      "skipped": false
                    },
                    {
                      "title": "Text Color: if we change the color from the input => does the circle get synchronised",
                      "fullTitle": "Properties panel tests Style Color Text Color: if we change the color from the input => does the circle get synchronised",
                      "timedOut": null,
                      "duration": 2550,
                      "state": "passed",
                      "speed": "slow",
                      "pass": true,
                      "fail": false,
                      "pending": false,
                      "context": null,
                      "code": "propertiesPanelObjectModel_1.proprietiesPanel.getTxtOrBgColorInputAndType('Text Color', 'red');\npropertiesPanelObjectModel_1.proprietiesPanel.checkCircleColor('Text Color', 'rgb(255, 0, 0)');",
                      "err": {},
                      "uuid": "082b49d0-e631-46d0-9e21-021228702086",
                      "parentUUID": "6afb0ba1-e977-471b-8b18-93e55e22be6a",
                      "isHook": false,
                      "skipped": false
                    },
                    {
                      "title": "Background: the color picker modal shows its effect on the circle and and the input as expected",
                      "fullTitle": "Properties panel tests Style Color Background: the color picker modal shows its effect on the circle and and the input as expected",
                      "timedOut": null,
                      "duration": 13141,
                      "state": "failed",
                      "speed": null,
                      "pass": false,
                      "fail": true,
                      "pending": false,
                      "context": null,
                      "code": "//------------------------------------\npropertiesPanelObjectModel_1.proprietiesPanel.getColorPickerFor('Background');\n// select by move the mouse on the color map\npropertiesPanelObjectModel_1.proprietiesPanel.colorPickerModalGetElmt('.saturation-black');\npropertiesPanelObjectModel_1.proprietiesPanel.checkTheColorPickerModificationImpactOnTheCircleAndInput('Background', 'rgb(137, 115, 247)', '#8973f7ff');\n//------------------------------------\npropertiesPanelObjectModel_1.proprietiesPanel.getColorPickerFor('Background');\n// select color on horizontal selector \npropertiesPanelObjectModel_1.proprietiesPanel.colorPickerModalGetElmt('.hue-horizontal');\npropertiesPanelObjectModel_1.proprietiesPanel.checkTheColorPickerModificationImpactOnTheCircleAndInput('Background', 'rgb(115, 219, 247)', '#73dbf7ff');\n//------------------------------------\npropertiesPanelObjectModel_1.proprietiesPanel.getColorPickerFor('Background');\n// select the transparency degre  \npropertiesPanelObjectModel_1.proprietiesPanel.colorPickerModalGetElmt('[style=\"position: relative; height: 100%; margin: 0px 3px;\"]');\npropertiesPanelObjectModel_1.proprietiesPanel.checkTheColorPickerModificationImpactOnTheCircleAndInput('Background', 'rgba(115, 219, 247, 0.557)', '#73dbf78e');\n//------------------------------------\npropertiesPanelObjectModel_1.proprietiesPanel.getColorPickerFor('Background');\n// test the reset action\npropertiesPanelObjectModel_1.proprietiesPanel.colorPickerModalGetElmt('.saturation-black', true);\npropertiesPanelObjectModel_1.proprietiesPanel.checkTheColorPickerModificationImpactOnTheCircleAndInput('Background', 'rgba(115, 219, 247, 0.557)', '#73dbf78e');\n//------------------------------------\npropertiesPanelObjectModel_1.proprietiesPanel.getColorPickerFor('Background');\n// select a specific color\npropertiesPanelObjectModel_1.proprietiesPanel.colorPickerModalGetElmt('[style=\"background-color: rgb(41, 219, 37);\"]', false, true);\npropertiesPanelObjectModel_1.proprietiesPanel.checkTheColorPickerModificationImpactOnTheCircleAndInput('Background', 'rgb(41, 219, 37)', '#29db25ff');",
                      "err": {
                        "message": "AssertionError: Timed out retrying after 10000ms: expected '<span.absolute.inset-0>' to have CSS property 'background-color' with the value 'rgb(137, 115, 247)', but the value was 'rgb(247, 115, 115)'",
                        "estack": "AssertionError: Timed out retrying after 10000ms: expected '<span.absolute.inset-0>' to have CSS property 'background-color' with the value 'rgb(137, 115, 247)', but the value was 'rgb(247, 115, 115)'\n    at Context.eval (https://192.168.221.45:7443/__cypress/tests?p=cypress\\tests\\propertiesPanel.spec.ts:406:91)",
                        "diff": "- 'rgb(247, 115, 115)'\n+ 'rgb(137, 115, 247)'\n"
                      },
                      "uuid": "19723b90-1f52-494c-bd25-cff34b69f3dc",
                      "parentUUID": "6afb0ba1-e977-471b-8b18-93e55e22be6a",
                      "isHook": false,
                      "skipped": false
                    },
                    {
                      "title": "Background: if we change the color from the input => does the circle get synchronised",
                      "fullTitle": "Properties panel tests Style Color Background: if we change the color from the input => does the circle get synchronised",
                      "timedOut": null,
                      "duration": 2715,
                      "state": "passed",
                      "speed": "slow",
                      "pass": true,
                      "fail": false,
                      "pending": false,
                      "context": null,
                      "code": "propertiesPanelObjectModel_1.proprietiesPanel.getTxtOrBgColorInputAndType('Background', 'yellow');\npropertiesPanelObjectModel_1.proprietiesPanel.checkCircleColor('Background', 'rgb(255, 255, 0)');",
                      "err": {},
                      "uuid": "17d1b620-38bc-44a0-a1ac-90d90fe55ad7",
                      "parentUUID": "6afb0ba1-e977-471b-8b18-93e55e22be6a",
                      "isHook": false,
                      "skipped": false
                    },
                    {
                      "title": "Changes background color successfully (from the color picker)",
                      "fullTitle": "Properties panel tests Style Color Changes background color successfully (from the color picker)",
                      "timedOut": null,
                      "duration": 13153,
                      "state": "failed",
                      "speed": null,
                      "pass": false,
                      "fail": true,
                      "pending": false,
                      "context": null,
                      "code": "propertiesPanelObjectModel_1.proprietiesPanel.getColorPickerFor('Background');\npropertiesPanelObjectModel_1.proprietiesPanel.colorPickerModalGetElmt('.saturation-black');\nWebFormEditorObjectModel_1.webFormEditor.getWebFomEditorComp().should(\"have.css\", \"background-color\", \"rgb(137, 115, 247)\");",
                      "err": {
                        "message": "AssertionError: Timed out retrying after 10000ms: expected '<div.w-full.bg-white.min-h-full.px-8.component-selected>' to have CSS property 'background-color' with the value 'rgb(137, 115, 247)', but the value was 'rgb(247, 115, 115)'",
                        "estack": "AssertionError: Timed out retrying after 10000ms: expected '<div.w-full.bg-white.min-h-full.px-8.component-selected>' to have CSS property 'background-color' with the value 'rgb(137, 115, 247)', but the value was 'rgb(247, 115, 115)'\n    at Context.eval (https://192.168.221.45:7443/__cypress/tests?p=cypress\\tests\\propertiesPanel.spec.ts:624:80)",
                        "diff": "- 'rgb(247, 115, 115)'\n+ 'rgb(137, 115, 247)'\n"
                      },
                      "uuid": "2d9e50c7-4762-4583-b5b1-7f2f09f4ab33",
                      "parentUUID": "6afb0ba1-e977-471b-8b18-93e55e22be6a",
                      "isHook": false,
                      "skipped": false
                    },
                    {
                      "title": "Changes background color successfully (by filling the input)",
                      "fullTitle": "Properties panel tests Style Color Changes background color successfully (by filling the input)",
                      "timedOut": null,
                      "duration": 2535,
                      "state": "passed",
                      "speed": "slow",
                      "pass": true,
                      "fail": false,
                      "pending": false,
                      "context": null,
                      "code": "propertiesPanelObjectModel_1.proprietiesPanel.getTxtOrBgColorInputAndType('Background', 'brown');\nWebFormEditorObjectModel_1.webFormEditor.getWebFomEditorComp().should(\"have.css\", \"background-color\", \"rgb(165, 42, 42)\");",
                      "err": {},
                      "uuid": "222a2841-8a3e-42e3-9704-aaa0c1df775c",
                      "parentUUID": "6afb0ba1-e977-471b-8b18-93e55e22be6a",
                      "isHook": false,
                      "skipped": false
                    },
                    {
                      "title": "Box shadow: The modal appears successfully ",
                      "fullTitle": "Properties panel tests Style Color Box shadow: The modal appears successfully ",
                      "timedOut": null,
                      "duration": 1576,
                      "state": "passed",
                      "speed": "slow",
                      "pass": true,
                      "fail": false,
                      "pending": false,
                      "context": null,
                      "code": "propertiesPanelObjectModel_1.proprietiesPanel.clickPlusIconFor(\"Box Shadow\");\ncy.get('.bg-fd-gray-default').within(function () {\n    cy.contains('Angle').should('be.visible').next().should('be.visible').next().should(\"have.text\", 'DEG');\n    cy.contains('Distance').should('be.visible').next().should('be.visible').next().should(\"have.text\", 'PX');\n    cy.contains('Blur').should('be.visible').next().should('be.visible').next().should(\"have.text\", 'PX');\n    cy.contains('Size').should('be.visible').next().should('be.visible').next().should(\"have.text\", 'PX');\n});",
                      "err": {},
                      "uuid": "617d7e72-e217-4514-a1fb-eccf7ecf36cc",
                      "parentUUID": "6afb0ba1-e977-471b-8b18-93e55e22be6a",
                      "isHook": false,
                      "skipped": false
                    },
                    {
                      "title": "Box shadow: The placeHolders and the inputs get synchronized with every specification in any selector or input",
                      "fullTitle": "Properties panel tests Style Color Box shadow: The placeHolders and the inputs get synchronized with every specification in any selector or input",
                      "timedOut": null,
                      "duration": 2183,
                      "state": "passed",
                      "speed": "slow",
                      "pass": true,
                      "fail": false,
                      "pending": false,
                      "context": null,
                      "code": "propertiesPanelObjectModel_1.proprietiesPanel.clickPlusIconFor('Box Shadow');\ncy.get('.bg-fd-gray-default').within(function () {\n    cy.contains('Distance').next().next().within(function () {\n        cy.get('input').type('12', { force: true });\n    });\n});\npropertiesPanelObjectModel_1.proprietiesPanel.getPropPanel().within(function () {\n    cy.contains('Box Shadow').next().children().last().should('have.text', 'Outer: 8px, 9px, 6px, 0px');\n});",
                      "err": {},
                      "uuid": "83bcece4-c558-4d31-8fc1-30ee48471590",
                      "parentUUID": "6afb0ba1-e977-471b-8b18-93e55e22be6a",
                      "isHook": false,
                      "skipped": false
                    },
                    {
                      "title": "Box shadow: It closes the box shadow from the X successfully",
                      "fullTitle": "Properties panel tests Style Color Box shadow: It closes the box shadow from the X successfully",
                      "timedOut": null,
                      "duration": 1908,
                      "state": "passed",
                      "speed": "slow",
                      "pass": true,
                      "fail": false,
                      "pending": false,
                      "context": null,
                      "code": "propertiesPanelObjectModel_1.proprietiesPanel.clickPlusIconFor('Box Shadow');\npropertiesPanelObjectModel_1.proprietiesPanel.getPropPanel().within(function () {\n    cy.get('.justify-end > .text-fd-gray-lighter').click({ force: true });\n    cy.get('.bg-fd-gray-default').should('not.exist');\n});",
                      "err": {},
                      "uuid": "9962ccd2-852d-49fd-8001-d2e2b04b94b1",
                      "parentUUID": "6afb0ba1-e977-471b-8b18-93e55e22be6a",
                      "isHook": false,
                      "skipped": false
                    },
                    {
                      "title": "Box shadow: It resets the box shadow successfully",
                      "fullTitle": "Properties panel tests Style Color Box shadow: It resets the box shadow successfully",
                      "timedOut": null,
                      "duration": 1973,
                      "state": "passed",
                      "speed": "slow",
                      "pass": true,
                      "fail": false,
                      "pending": false,
                      "context": null,
                      "code": "propertiesPanelObjectModel_1.proprietiesPanel.clickPlusIconFor('Box Shadow');\ncy.get('.bg-fd-gray-default').within(function () {\n    cy.contains('Distance').next().next().within(function () {\n        cy.get('input').type('12', { force: true });\n    });\n});\npropertiesPanelObjectModel_1.proprietiesPanel.getPropPanel().within(function () {\n    cy.contains('Box Shadow').next().children().first().click({ force: true });\n    cy.get(':nth-child(3) > :nth-child(1) > :nth-child(2) > .text-xxs').should('not.exist');\n});",
                      "err": {},
                      "uuid": "16417c20-103b-4ed2-844f-dcb1f00fc0e6",
                      "parentUUID": "6afb0ba1-e977-471b-8b18-93e55e22be6a",
                      "isHook": false,
                      "skipped": false
                    },
                    {
                      "title": "Text shadow: The modal appears successfully ",
                      "fullTitle": "Properties panel tests Style Color Text shadow: The modal appears successfully ",
                      "timedOut": null,
                      "duration": 1704,
                      "state": "passed",
                      "speed": "slow",
                      "pass": true,
                      "fail": false,
                      "pending": false,
                      "context": null,
                      "code": "propertiesPanelObjectModel_1.proprietiesPanel.clickPlusIconFor(\"Text Shadow\");\ncy.get('.bg-fd-gray-default').within(function () {\n    cy.contains('Angle').should('be.visible').next().should('be.visible').next().should(\"have.text\", 'DEG');\n    cy.contains('Distance').should('be.visible').next().should('be.visible').next().should(\"have.text\", 'PX');\n    cy.contains('Blur').should('be.visible').next().should('be.visible').next().should(\"have.text\", 'PX');\n});",
                      "err": {},
                      "uuid": "f5f66b4f-feaa-47a0-a2df-3b7c30538e51",
                      "parentUUID": "6afb0ba1-e977-471b-8b18-93e55e22be6a",
                      "isHook": false,
                      "skipped": false
                    },
                    {
                      "title": "Text shadow: The placeHolders and the inputs get synchronized with every specification in any selector or input",
                      "fullTitle": "Properties panel tests Style Color Text shadow: The placeHolders and the inputs get synchronized with every specification in any selector or input",
                      "timedOut": null,
                      "duration": 2186,
                      "state": "passed",
                      "speed": "slow",
                      "pass": true,
                      "fail": false,
                      "pending": false,
                      "context": null,
                      "code": "propertiesPanelObjectModel_1.proprietiesPanel.clickPlusIconFor('Text Shadow');\ncy.get('.bg-fd-gray-default').within(function () {\n    cy.contains('Distance').next().next().within(function () {\n        cy.get('input').type('12', { force: true });\n    });\n});\npropertiesPanelObjectModel_1.proprietiesPanel.getPropPanel().within(function () {\n    cy.contains('Text Shadow').next().children().last().should('have.text', 'Outer: 8px, 9px, 6px');\n});",
                      "err": {},
                      "uuid": "c62758b4-67a8-4201-8d5f-b2a58392b1b1",
                      "parentUUID": "6afb0ba1-e977-471b-8b18-93e55e22be6a",
                      "isHook": false,
                      "skipped": false
                    },
                    {
                      "title": "Text shadow: It closes the box shadow from the X successfully",
                      "fullTitle": "Properties panel tests Style Color Text shadow: It closes the box shadow from the X successfully",
                      "timedOut": null,
                      "duration": 1487,
                      "state": "passed",
                      "speed": "slow",
                      "pass": true,
                      "fail": false,
                      "pending": false,
                      "context": null,
                      "code": "propertiesPanelObjectModel_1.proprietiesPanel.clickPlusIconFor('Text Shadow');\npropertiesPanelObjectModel_1.proprietiesPanel.getPropPanel().within(function () {\n    cy.get('.justify-end > .text-fd-gray-lighter').click({ force: true });\n    cy.get('.bg-fd-gray-default').should('not.exist');\n});",
                      "err": {},
                      "uuid": "30eb5a66-efc6-4812-81ff-acbee80b93b0",
                      "parentUUID": "6afb0ba1-e977-471b-8b18-93e55e22be6a",
                      "isHook": false,
                      "skipped": false
                    },
                    {
                      "title": "Text shadow: It resets the box shadow successfully",
                      "fullTitle": "Properties panel tests Style Color Text shadow: It resets the box shadow successfully",
                      "timedOut": null,
                      "duration": 2001,
                      "state": "passed",
                      "speed": "slow",
                      "pass": true,
                      "fail": false,
                      "pending": false,
                      "context": null,
                      "code": "propertiesPanelObjectModel_1.proprietiesPanel.clickPlusIconFor('Text Shadow');\ncy.get('.bg-fd-gray-default').within(function () {\n    cy.contains('Distance').next().next().within(function () {\n        cy.get('input').type('12', { force: true });\n    });\n});\npropertiesPanelObjectModel_1.proprietiesPanel.getPropPanel().within(function () {\n    cy.contains('Text Shadow').next().children().first().click({ force: true });\n    cy.get(':nth-child(4) > :nth-child(1) > :nth-child(2) > .text-xxs').should('not.exist');\n});",
                      "err": {},
                      "uuid": "8821899d-1c4a-4bc3-ab6e-4ca667b6a7ae",
                      "parentUUID": "6afb0ba1-e977-471b-8b18-93e55e22be6a",
                      "isHook": false,
                      "skipped": false
                    }
                  ],
                  "suites": [],
                  "passes": [
                    "1b0ee448-c6a4-469c-a6a1-b6502ffb9cde",
                    "082b49d0-e631-46d0-9e21-021228702086",
                    "17d1b620-38bc-44a0-a1ac-90d90fe55ad7",
                    "222a2841-8a3e-42e3-9704-aaa0c1df775c",
                    "617d7e72-e217-4514-a1fb-eccf7ecf36cc",
                    "83bcece4-c558-4d31-8fc1-30ee48471590",
                    "9962ccd2-852d-49fd-8001-d2e2b04b94b1",
                    "16417c20-103b-4ed2-844f-dcb1f00fc0e6",
                    "f5f66b4f-feaa-47a0-a2df-3b7c30538e51",
                    "c62758b4-67a8-4201-8d5f-b2a58392b1b1",
                    "30eb5a66-efc6-4812-81ff-acbee80b93b0",
                    "8821899d-1c4a-4bc3-ab6e-4ca667b6a7ae"
                  ],
                  "failures": [
                    "5fe31a23-5a32-44df-8173-c972de5dad47",
                    "19723b90-1f52-494c-bd25-cff34b69f3dc",
                    "2d9e50c7-4762-4583-b5b1-7f2f09f4ab33"
                  ],
                  "pending": [],
                  "skipped": [],
                  "duration": 63748,
                  "root": false,
                  "rootEmpty": false,
                  "_timeout": 2000
                },
                {
                  "uuid": "0116474d-fbb9-47fd-913c-bb17dc40caba",
                  "title": "Dimensions",
                  "fullFile": "",
                  "file": "",
                  "beforeHooks": [],
                  "afterHooks": [],
                  "tests": [
                    {
                      "title": "Toggles the Style/Dimensions section successfully",
                      "fullTitle": "Properties panel tests Style Dimensions Toggles the Style/Dimensions section successfully",
                      "timedOut": null,
                      "duration": 1364,
                      "state": "passed",
                      "speed": "slow",
                      "pass": true,
                      "fail": false,
                      "pending": false,
                      "context": null,
                      "code": "propertiesPanelObjectModel_1.proprietiesPanel.toggleSection('Dimensions');\npropertiesPanelObjectModel_1.proprietiesPanel.getPropPanel().within(function () {\n    cy.contains('Min W').should('not.exist');\n    cy.contains('Max H').should('not.exist');\n});\npropertiesPanelObjectModel_1.proprietiesPanel.toggleSection('Dimensions');\npropertiesPanelObjectModel_1.proprietiesPanel.getPropPanel().within(function () {\n    cy.contains('Min W').should('exist');\n    cy.contains('Max H').should('exist');\n});",
                      "err": {},
                      "uuid": "f0d0970b-a311-45e2-ab66-cab9f56a48c4",
                      "parentUUID": "0116474d-fbb9-47fd-913c-bb17dc40caba",
                      "isHook": false,
                      "skipped": false
                    },
                    {
                      "title": "All the dimension elements appear with their inputs",
                      "fullTitle": "Properties panel tests Style Dimensions All the dimension elements appear with their inputs",
                      "timedOut": null,
                      "duration": 1262,
                      "state": "passed",
                      "speed": "slow",
                      "pass": true,
                      "fail": false,
                      "pending": false,
                      "context": null,
                      "code": "propertiesPanelObjectModel_1.proprietiesPanel.toggleSection('Borders');\npropertiesPanelObjectModel_1.proprietiesPanel.getPropPanel().within(function () {\n    cy.contains('Width').should('exist').next().should('exist');\n    cy.contains('Height').should('exist').next().should('exist');\n    cy.contains('Min W').should('exist').next().should('exist');\n    cy.contains('Min H').should('exist').next().should('exist');\n    cy.contains('Max W').should('exist').next().should('exist');\n    cy.contains('Max H').should('exist').next().should('exist');\n});",
                      "err": {},
                      "uuid": "04cd38bb-3607-4826-b290-d53b5ceba42d",
                      "parentUUID": "0116474d-fbb9-47fd-913c-bb17dc40caba",
                      "isHook": false,
                      "skipped": false
                    },
                    {
                      "title": "Dimensions changes take effect successfully",
                      "fullTitle": "Properties panel tests Style Dimensions Dimensions changes take effect successfully",
                      "timedOut": null,
                      "duration": 3725,
                      "state": "passed",
                      "speed": "slow",
                      "pass": true,
                      "fail": false,
                      "pending": false,
                      "context": null,
                      "code": "propertiesPanelObjectModel_1.proprietiesPanel.toggleSection('Borders');\npropertiesPanelObjectModel_1.proprietiesPanel.getPropPanel().within(function () {\n    // cy.contains('Class').next().click()\n    // cy.contains('bg-red-500').click({force: true})\n    cy.contains('Width').next().within(function () {\n        cy.get('input').type('120', { force: true });\n    });\n    cy.contains('Height').next().within(function () {\n        cy.get('input').type('800', { force: true });\n    });\n    cy.contains('Min W').next().within(function () {\n        cy.get('input').type('100', { force: true });\n    });\n    cy.contains('Min H').next().within(function () {\n        cy.get('input').type('500', { force: true });\n    });\n    cy.contains('Max W').next().within(function () {\n        cy.get('input').type('130', { force: true });\n    });\n    cy.contains('Max H').next().within(function () {\n        cy.get('input').type('850', { force: true });\n    });\n});\nWebFormEditorObjectModel_1.webFormEditor.getWebFomEditorComp().should('have.css', 'width', '120px');\nWebFormEditorObjectModel_1.webFormEditor.getWebFomEditorComp().should('have.css', 'height', '800px');\nWebFormEditorObjectModel_1.webFormEditor.getWebFomEditorComp().should('have.css', 'min-width', '100px');\nWebFormEditorObjectModel_1.webFormEditor.getWebFomEditorComp().should('have.css', 'min-height', '500px');\nWebFormEditorObjectModel_1.webFormEditor.getWebFomEditorComp().should('have.css', 'max-width', '130px');\nWebFormEditorObjectModel_1.webFormEditor.getWebFomEditorComp().should('have.css', 'max-height', '850px');",
                      "err": {},
                      "uuid": "238341a5-816a-4d29-9aa2-852c139cd315",
                      "parentUUID": "0116474d-fbb9-47fd-913c-bb17dc40caba",
                      "isHook": false,
                      "skipped": false
                    },
                    {
                      "title": "Changes Dimension unit successfully",
                      "fullTitle": "Properties panel tests Style Dimensions Changes Dimension unit successfully",
                      "timedOut": null,
                      "duration": 1964,
                      "state": "passed",
                      "speed": "slow",
                      "pass": true,
                      "fail": false,
                      "pending": false,
                      "context": null,
                      "code": "propertiesPanelObjectModel_1.proprietiesPanel.toggleSection('Borders');\npropertiesPanelObjectModel_1.proprietiesPanel.getPropPanel().within(function () {\n    // cy.contains('Class').next().click()\n    // cy.contains('bg-red-500').click({force: true})\n    cy.contains('Width').next().within(function () {\n        cy.get('input').type('60', { force: true });\n        cy.get('#downshift-0-toggle-button').click({ force: true });\n    });\n});\ncy.get('#downshift-0-item-1').click({ force: true });\nWebFormEditorObjectModel_1.webFormEditor.getWebFomEditorComp().should('have.css', 'width', '960px');",
                      "err": {},
                      "uuid": "6577b454-e412-4a64-8ebf-0d826055d757",
                      "parentUUID": "0116474d-fbb9-47fd-913c-bb17dc40caba",
                      "isHook": false,
                      "skipped": false
                    }
                  ],
                  "suites": [],
                  "passes": [
                    "f0d0970b-a311-45e2-ab66-cab9f56a48c4",
                    "04cd38bb-3607-4826-b290-d53b5ceba42d",
                    "238341a5-816a-4d29-9aa2-852c139cd315",
                    "6577b454-e412-4a64-8ebf-0d826055d757"
                  ],
                  "failures": [],
                  "pending": [],
                  "skipped": [],
                  "duration": 8315,
                  "root": false,
                  "rootEmpty": false,
                  "_timeout": 2000
                },
                {
                  "uuid": "e879f51b-0592-46d7-aa0c-38a31b1ff346",
                  "title": "Layout",
                  "fullFile": "",
                  "file": "",
                  "beforeHooks": [],
                  "afterHooks": [],
                  "tests": [
                    {
                      "title": "Makes a margin top successfully",
                      "fullTitle": "Properties panel tests Style Layout Makes a margin top successfully",
                      "timedOut": null,
                      "duration": 5370,
                      "state": "passed",
                      "speed": "slow",
                      "pass": true,
                      "fail": false,
                      "pending": false,
                      "context": null,
                      "code": "propertiesPanelObjectModel_1.proprietiesPanel.styleLayout(\"#marginTop\", \"50\");\nWebFormEditorObjectModel_1.webFormEditor.getWebFomEditorComp().should('have.css', 'margin-top', '50px');",
                      "err": {},
                      "uuid": "63e60229-469b-45a8-88e3-9bd097a9d69b",
                      "parentUUID": "e879f51b-0592-46d7-aa0c-38a31b1ff346",
                      "isHook": false,
                      "skipped": false
                    },
                    {
                      "title": "Makes a margin right successfully",
                      "fullTitle": "Properties panel tests Style Layout Makes a margin right successfully",
                      "timedOut": null,
                      "duration": 5639,
                      "state": "passed",
                      "speed": "slow",
                      "pass": true,
                      "fail": false,
                      "pending": false,
                      "context": null,
                      "code": "propertiesPanelObjectModel_1.proprietiesPanel.styleLayout('[data-label=\"margin-right\"] > .text-white', \"50\");\nWebFormEditorObjectModel_1.webFormEditor.getWebFomEditorComp().should('have.css', 'margin-right', '50px');",
                      "err": {},
                      "uuid": "21d8000c-9cc5-4157-be76-a06920690bf4",
                      "parentUUID": "e879f51b-0592-46d7-aa0c-38a31b1ff346",
                      "isHook": false,
                      "skipped": false
                    },
                    {
                      "title": "Makes a margin bottom successfully",
                      "fullTitle": "Properties panel tests Style Layout Makes a margin bottom successfully",
                      "timedOut": null,
                      "duration": 5729,
                      "state": "passed",
                      "speed": "slow",
                      "pass": true,
                      "fail": false,
                      "pending": false,
                      "context": null,
                      "code": "propertiesPanelObjectModel_1.proprietiesPanel.styleLayout('[data-label=\"margin-bottom\"] > .text-white', \"50\");\nWebFormEditorObjectModel_1.webFormEditor.getWebFomEditorComp().should('have.css', 'margin-bottom', '50px');",
                      "err": {},
                      "uuid": "57c12947-5018-4126-9142-bd3ef2bff0e1",
                      "parentUUID": "e879f51b-0592-46d7-aa0c-38a31b1ff346",
                      "isHook": false,
                      "skipped": false
                    },
                    {
                      "title": "Makes a margin left successfully",
                      "fullTitle": "Properties panel tests Style Layout Makes a margin left successfully",
                      "timedOut": null,
                      "duration": 5932,
                      "state": "passed",
                      "speed": "slow",
                      "pass": true,
                      "fail": false,
                      "pending": false,
                      "context": null,
                      "code": "propertiesPanelObjectModel_1.proprietiesPanel.styleLayout('[data-label=\"margin-left\"] > .text-white', \"50\");\nWebFormEditorObjectModel_1.webFormEditor.getWebFomEditorComp().should('have.css', 'margin-left', '50px');",
                      "err": {},
                      "uuid": "d6392c0e-a31d-48fb-a647-45dec051dcfc",
                      "parentUUID": "e879f51b-0592-46d7-aa0c-38a31b1ff346",
                      "isHook": false,
                      "skipped": false
                    },
                    {
                      "title": "Makes a padding top successfully",
                      "fullTitle": "Properties panel tests Style Layout Makes a padding top successfully",
                      "timedOut": null,
                      "duration": 6032,
                      "state": "passed",
                      "speed": "slow",
                      "pass": true,
                      "fail": false,
                      "pending": false,
                      "context": null,
                      "code": "propertiesPanelObjectModel_1.proprietiesPanel.styleLayout('[data-label=\"padding-top\"] > .text-white', \"50\");\nWebFormEditorObjectModel_1.webFormEditor.getWebFomEditorComp().should('have.css', 'padding-top', '50px');",
                      "err": {},
                      "uuid": "5cfb42d1-a1e8-41b2-872a-6309330214da",
                      "parentUUID": "e879f51b-0592-46d7-aa0c-38a31b1ff346",
                      "isHook": false,
                      "skipped": false
                    },
                    {
                      "title": "Makes a padding right successfully",
                      "fullTitle": "Properties panel tests Style Layout Makes a padding right successfully",
                      "timedOut": null,
                      "duration": 5694,
                      "state": "passed",
                      "speed": "slow",
                      "pass": true,
                      "fail": false,
                      "pending": false,
                      "context": null,
                      "code": "propertiesPanelObjectModel_1.proprietiesPanel.styleLayout(\"#PaddingRight\", \"50\");\nWebFormEditorObjectModel_1.webFormEditor.getWebFomEditorComp().should('have.css', 'padding-right', '50px');",
                      "err": {},
                      "uuid": "04055119-c9aa-4577-8dda-2b1f45c6c7e2",
                      "parentUUID": "e879f51b-0592-46d7-aa0c-38a31b1ff346",
                      "isHook": false,
                      "skipped": false
                    },
                    {
                      "title": "Makes a padding bottom successfully",
                      "fullTitle": "Properties panel tests Style Layout Makes a padding bottom successfully",
                      "timedOut": null,
                      "duration": 5594,
                      "state": "passed",
                      "speed": "slow",
                      "pass": true,
                      "fail": false,
                      "pending": false,
                      "context": null,
                      "code": "propertiesPanelObjectModel_1.proprietiesPanel.styleLayout(\"#PaddingBottom\", \"50\");\nWebFormEditorObjectModel_1.webFormEditor.getWebFomEditorComp().should('have.css', 'padding-bottom', '50px');",
                      "err": {},
                      "uuid": "d2c56a69-11b6-40ee-a35b-1e55284edefb",
                      "parentUUID": "e879f51b-0592-46d7-aa0c-38a31b1ff346",
                      "isHook": false,
                      "skipped": false
                    },
                    {
                      "title": "Makes a padding left successfully",
                      "fullTitle": "Properties panel tests Style Layout Makes a padding left successfully",
                      "timedOut": null,
                      "duration": 5508,
                      "state": "passed",
                      "speed": "slow",
                      "pass": true,
                      "fail": false,
                      "pending": false,
                      "context": null,
                      "code": "propertiesPanelObjectModel_1.proprietiesPanel.styleLayout(\"#PaddingLeft\", \"50\");\nWebFormEditorObjectModel_1.webFormEditor.getWebFomEditorComp().should('have.css', 'padding-left', '50px');",
                      "err": {},
                      "uuid": "e8216960-de47-4940-803b-4b69a85fe903",
                      "parentUUID": "e879f51b-0592-46d7-aa0c-38a31b1ff346",
                      "isHook": false,
                      "skipped": false
                    },
                    {
                      "title": "Makes a margin in all sides",
                      "fullTitle": "Properties panel tests Style Layout Makes a margin in all sides",
                      "timedOut": null,
                      "duration": 5568,
                      "state": "passed",
                      "speed": "slow",
                      "pass": true,
                      "fail": false,
                      "pending": false,
                      "context": null,
                      "code": "propertiesPanelObjectModel_1.proprietiesPanel.getPropPanel().within(function () {\n    cy.get('[data-label=\"margin-top\"] > .text-white').click({ force: true });\n});\ncy.get('.bg-fd-gray-default').within(function () {\n    cy.get('#all').click({ force: true });\n    cy.get('input').type('50');\n});\nWebFormEditorObjectModel_1.webFormEditor.getWebFomEditorComp().should('have.css', 'margin', '50px');",
                      "err": {},
                      "uuid": "d5f46023-9aad-410f-bc2f-8be57d7dec40",
                      "parentUUID": "e879f51b-0592-46d7-aa0c-38a31b1ff346",
                      "isHook": false,
                      "skipped": false
                    },
                    {
                      "title": "Resets to default successfully",
                      "fullTitle": "Properties panel tests Style Layout Resets to default successfully",
                      "timedOut": null,
                      "duration": 5827,
                      "state": "passed",
                      "speed": "slow",
                      "pass": true,
                      "fail": false,
                      "pending": false,
                      "context": null,
                      "code": "propertiesPanelObjectModel_1.proprietiesPanel.styleLayout(\"#PaddingLeft\", \"50\");\nWebFormEditorObjectModel_1.webFormEditor.getWebFomEditorComp().should('have.css', 'padding-left', '50px');\ncy.get('.bg-fd-gray-default').within(function () {\n    cy.get('.mt-3 > .flex').click({ force: true });\n});\nWebFormEditorObjectModel_1.webFormEditor.getWebFomEditorComp().should('not.have.css', 'padding-left', '50px');",
                      "err": {},
                      "uuid": "e5b6096f-e058-48e8-9017-677e19c34b7b",
                      "parentUUID": "e879f51b-0592-46d7-aa0c-38a31b1ff346",
                      "isHook": false,
                      "skipped": false
                    },
                    {
                      "title": "Closes the modal from the X successfully",
                      "fullTitle": "Properties panel tests Style Layout Closes the modal from the X successfully",
                      "timedOut": null,
                      "duration": 2669,
                      "state": "passed",
                      "speed": "slow",
                      "pass": true,
                      "fail": false,
                      "pending": false,
                      "context": null,
                      "code": "propertiesPanelObjectModel_1.proprietiesPanel.styleLayout(\"#PaddingLeft\", \"50\");\ncy.get('.bg-fd-gray-default').within(function () {\n    cy.get('button > .text-fd-gray-lighter').click({ force: true });\n});\ncy.get('.bg-fd-gray-default').should('not.exist');",
                      "err": {},
                      "uuid": "b9469476-a97c-4b7e-8323-c91a8af6302e",
                      "parentUUID": "e879f51b-0592-46d7-aa0c-38a31b1ff346",
                      "isHook": false,
                      "skipped": false
                    }
                  ],
                  "suites": [],
                  "passes": [
                    "63e60229-469b-45a8-88e3-9bd097a9d69b",
                    "21d8000c-9cc5-4157-be76-a06920690bf4",
                    "57c12947-5018-4126-9142-bd3ef2bff0e1",
                    "d6392c0e-a31d-48fb-a647-45dec051dcfc",
                    "5cfb42d1-a1e8-41b2-872a-6309330214da",
                    "04055119-c9aa-4577-8dda-2b1f45c6c7e2",
                    "d2c56a69-11b6-40ee-a35b-1e55284edefb",
                    "e8216960-de47-4940-803b-4b69a85fe903",
                    "d5f46023-9aad-410f-bc2f-8be57d7dec40",
                    "e5b6096f-e058-48e8-9017-677e19c34b7b",
                    "b9469476-a97c-4b7e-8323-c91a8af6302e"
                  ],
                  "failures": [],
                  "pending": [],
                  "skipped": [],
                  "duration": 59562,
                  "root": false,
                  "rootEmpty": false,
                  "_timeout": 2000
                },
                {
                  "uuid": "eb6a0363-b29f-4732-8e67-b81041259a5d",
                  "title": "Appearance",
                  "fullFile": "",
                  "file": "",
                  "beforeHooks": [],
                  "afterHooks": [],
                  "tests": [
                    {
                      "title": "Toggles Appearance section successfully",
                      "fullTitle": "Properties panel tests Style Appearance Toggles Appearance section successfully",
                      "timedOut": null,
                      "duration": 1276,
                      "state": "passed",
                      "speed": "slow",
                      "pass": true,
                      "fail": false,
                      "pending": false,
                      "context": null,
                      "code": "propertiesPanelObjectModel_1.proprietiesPanel.toggleSection('Appearance');\npropertiesPanelObjectModel_1.proprietiesPanel.getPropPanel().within(function () {\n    cy.contains('Position').should('not.exist');\n    cy.contains('Cursor').should('not.exist');\n});\npropertiesPanelObjectModel_1.proprietiesPanel.toggleSection('Appearance');\npropertiesPanelObjectModel_1.proprietiesPanel.getPropPanel().within(function () {\n    cy.contains('Position').should('exist');\n    cy.contains('Cursor').should('exist');\n});",
                      "err": {},
                      "uuid": "0ee0fa5c-f096-4d93-97ce-7599ecc24189",
                      "parentUUID": "eb6a0363-b29f-4732-8e67-b81041259a5d",
                      "isHook": false,
                      "skipped": false
                    },
                    {
                      "title": "All the elements exist and appear successfully",
                      "fullTitle": "Properties panel tests Style Appearance All the elements exist and appear successfully",
                      "timedOut": null,
                      "duration": 1316,
                      "state": "passed",
                      "speed": "slow",
                      "pass": true,
                      "fail": false,
                      "pending": false,
                      "context": null,
                      "code": "propertiesPanelObjectModel_1.proprietiesPanel.getPropPanel().within(function () {\n    cy.contains('Position').should('be.visible').next().should('be.visible').should('have.text', 'static');\n    cy.contains('Cursor').should('be.visible').next().should('be.visible').should('have.text', 'auto');\n    cy.contains('Overflow').should('be.visible').next().should('be.visible').should('have.text', 'visible');\n    cy.contains('Display').should('be.visible');\n});",
                      "err": {},
                      "uuid": "288dc226-1c3a-4822-9ff4-2be572aecb8d",
                      "parentUUID": "eb6a0363-b29f-4732-8e67-b81041259a5d",
                      "isHook": false,
                      "skipped": false
                    },
                    {
                      "title": "Selects a position type successfully",
                      "fullTitle": "Properties panel tests Style Appearance Selects a position type successfully",
                      "timedOut": null,
                      "duration": 1926,
                      "state": "passed",
                      "speed": "slow",
                      "pass": true,
                      "fail": false,
                      "pending": false,
                      "context": null,
                      "code": "propertiesPanelObjectModel_1.proprietiesPanel.chooseAttributeValue('Position', 'Relative');",
                      "err": {},
                      "uuid": "44f075fb-0a31-437f-b6e9-2386ef45fd0d",
                      "parentUUID": "eb6a0363-b29f-4732-8e67-b81041259a5d",
                      "isHook": false,
                      "skipped": false
                    },
                    {
                      "title": "Selects the cursor type successfully",
                      "fullTitle": "Properties panel tests Style Appearance Selects the cursor type successfully",
                      "timedOut": null,
                      "duration": 1926,
                      "state": "passed",
                      "speed": "slow",
                      "pass": true,
                      "fail": false,
                      "pending": false,
                      "context": null,
                      "code": "propertiesPanelObjectModel_1.proprietiesPanel.chooseAttributeValue('Cursor', 'Move');",
                      "err": {},
                      "uuid": "f444d758-a332-4476-a68d-c8b8c3664dcb",
                      "parentUUID": "eb6a0363-b29f-4732-8e67-b81041259a5d",
                      "isHook": false,
                      "skipped": false
                    },
                    {
                      "title": "Selects the overflow type  successfully",
                      "fullTitle": "Properties panel tests Style Appearance Selects the overflow type  successfully",
                      "timedOut": null,
                      "duration": 2058,
                      "state": "passed",
                      "speed": "slow",
                      "pass": true,
                      "fail": false,
                      "pending": false,
                      "context": null,
                      "code": "propertiesPanelObjectModel_1.proprietiesPanel.chooseAttributeValue('Overflow', 'Hidden');",
                      "err": {},
                      "uuid": "99bf3694-ea3f-427a-abf2-1f2b304abdd3",
                      "parentUUID": "eb6a0363-b29f-4732-8e67-b81041259a5d",
                      "isHook": false,
                      "skipped": false
                    },
                    {
                      "title": "Resets default value from the X button",
                      "fullTitle": "Properties panel tests Style Appearance Resets default value from the X button",
                      "timedOut": null,
                      "duration": 2255,
                      "state": "passed",
                      "speed": "slow",
                      "pass": true,
                      "fail": false,
                      "pending": false,
                      "context": null,
                      "code": "propertiesPanelObjectModel_1.proprietiesPanel.chooseAttributeValue('Overflow', 'Hidden');\npropertiesPanelObjectModel_1.proprietiesPanel.getPropPanel().within(function () {\n    cy.contains('Overflow').next().within(function () {\n        cy.get(':nth-child(1) > .css-8mmkcg').click({ force: true });\n    });\n});\nWebFormEditorObjectModel_1.webFormEditor.getWebFomEditorComp().should('not.have.css', 'overflow', 'hidden');",
                      "err": {},
                      "uuid": "54f204e1-2e07-459d-863a-3ea4191b3035",
                      "parentUUID": "eb6a0363-b29f-4732-8e67-b81041259a5d",
                      "isHook": false,
                      "skipped": false
                    },
                    {
                      "title": "Dispaly propertie: display Block works fine",
                      "fullTitle": "Properties panel tests Style Appearance Dispaly propertie: display Block works fine",
                      "timedOut": null,
                      "duration": 1144,
                      "state": "passed",
                      "speed": "slow",
                      "pass": true,
                      "fail": false,
                      "pending": false,
                      "context": null,
                      "code": "propertiesPanelObjectModel_1.proprietiesPanel.getPropPanel().within(function () {\n    cy.contains('Display').next().children().first().click({ force: true });\n});\nWebFormEditorObjectModel_1.webFormEditor.getWebFomEditorComp().should('have.css', 'display', 'block');",
                      "err": {},
                      "uuid": "30c31ba5-cd10-4fc2-a453-87016f26c703",
                      "parentUUID": "eb6a0363-b29f-4732-8e67-b81041259a5d",
                      "isHook": false,
                      "skipped": false
                    },
                    {
                      "title": "Dispaly propertie: display flex works fine",
                      "fullTitle": "Properties panel tests Style Appearance Dispaly propertie: display flex works fine",
                      "timedOut": null,
                      "duration": 2329,
                      "state": "passed",
                      "speed": "slow",
                      "pass": true,
                      "fail": false,
                      "pending": false,
                      "context": null,
                      "code": "propertiesPanelObjectModel_1.proprietiesPanel.getPropPanel().within(function () {\n    cy.contains('Display').next().children().first().next().click({ force: true });\n    cy.contains('Direction').next().within(function () {\n        cy.get('input').type('vertical', { force: true }).type('{enter}');\n    });\n    // Horizontal XXXXXXXXXXXXXXXXXX\n    cy.contains('Justify').next().children().first().next().click({ force: true });\n    cy.contains('Align').next().children().first().next().click({ force: true });\n});\nWebFormEditorObjectModel_1.webFormEditor.getWebFomEditorComp().should('have.css', 'display', 'flex');\nWebFormEditorObjectModel_1.webFormEditor.getWebFomEditorComp().should('have.css', 'flex-direction', 'column');\nWebFormEditorObjectModel_1.webFormEditor.getWebFomEditorComp().should('have.css', 'justify-content', 'flex-end');\nWebFormEditorObjectModel_1.webFormEditor.getWebFomEditorComp().should('have.css', 'align-items', 'end');",
                      "err": {},
                      "uuid": "dc213617-069c-45e8-a2f8-17733d3d3703",
                      "parentUUID": "eb6a0363-b29f-4732-8e67-b81041259a5d",
                      "isHook": false,
                      "skipped": false
                    },
                    {
                      "title": "Dispaly propertie: display inline works fine",
                      "fullTitle": "Properties panel tests Style Appearance Dispaly propertie: display inline works fine",
                      "timedOut": null,
                      "duration": 1247,
                      "state": "passed",
                      "speed": "slow",
                      "pass": true,
                      "fail": false,
                      "pending": false,
                      "context": null,
                      "code": "propertiesPanelObjectModel_1.proprietiesPanel.getPropPanel().within(function () {\n    cy.contains('Display').next().children().first().next().next().click({ force: true });\n});\nWebFormEditorObjectModel_1.webFormEditor.getWebFomEditorComp().should('have.css', 'display', 'inline');",
                      "err": {},
                      "uuid": "227e3b27-4e2b-43cc-a79e-f78e5944fb82",
                      "parentUUID": "eb6a0363-b29f-4732-8e67-b81041259a5d",
                      "isHook": false,
                      "skipped": false
                    },
                    {
                      "title": "Dispaly propertie: display inline-block works fine",
                      "fullTitle": "Properties panel tests Style Appearance Dispaly propertie: display inline-block works fine",
                      "timedOut": null,
                      "duration": 1257,
                      "state": "passed",
                      "speed": "slow",
                      "pass": true,
                      "fail": false,
                      "pending": false,
                      "context": null,
                      "code": "propertiesPanelObjectModel_1.proprietiesPanel.getPropPanel().within(function () {\n    cy.contains('Display').next().children().first().next().next().next().click({ force: true });\n});\nWebFormEditorObjectModel_1.webFormEditor.getWebFomEditorComp().should('have.css', 'display', 'inline-block');",
                      "err": {},
                      "uuid": "6ed8909c-7310-48f1-b6b0-b3a38ee74c69",
                      "parentUUID": "eb6a0363-b29f-4732-8e67-b81041259a5d",
                      "isHook": false,
                      "skipped": false
                    },
                    {
                      "title": "Dispaly propertie: display none works fine",
                      "fullTitle": "Properties panel tests Style Appearance Dispaly propertie: display none works fine",
                      "timedOut": null,
                      "duration": 1232,
                      "state": "passed",
                      "speed": "slow",
                      "pass": true,
                      "fail": false,
                      "pending": false,
                      "context": null,
                      "code": "propertiesPanelObjectModel_1.proprietiesPanel.getPropPanel().within(function () {\n    cy.contains('Display').next().children().first().next().next().next().next().click({ force: true });\n});\nWebFormEditorObjectModel_1.webFormEditor.getWebFomEditorComp().should('not.be.visible');",
                      "err": {},
                      "uuid": "98db780a-a0d4-48cf-bc82-f7f0176e7cba",
                      "parentUUID": "eb6a0363-b29f-4732-8e67-b81041259a5d",
                      "isHook": false,
                      "skipped": false
                    }
                  ],
                  "suites": [],
                  "passes": [
                    "0ee0fa5c-f096-4d93-97ce-7599ecc24189",
                    "288dc226-1c3a-4822-9ff4-2be572aecb8d",
                    "44f075fb-0a31-437f-b6e9-2386ef45fd0d",
                    "f444d758-a332-4476-a68d-c8b8c3664dcb",
                    "99bf3694-ea3f-427a-abf2-1f2b304abdd3",
                    "54f204e1-2e07-459d-863a-3ea4191b3035",
                    "30c31ba5-cd10-4fc2-a453-87016f26c703",
                    "dc213617-069c-45e8-a2f8-17733d3d3703",
                    "227e3b27-4e2b-43cc-a79e-f78e5944fb82",
                    "6ed8909c-7310-48f1-b6b0-b3a38ee74c69",
                    "98db780a-a0d4-48cf-bc82-f7f0176e7cba"
                  ],
                  "failures": [],
                  "pending": [],
                  "skipped": [],
                  "duration": 17966,
                  "root": false,
                  "rootEmpty": false,
                  "_timeout": 2000
                },
                {
                  "uuid": "e7897a0c-b4d3-445b-a5ef-e60c7a4dcdbe",
                  "title": "Font",
                  "fullFile": "",
                  "file": "",
                  "beforeHooks": [],
                  "afterHooks": [],
                  "tests": [
                    {
                      "title": "Toggles Style/Font section successfully",
                      "fullTitle": "Properties panel tests Style Font Toggles Style/Font section successfully",
                      "timedOut": null,
                      "duration": 1248,
                      "state": "passed",
                      "speed": "slow",
                      "pass": true,
                      "fail": false,
                      "pending": false,
                      "context": null,
                      "code": "propertiesPanelObjectModel_1.proprietiesPanel.toggleSection('Font');\npropertiesPanelObjectModel_1.proprietiesPanel.getPropPanel().within(function () {\n    cy.contains('Family').should('not.exist');\n});\npropertiesPanelObjectModel_1.proprietiesPanel.toggleSection('Font');\npropertiesPanelObjectModel_1.proprietiesPanel.getPropPanel().within(function () {\n    cy.contains('Family').should('exist');\n});",
                      "err": {},
                      "uuid": "9cd9965a-a840-4f40-9309-c3e070291b43",
                      "parentUUID": "e7897a0c-b4d3-445b-a5ef-e60c7a4dcdbe",
                      "isHook": false,
                      "skipped": false
                    },
                    {
                      "title": "Chooses a font family and remove it successfully",
                      "fullTitle": "Properties panel tests Style Font Chooses a font family and remove it successfully",
                      "timedOut": null,
                      "duration": 2287,
                      "state": "passed",
                      "speed": "slow",
                      "pass": true,
                      "fail": false,
                      "pending": false,
                      "context": null,
                      "code": "propertiesPanelObjectModel_1.proprietiesPanel.getPropPanel().within(function () {\n    cy.contains('Family').next().within(function () {\n        cy.get('input').type('Arial', { force: true }).type('{enter}');\n    });\n});\nWebFormEditorObjectModel_1.webFormEditor.getWebFomEditorComp().should('have.css', 'font-family', 'Arial');\npropertiesPanelObjectModel_1.proprietiesPanel.getPropPanel().within(function () {\n    cy.contains('Family').next().within(function () {\n        cy.get(':nth-child(1) > .css-8mmkcg').click({ force: true });\n    });\n});\nWebFormEditorObjectModel_1.webFormEditor.getWebFomEditorComp().should('not.have.css', 'font-family', 'Arial');",
                      "err": {},
                      "uuid": "170761eb-1b4d-41e3-8568-1ea67283671f",
                      "parentUUID": "e7897a0c-b4d3-445b-a5ef-e60c7a4dcdbe",
                      "isHook": false,
                      "skipped": false
                    },
                    {
                      "title": "Selects the Weight and remove it successfully",
                      "fullTitle": "Properties panel tests Style Font Selects the Weight and remove it successfully",
                      "timedOut": null,
                      "duration": 2050,
                      "state": "passed",
                      "speed": "slow",
                      "pass": true,
                      "fail": false,
                      "pending": false,
                      "context": null,
                      "code": "propertiesPanelObjectModel_1.proprietiesPanel.getPropPanel().within(function () {\n    cy.contains('Weight').next().within(function () {\n        cy.get('input').type('300', { force: true }).type('{enter}');\n    });\n});\nWebFormEditorObjectModel_1.webFormEditor.getWebFomEditorComp().should('have.css', 'font-weight', '300');\npropertiesPanelObjectModel_1.proprietiesPanel.getPropPanel().within(function () {\n    cy.contains('Weight').next().within(function () {\n        cy.get(':nth-child(1) > .css-8mmkcg').click({ force: true });\n    });\n});\nWebFormEditorObjectModel_1.webFormEditor.getWebFomEditorComp().should('not.have.css', 'font-weight', '300');",
                      "err": {},
                      "uuid": "29273b2d-dbd6-4bcd-8968-2596a44ac842",
                      "parentUUID": "e7897a0c-b4d3-445b-a5ef-e60c7a4dcdbe",
                      "isHook": false,
                      "skipped": false
                    },
                    {
                      "title": "Precises Size and selects units successfully",
                      "fullTitle": "Properties panel tests Style Font Precises Size and selects units successfully",
                      "timedOut": null,
                      "duration": 1987,
                      "state": "passed",
                      "speed": "slow",
                      "pass": true,
                      "fail": false,
                      "pending": false,
                      "context": null,
                      "code": "propertiesPanelObjectModel_1.proprietiesPanel.getPropPanel().within(function () {\n    cy.contains('Size').next().within(function () {\n        cy.get('input').type('15', { force: true }).type('{enter}');\n    });\n});\nWebFormEditorObjectModel_1.webFormEditor.getWebFomEditorComp().should('have.css', 'font-size', '15px');\npropertiesPanelObjectModel_1.proprietiesPanel.getPropPanel().within(function () {\n    cy.contains('Size').next().children().last().click({ force: true });\n});\ncy.get('#downshift-6-toggle-button').click({ force: true });\ncy.get('#downshift-6-item-1').click({ force: true });\nWebFormEditorObjectModel_1.webFormEditor.getWebFomEditorComp().should('have.css', 'font-size', '240px');",
                      "err": {},
                      "uuid": "13ea4c28-60a8-4338-857d-a9aa237e79ef",
                      "parentUUID": "e7897a0c-b4d3-445b-a5ef-e60c7a4dcdbe",
                      "isHook": false,
                      "skipped": false
                    },
                    {
                      "title": "Align works successfully",
                      "fullTitle": "Properties panel tests Style Font Align works successfully",
                      "timedOut": null,
                      "duration": 1167,
                      "state": "passed",
                      "speed": "slow",
                      "pass": true,
                      "fail": false,
                      "pending": false,
                      "context": null,
                      "code": "propertiesPanelObjectModel_1.proprietiesPanel.getPropPanel().within(function () {\n    cy.contains('Align').next().children().first().next().click({ force: true });\n});\nWebFormEditorObjectModel_1.webFormEditor.getWebFomEditorComp().should('have.css', 'text-align', 'center');",
                      "err": {},
                      "uuid": "9f61d5d4-f065-4acd-a742-fe8197b36ec7",
                      "parentUUID": "e7897a0c-b4d3-445b-a5ef-e60c7a4dcdbe",
                      "isHook": false,
                      "skipped": false
                    },
                    {
                      "title": "Decoration works successfully",
                      "fullTitle": "Properties panel tests Style Font Decoration works successfully",
                      "timedOut": null,
                      "duration": 1268,
                      "state": "passed",
                      "speed": "slow",
                      "pass": true,
                      "fail": false,
                      "pending": false,
                      "context": null,
                      "code": "propertiesPanelObjectModel_1.proprietiesPanel.getPropPanel().within(function () {\n    cy.contains('Decoration').next().children().first().next().click({ force: true });\n});\nWebFormEditorObjectModel_1.webFormEditor.getWebFomEditorComp().should('have.css', 'text-decoration-line', 'underline');",
                      "err": {},
                      "uuid": "c69cd409-995d-4975-ae56-33aacf0173f1",
                      "parentUUID": "e7897a0c-b4d3-445b-a5ef-e60c7a4dcdbe",
                      "isHook": false,
                      "skipped": false
                    },
                    {
                      "title": "Style works successfully",
                      "fullTitle": "Properties panel tests Style Font Style works successfully",
                      "timedOut": null,
                      "duration": 1215,
                      "state": "passed",
                      "speed": "slow",
                      "pass": true,
                      "fail": false,
                      "pending": false,
                      "context": null,
                      "code": "propertiesPanelObjectModel_1.proprietiesPanel.getPropPanel().within(function () {\n    cy.get(':nth-child(6) > :nth-child(2) > .bg-grey-600').within(function () {\n        cy.contains('Style').next().children().last().click({ force: true });\n    });\n});\nWebFormEditorObjectModel_1.webFormEditor.getWebFomEditorComp().should('have.css', 'font-style', 'italic');",
                      "err": {},
                      "uuid": "d9b749d4-cfa9-43bf-b29c-40e3500ba0ad",
                      "parentUUID": "e7897a0c-b4d3-445b-a5ef-e60c7a4dcdbe",
                      "isHook": false,
                      "skipped": false
                    },
                    {
                      "title": "Transform works successfully",
                      "fullTitle": "Properties panel tests Style Font Transform works successfully",
                      "timedOut": null,
[...]
                      "isHook": false,
                      "skipped": false
                    },
                    {
                      "title": "Makes a border-top-width successfully",
                      "fullTitle": "Properties panel tests Style Borders Makes a border-top-width successfully",
                      "timedOut": null,
                      "duration": 2399,
                      "state": "passed",
                      "speed": "slow",
                      "pass": true,
                      "fail": false,
                      "pending": false,
                      "context": null,
                      "code": "propertiesPanelObjectModel_1.proprietiesPanel.getPropPanel().within(function () {\n    cy.get(':nth-child(7) > :nth-child(2) > .bg-grey-600 > .flex-col')\n        .children().children().first().click({ force: true });\n    cy.get(':nth-child(7) > :nth-child(2) > .bg-grey-600 > .block > .justify-start')\n        .within(function () {\n        cy.get('input').type('16', { force: true });\n    });\n    cy.get('.block > .justify-between').within(function () {\n        cy.contains('Color').next().children().last().type(\"pink\", { force: true });\n    });\n    cy.get('.block > :nth-child(3)').within(function () {\n        cy.contains('Style').next().children().last().click({ force: true });\n    });\n});\nWebFormEditorObjectModel_1.webFormEditor.getWebFomEditorComp().should('have.css', 'border-top', '16px dotted rgb(255, 192, 203)');",
                      "err": {},
                      "uuid": "21f9fd69-9283-4d7f-b01b-d4d0ae87e98e",
                      "parentUUID": "02016664-681d-408b-9e50-f9f475fcc30c",
                      "isHook": false,
                      "skipped": false
                    },
                    {
                      "title": "Makes a border-left-width successfully",
                      "fullTitle": "Properties panel tests Style Borders Makes a border-left-width successfully",
                      "timedOut": null,
                      "duration": 2453,
                      "state": "passed",
                      "speed": "slow",
                      "pass": true,
                      "fail": false,
                      "pending": false,
                      "context": null,
                      "code": "propertiesPanelObjectModel_1.proprietiesPanel.getPropPanel().within(function () {\n    cy.get(':nth-child(7) > :nth-child(2) > .bg-grey-600 > .flex-col')\n        .children().children().first().next().click({ force: true });\n    cy.get(':nth-child(7) > :nth-child(2) > .bg-grey-600 > .block > .justify-start')\n        .within(function () {\n        cy.get('input').type('15', { force: true });\n    });\n    cy.get('.block > .justify-between').within(function () {\n        cy.contains('Color').next().children().last().type(\"yellow\", { force: true });\n    });\n    cy.get('.block > :nth-child(3)').within(function () {\n        cy.contains('Style').next().children().last().prev().click({ force: true });\n    });\n});\nWebFormEditorObjectModel_1.webFormEditor.getWebFomEditorComp().should('have.css', 'border-left', '15px dashed rgb(255, 255, 0)');",
                      "err": {},
                      "uuid": "e07e78c0-ee43-4dc0-8f71-16fa2045faef",
                      "parentUUID": "02016664-681d-408b-9e50-f9f475fcc30c",
                      "isHook": false,
                      "skipped": false
                    },
                    {
                      "title": "Makes a border-right-width successfully",
                      "fullTitle": "Properties panel tests Style Borders Makes a border-right-width successfully",
                      "timedOut": null,
                      "duration": 2246,
                      "state": "passed",
                      "speed": "slow",
                      "pass": true,
                      "fail": false,
                      "pending": false,
                      "context": null,
                      "code": "propertiesPanelObjectModel_1.proprietiesPanel.getPropPanel().within(function () {\n    cy.get(':nth-child(7) > :nth-child(2) > .bg-grey-600 > .flex-col')\n        .children().children().first().next().next().next().click({ force: true });\n    cy.get(':nth-child(7) > :nth-child(2) > .bg-grey-600 > .block > .justify-start')\n        .within(function () {\n        cy.get('input').type('15', { force: true });\n    });\n    cy.get('.block > .justify-between').within(function () {\n        cy.contains('Color').next().children().last().type(\"red\", { force: true });\n    });\n    cy.get('.block > :nth-child(3)').within(function () {\n        cy.contains('Style').next().children().first().next().click({ force: true });\n    });\n});\nWebFormEditorObjectModel_1.webFormEditor.getWebFomEditorComp().should('have.css', 'border-right-color', 'rgb(255, 0, 0)');\nWebFormEditorObjectModel_1.webFormEditor.getWebFomEditorComp().should('have.css', 'border-right-width', '15px');",
                      "err": {},
                      "uuid": "dfbc1826-d662-4942-9f40-d3fb1135bf02",
                      "parentUUID": "02016664-681d-408b-9e50-f9f475fcc30c",
                      "isHook": false,
                      "skipped": false
                    },
                    {
                      "title": "Makes a border-bottom-width successfully",
                      "fullTitle": "Properties panel tests Style Borders Makes a border-bottom-width successfully",
                      "timedOut": null,
                      "duration": 2487,
                      "state": "passed",
                      "speed": "slow",
                      "pass": true,
                      "fail": false,
                      "pending": false,
                      "context": null,
                      "code": "propertiesPanelObjectModel_1.proprietiesPanel.getPropPanel().within(function () {\n    cy.get(':nth-child(7) > :nth-child(2) > .bg-grey-600 > .flex-col')\n        .children().children().last().click({ force: true });\n    cy.get(':nth-child(7) > :nth-child(2) > .bg-grey-600 > .block > .justify-start')\n        .within(function () {\n        cy.get('input').type('12', { force: true });\n    });\n    cy.get('.block > .justify-between').within(function () {\n        cy.contains('Color').next().children().last().type(\"orange\", { force: true });\n    });\n});\nWebFormEditorObjectModel_1.webFormEditor.getWebFomEditorComp().should('have.css', 'border-bottom-color', 'rgb(255, 165, 0)');\nWebFormEditorObjectModel_1.webFormEditor.getWebFomEditorComp().should('have.css', 'border-bottom-width', '12px');",
                      "err": {},
                      "uuid": "dcc64af2-c3ec-4f97-bf79-38cec8ffc242",
                      "parentUUID": "02016664-681d-408b-9e50-f9f475fcc30c",
                      "isHook": false,
                      "skipped": false
                    },
                    {
                      "title": "Makes a border-width successfully",
                      "fullTitle": "Properties panel tests Style Borders Makes a border-width successfully",
                      "timedOut": null,
                      "duration": 2076,
                      "state": "passed",
                      "speed": "slow",
                      "pass": true,
                      "fail": false,
                      "pending": false,
                      "context": null,
                      "code": "propertiesPanelObjectModel_1.proprietiesPanel.getPropPanel().within(function () {\n    cy.get(':nth-child(7) > :nth-child(2) > .bg-grey-600 > .flex-col')\n        .children().children().last().prev().prev().click({ force: true });\n    cy.get(':nth-child(7) > :nth-child(2) > .bg-grey-600 > .block > .justify-start')\n        .within(function () {\n        cy.get('input').type('12', { force: true });\n    });\n    cy.get('.block > .justify-between').within(function () {\n        cy.contains('Color').next().children().last().type(\"blue\", { force: true });\n    });\n});\nWebFormEditorObjectModel_1.webFormEditor.getWebFomEditorComp().should('have.css', 'border-color', 'rgb(0, 0, 255)');\nWebFormEditorObjectModel_1.webFormEditor.getWebFomEditorComp().should('have.css', 'border-width', '12px');",
                      "err": {},
                      "uuid": "475ac9d6-22e4-411b-b9ff-5b05f7fd615a",
                      "parentUUID": "02016664-681d-408b-9e50-f9f475fcc30c",
                      "isHook": false,
                      "skipped": false
                    }
                  ],
                  "suites": [],
                  "passes": [
                    "817fd48c-410f-4058-b477-ddb6653c1018",
                    "21f9fd69-9283-4d7f-b01b-d4d0ae87e98e",
                    "e07e78c0-ee43-4dc0-8f71-16fa2045faef",
                    "dfbc1826-d662-4942-9f40-d3fb1135bf02",
                    "dcc64af2-c3ec-4f97-bf79-38cec8ffc242",
                    "475ac9d6-22e4-411b-b9ff-5b05f7fd615a"
                  ],
                  "failures": [],
                  "pending": [],
                  "skipped": [],
                  "duration": 13040,
                  "root": false,
                  "rootEmpty": false,
                  "_timeout": 2000
                },
                {
                  "uuid": "75c127fa-d526-464c-8cc9-a504ee9489e3",
                  "title": "Border Radius",
                  "fullFile": "",
                  "file": "",
                  "beforeHooks": [],
                  "afterHooks": [],
                  "tests": [
                    {
                      "title": "Toggles Style/Border Radius successfully",
                      "fullTitle": "Properties panel tests Style Border Radius Toggles Style/Border Radius successfully",
                      "timedOut": null,
                      "duration": 1394,
                      "state": "passed",
                      "speed": "slow",
                      "pass": true,
                      "fail": false,
                      "pending": false,
                      "context": null,
                      "code": "propertiesPanelObjectModel_1.proprietiesPanel.toggleSection('Font');\npropertiesPanelObjectModel_1.proprietiesPanel.toggleSection('Border Radius');\npropertiesPanelObjectModel_1.proprietiesPanel.getPropPanel().within(function () {\n    cy.contains('Size').should('not.exist');\n});\npropertiesPanelObjectModel_1.proprietiesPanel.toggleSection('Border Radius');\npropertiesPanelObjectModel_1.proprietiesPanel.getPropPanel().within(function () {\n    cy.contains('Size').should('exist');\n});",
                      "err": {},
                      "uuid": "22875cc5-70af-42c0-9d6c-b82e2d455d87",
                      "parentUUID": "75c127fa-d526-464c-8cc9-a504ee9489e3",
                      "isHook": false,
                      "skipped": false
                    },
                    {
                      "title": "Makes a border-top-right-radius successfully",
                      "fullTitle": "Properties panel tests Style Border Radius Makes a border-top-right-radius successfully",
                      "timedOut": null,
                      "duration": 6785,
                      "state": "passed",
                      "speed": "slow",
                      "pass": true,
                      "fail": false,
                      "pending": false,
                      "context": null,
                      "code": "//proprietiesPanel.toggleElements(['Font', 'Appearance', 'Dimensions'])\npropertiesPanelObjectModel_1.proprietiesPanel.getPropPanel().within(function () {\n    cy.get(':nth-child(8) > :nth-child(2) > .bg-grey-600 > .flex-col').children().children().first().click({ force: true });\n    cy.get(':nth-child(8) > :nth-child(2) > .bg-grey-600 > .block > .mb-2 > .relative > .p-1').type('200', { force: true });\n});\nWebFormEditorObjectModel_1.webFormEditor.getWebFomEditorComp().should('have.css', 'border-top-right-radius', '200px');",
                      "err": {},
                      "uuid": "74094df8-032b-4b7a-88b6-50029f3049cc",
                      "parentUUID": "75c127fa-d526-464c-8cc9-a504ee9489e3",
                      "isHook": false,
                      "skipped": false
                    },
                    {
                      "title": "Makes a border-bottom-right-radius successfully",
                      "fullTitle": "Properties panel tests Style Border Radius Makes a border-bottom-right-radius successfully",
                      "timedOut": null,
                      "duration": 7755,
                      "state": "passed",
                      "speed": "slow",
                      "pass": true,
                      "fail": false,
                      "pending": false,
                      "context": null,
                      "code": "//proprietiesPanel.toggleElements(['Font', 'Appearance', 'Dimensions'])\npropertiesPanelObjectModel_1.proprietiesPanel.getPropPanel().within(function () {\n    cy.get(':nth-child(8) > :nth-child(2) > .bg-grey-600 > .flex-col').children().children().first().next().click({ force: true });\n    cy.get(':nth-child(8) > :nth-child(2) > .bg-grey-600 > .block > .mb-2 > .relative > .p-1').type('200', { force: true });\n});\nWebFormEditorObjectModel_1.webFormEditor.getWebFomEditorComp().should('have.css', 'border-bottom-right-radius', '200px');",
                      "err": {},
                      "uuid": "17791aab-b994-4161-8f93-3e4f89166730",
                      "parentUUID": "75c127fa-d526-464c-8cc9-a504ee9489e3",
                      "isHook": false,
                      "skipped": false
                    },
                    {
                      "title": "Makes a border-top-left-radius successfully",
                      "fullTitle": "Properties panel tests Style Border Radius Makes a border-top-left-radius successfully",
                      "timedOut": null,
                      "duration": 7624,
                      "state": "passed",
                      "speed": "slow",
                      "pass": true,
                      "fail": false,
                      "pending": false,
                      "context": null,
                      "code": "//proprietiesPanel.toggleElements(['Font', 'Appearance', 'Dimensions'])\npropertiesPanelObjectModel_1.proprietiesPanel.getPropPanel().within(function () {\n    cy.get(':nth-child(8) > :nth-child(2) > .bg-grey-600 > .flex-col').children().children().first().next().next().click({ force: true });\n    cy.get(':nth-child(8) > :nth-child(2) > .bg-grey-600 > .block > .mb-2 > .relative > .p-1').type('200', { force: true });\n});\nWebFormEditorObjectModel_1.webFormEditor.getWebFomEditorComp().should('have.css', 'border-top-left-radius', '200px');",
                      "err": {},
                      "uuid": "b577d98f-535d-4d53-81f5-76f05a20dfdf",
                      "parentUUID": "75c127fa-d526-464c-8cc9-a504ee9489e3",
                      "isHook": false,
                      "skipped": false
                    },
                    {
                      "title": "Makes a border-bottom-left-radius successfully",
                      "fullTitle": "Properties panel tests Style Border Radius Makes a border-bottom-left-radius successfully",
                      "timedOut": null,
                      "duration": 8574,
                      "state": "passed",
                      "speed": "slow",
                      "pass": true,
                      "fail": false,
                      "pending": false,
                      "context": null,
                      "code": "//proprietiesPanel.toggleElements(['Font', 'Appearance', 'Dimensions'])\npropertiesPanelObjectModel_1.proprietiesPanel.getPropPanel().within(function () {\n    cy.get(':nth-child(8) > :nth-child(2) > .bg-grey-600 > .flex-col').children().children().last().prev().click({ force: true });\n    cy.get(':nth-child(8) > :nth-child(2) > .bg-grey-600 > .block > .mb-2 > .relative > .p-1').type('200', { force: true });\n});\nWebFormEditorObjectModel_1.webFormEditor.getWebFomEditorComp().should('have.css', 'border-bottom-left-radius', '200px');",
                      "err": {},
                      "uuid": "739624f9-f4fb-4da8-803e-ed47d99bd2f0",
                      "parentUUID": "75c127fa-d526-464c-8cc9-a504ee9489e3",
                      "isHook": false,
                      "skipped": false
                    },
                    {
                      "title": "Makes a border-radius successfully",
                      "fullTitle": "Properties panel tests Style Border Radius Makes a border-radius successfully",
                      "timedOut": null,
                      "duration": 3868,
                      "state": "passed",
                      "speed": "slow",
                      "pass": true,
                      "fail": false,
                      "pending": false,
                      "context": null,
                      "code": "propertiesPanelObjectModel_1.proprietiesPanel.toggleElements(['Font', 'Appearance', 'Dimensions']);\npropertiesPanelObjectModel_1.proprietiesPanel.getPropPanel().within(function () {\n    cy.get(':nth-child(8) > :nth-child(2) > .bg-grey-600 > .flex-col').children().children().last().click({ force: true });\n    cy.get(':nth-child(8) > :nth-child(2) > .bg-grey-600 > .block > .mb-2 > .relative > .p-1').type('200', { force: true });\n});\nWebFormEditorObjectModel_1.webFormEditor.getWebFomEditorComp().should('have.css', 'border-radius', '200px');",
                      "err": {},
                      "uuid": "0c72686a-d682-435e-9e9a-68023b576e65",
                      "parentUUID": "75c127fa-d526-464c-8cc9-a504ee9489e3",
                      "isHook": false,
                      "skipped": false
                    }
                  ],
                  "suites": [],
                  "passes": [
                    "22875cc5-70af-42c0-9d6c-b82e2d455d87",
                    "74094df8-032b-4b7a-88b6-50029f3049cc",
                    "17791aab-b994-4161-8f93-3e4f89166730",
                    "b577d98f-535d-4d53-81f5-76f05a20dfdf",
                    "739624f9-f4fb-4da8-803e-ed47d99bd2f0",
                    "0c72686a-d682-435e-9e9a-68023b576e65"
                  ],
                  "failures": [],
                  "pending": [],
                  "skipped": [],
                  "duration": 36000,
                  "root": false,
                  "rootEmpty": false,
                  "_timeout": 2000
                }
              ],
              "passes": [
                "e0583a3f-6b82-4edd-b240-eea8490de7fa"
              ],
              "failures": [],
              "pending": [],
              "skipped": [],
              "duration": 1539,
              "root": false,
              "rootEmpty": false,
              "_timeout": 2000
            }
          ],
          "passes": [],
          "failures": [],
          "pending": [],
          "skipped": [],
          "duration": 0,
          "root": false,
          "rootEmpty": false,
          "_timeout": 2000
        }
      ],
      "passes": [],
      "failures": [],
      "pending": [],
      "skipped": [],
      "duration": 0,
      "root": true,
      "rootEmpty": true,
      "_timeout": 2000
    }
  ],
  "meta": {
    "mocha": {
      "version": "7.0.1"
    },
    "mochawesome": {
      "options": {
        "quiet": false,
        "reportFilename": "mochawesome",
        "saveHtml": true,
        "saveJson": true,
        "consoleReporter": "spec",
        "useInlineDiffs": false,
        "code": true
      },
      "version": "6.2.2"
    },
    "marge": {
      "options": {
        "reportDir": "results",
        "overwrite": false,
        "html": true,
        "timestamp": "mmddyyyy_HHMMss",
        "showSkipped": true,
        "charts": true
      },
      "version": "5.2.0"
    }
  }
}