{
  "stats": {
    "suites": 3,
    "tests": 6,
    "passes": 6,
    "pending": 0,
    "failures": 0,
    "start": "2021-09-28T15:17:12.421Z",
    "end": "2021-09-28T15:17:29.137Z",
    "duration": 16716,
    "testsRegistered": 6,
    "passPercent": 100,
    "pendingPercent": 0,
    "other": 0,
    "hasOther": false,
    "skipped": 0,
    "hasSkipped": false
  },
  "results": [
    {
      "uuid": "d30b08a8-0bcf-4202-8e0e-3b013031af92",
      "title": "",
      "fullFile": "cypress/tests/propertiesPanel.spec.ts",
      "file": "cypress/tests/propertiesPanel.spec.ts",
      "beforeHooks": [],
      "afterHooks": [],
      "tests": [],
      "suites": [
        {
          "uuid": "469c4dae-ccff-491b-a7de-2433e8b9bf9a",
          "title": "Properties panel tests",
          "fullFile": "",
          "file": "",
          "beforeHooks": [],
          "afterHooks": [],
          "tests": [],
          "suites": [
            {
              "uuid": "4dbe1e61-36e4-4f97-9e31-3e1dca5749ae",
              "title": "Style",
              "fullFile": "",
              "file": "",
              "beforeHooks": [],
              "afterHooks": [],
              "tests": [],
              "suites": [
                {
                  "uuid": "b3238d32-cc46-4e9f-8fd7-1e44a7a8aab4",
                  "title": "Borders",
                  "fullFile": "",
                  "file": "",
                  "beforeHooks": [],
                  "afterHooks": [],
                  "tests": [
                    {
                      "title": "Toggles Style/Borders successfully",
                      "fullTitle": "Properties panel tests Style Borders Toggles Style/Borders successfully",
                      "timedOut": null,
                      "duration": 4888,
                      "state": "passed",
                      "speed": "slow",
                      "pass": true,
                      "fail": false,
                      "pending": false,
                      "context": null,
                      "code": "propertiesPanelObjectModel_1.proprietiesPanel.toggleSection('Dimensions');\npropertiesPanelObjectModel_1.proprietiesPanel.toggleSection('Borders');\npropertiesPanelObjectModel_1.proprietiesPanel.getPropPanel().within(function () {\n    cy.contains('Width').should('not.exist');\n});\npropertiesPanelObjectModel_1.proprietiesPanel.toggleSection('Borders');\npropertiesPanelObjectModel_1.proprietiesPanel.getPropPanel().within(function () {\n    cy.contains('Width').should('exist');\n});",
                      "err": {},
                      "uuid": "2ecf18f4-0a56-4f00-a4de-46f50ff30f33",
                      "parentUUID": "b3238d32-cc46-4e9f-8fd7-1e44a7a8aab4",
                      "isHook": false,
                      "skipped": false
                    },
                    {
                      "title": "Makes a border-top-width successfully",
                      "fullTitle": "Properties panel tests Style Borders Makes a border-top-width successfully",
                      "timedOut": null,
                      "duration": 2069,
                      "state": "passed",
                      "speed": "slow",
                      "pass": true,
                      "fail": false,
                      "pending": false,
                      "context": null,
                      "code": "propertiesPanelObjectModel_1.proprietiesPanel.getPropPanel().within(function () {\n    cy.get(':nth-child(7) > :nth-child(2) > .bg-grey-600 > .flex-col')\n        .children().children().first().click({ force: true });\n    cy.get(':nth-child(7) > :nth-child(2) > .bg-grey-600 > .block > .justify-start')\n        .within(function () {\n        cy.get('input').type('16', { force: true });\n    });\n    cy.get('.block > .justify-between').within(function () {\n        cy.contains('Color').next().children().last().type(\"pink\", { force: true });\n    });\n    cy.get('.block > :nth-child(3)').within(function () {\n        cy.contains('Style').next().children().last().click({ force: true });\n    });\n});\nWebFormEditorObjectModel_1.webFormEditor.getWebFomEditorComp().should('have.css', 'border-top', '16px dotted rgb(255, 192, 203)');",
                      "err": {},
                      "uuid": "59f14138-5a80-437f-b040-6296da4a1597",
                      "parentUUID": "b3238d32-cc46-4e9f-8fd7-1e44a7a8aab4",
                      "isHook": false,
                      "skipped": false
                    },
                    {
                      "title": "Makes a border-left-width successfully",
                      "fullTitle": "Properties panel tests Style Borders Makes a border-left-width successfully",
                      "timedOut": null,
                      "duration": 2024,
                      "state": "passed",
                      "speed": "slow",
                      "pass": true,
                      "fail": false,
                      "pending": false,
                      "context": null,
                      "code": "propertiesPanelObjectModel_1.proprietiesPanel.getPropPanel().within(function () {\n    cy.get(':nth-child(7) > :nth-child(2) > .bg-grey-600 > .flex-col')\n        .children().children().first().next().click({ force: true });\n    cy.get(':nth-child(7) > :nth-child(2) > .bg-grey-600 > .block > .justify-start')\n        .within(function () {\n        cy.get('input').type('15', { force: true });\n    });\n    cy.get('.block > .justify-between').within(function () {\n        cy.contains('Color').next().children().last().type(\"yellow\", { force: true });\n    });\n    cy.get('.block > :nth-child(3)').within(function () {\n        cy.contains('Style').next().children().last().prev().click({ force: true });\n    });\n});\nWebFormEditorObjectModel_1.webFormEditor.getWebFomEditorComp().should('have.css', 'border-left', '15px dashed rgb(255, 255, 0)');",
                      "err": {},
                      "uuid": "49eeb010-ca9d-45fb-be83-ddfbef2b5a8a",
                      "parentUUID": "b3238d32-cc46-4e9f-8fd7-1e44a7a8aab4",
                      "isHook": false,
                      "skipped": false
                    },
                    {
                      "title": "Makes a border-right-width successfully",
                      "fullTitle": "Properties panel tests Style Borders Makes a border-right-width successfully",
                      "timedOut": null,
                      "duration": 1816,
                      "state": "passed",
                      "speed": "slow",
                      "pass": true,
                      "fail": false,
                      "pending": false,
                      "context": null,
                      "code": "propertiesPanelObjectModel_1.proprietiesPanel.getPropPanel().within(function () {\n    cy.get(':nth-child(7) > :nth-child(2) > .bg-grey-600 > .flex-col')\n        .children().children().first().next().next().next().click({ force: true });\n    cy.get(':nth-child(7) > :nth-child(2) > .bg-grey-600 > .block > .justify-start')\n        .within(function () {\n        cy.get('input').type('15', { force: true });\n    });\n    cy.get('.block > .justify-between').within(function () {\n        cy.contains('Color').next().children().last().type(\"red\", { force: true });\n    });\n    cy.get('.block > :nth-child(3)').within(function () {\n        cy.contains('Style').next().children().first().next().click({ force: true });\n    });\n});\nWebFormEditorObjectModel_1.webFormEditor.getWebFomEditorComp().should('have.css', 'border-right-color', 'rgb(255, 0, 0)');\nWebFormEditorObjectModel_1.webFormEditor.getWebFomEditorComp().should('have.css', 'border-right-width', '15px');",
                      "err": {},
                      "uuid": "b0a82d1d-169e-4640-a53b-017f37484c3a",
                      "parentUUID": "b3238d32-cc46-4e9f-8fd7-1e44a7a8aab4",
                      "isHook": false,
                      "skipped": false
                    },
                    {
                      "title": "Makes a border-bottom-width successfully",
                      "fullTitle": "Properties panel tests Style Borders Makes a border-bottom-width successfully",
                      "timedOut": null,
                      "duration": 1795,
                      "state": "passed",
                      "speed": "slow",
                      "pass": true,
                      "fail": false,
                      "pending": false,
                      "context": null,
                      "code": "propertiesPanelObjectModel_1.proprietiesPanel.getPropPanel().within(function () {\n    cy.get(':nth-child(7) > :nth-child(2) > .bg-grey-600 > .flex-col')\n        .children().children().last().click({ force: true });\n    cy.get(':nth-child(7) > :nth-child(2) > .bg-grey-600 > .block > .justify-start')\n        .within(function () {\n        cy.get('input').type('12', { force: true });\n    });\n    cy.get('.block > .justify-between').within(function () {\n        cy.contains('Color').next().children().last().type(\"orange\", { force: true });\n    });\n});\nWebFormEditorObjectModel_1.webFormEditor.getWebFomEditorComp().should('have.css', 'border-bottom-color', 'rgb(255, 165, 0)');\nWebFormEditorObjectModel_1.webFormEditor.getWebFomEditorComp().should('have.css', 'border-bottom-width', '12px');",
                      "err": {},
                      "uuid": "352074d7-f815-472f-b2e8-f256f16502f9",
                      "parentUUID": "b3238d32-cc46-4e9f-8fd7-1e44a7a8aab4",
                      "isHook": false,
                      "skipped": false
                    },
                    {
                      "title": "Makes a border-width successfully",
                      "fullTitle": "Properties panel tests Style Borders Makes a border-width successfully",
                      "timedOut": null,
                      "duration": 1774,
                      "state": "passed",
                      "speed": "slow",
                      "pass": true,
                      "fail": false,
                      "pending": false,
                      "context": null,
                      "code": "propertiesPanelObjectModel_1.proprietiesPanel.getPropPanel().within(function () {\n    cy.get(':nth-child(7) > :nth-child(2) > .bg-grey-600 > .flex-col')\n        .children().children().last().prev().prev().click({ force: true });\n    cy.get(':nth-child(7) > :nth-child(2) > .bg-grey-600 > .block > .justify-start')\n        .within(function () {\n        cy.get('input').type('12', { force: true });\n    });\n    cy.get('.block > .justify-between').within(function () {\n        cy.contains('Color').next().children().last().type(\"blue\", { force: true });\n    });\n});\nWebFormEditorObjectModel_1.webFormEditor.getWebFomEditorComp().should('have.css', 'border-color', 'rgb(0, 0, 255)');\nWebFormEditorObjectModel_1.webFormEditor.getWebFomEditorComp().should('have.css', 'border-width', '12px');",
                      "err": {},
                      "uuid": "23d3003f-0365-45f1-a0de-f022f710f234",
                      "parentUUID": "b3238d32-cc46-4e9f-8fd7-1e44a7a8aab4",
                      "isHook": false,
                      "skipped": false
                    }
                  ],
                  "suites": [],
                  "passes": [
                    "2ecf18f4-0a56-4f00-a4de-46f50ff30f33",
                    "59f14138-5a80-437f-b040-6296da4a1597",
                    "49eeb010-ca9d-45fb-be83-ddfbef2b5a8a",
                    "b0a82d1d-169e-4640-a53b-017f37484c3a",
                    "352074d7-f815-472f-b2e8-f256f16502f9",
                    "23d3003f-0365-45f1-a0de-f022f710f234"
                  ],
                  "failures": [],
                  "pending": [],
                  "skipped": [],
                  "duration": 14366,
                  "root": false,
                  "rootEmpty": false,
                  "_timeout": 2000
                }
              ],
              "passes": [],
              "failures": [],
              "pending": [],
              "skipped": [],
              "duration": 0,
              "root": false,
              "rootEmpty": false,
              "_timeout": 2000
            }
          ],
          "passes": [],
          "failures": [],
          "pending": [],
          "skipped": [],
          "duration": 0,
          "root": false,
          "rootEmpty": false,
          "_timeout": 2000
        }
      ],
      "passes": [],
      "failures": [],
      "pending": [],
      "skipped": [],
      "duration": 0,
      "root": true,
      "rootEmpty": true,
      "_timeout": 2000
    }
  ],
  "meta": {
    "mocha": {
      "version": "7.0.1"
    },
    "mochawesome": {
      "options": {
        "quiet": false,
        "reportFilename": "mochawesome",
        "saveHtml": true,
        "saveJson": true,
        "consoleReporter": "spec",
        "useInlineDiffs": false,
        "code": true
      },
      "version": "6.2.2"
    },
    "marge": {
      "options": {
        "reportDir": "results",
        "overwrite": false,
        "html": true,
        "timestamp": "mmddyyyy_HHMMss",
        "showSkipped": true,
        "charts": true
      },
      "version": "5.2.0"
    }
  }
}