{
  "stats": {
    "suites": 1,
    "tests": 5,
    "passes": 5,
    "pending": 0,
    "failures": 0,
    "start": "2021-09-29T09:31:54.022Z",
    "end": "2021-09-29T09:32:02.308Z",
    "duration": 8286,
    "testsRegistered": 5,
    "passPercent": 100,
    "pendingPercent": 0,
    "other": 0,
    "hasOther": false,
    "skipped": 0,
    "hasSkipped": false
  },
  "results": [
    {
      "uuid": "64a1c6a5-856f-4c40-afc2-552fd0cc74e8",
      "title": "",
      "fullFile": "cypress/tests/header.spec.ts",
      "file": "cypress/tests/header.spec.ts",
      "beforeHooks": [],
      "afterHooks": [],
      "tests": [],
      "suites": [
        {
          "uuid": "7b4838c8-609d-4b85-8998-8328b0e397be",
          "title": "AppHeader Tests",
          "fullFile": "",
          "file": "",
          "beforeHooks": [],
          "afterHooks": [],
          "tests": [
            {
              "title": "the 4D logo appear in the header",
              "fullTitle": "AppHeader Tests the 4D logo appear in the header",
              "timedOut": null,
              "duration": 2219,
              "state": "passed",
              "speed": "slow",
              "pass": true,
              "fail": false,
              "pending": false,
              "context": null,
              "code": "HeaderObjectModel_1.header.does4DLogoAppear();",
              "err": {},
              "uuid": "fde741ed-6274-41d1-8fe7-1c443a53f8b6",
              "parentUUID": "7b4838c8-609d-4b85-8998-8328b0e397be",
              "isHook": false,
              "skipped": false
            },
            {
              "title": "the project name appear in the header",
              "fullTitle": "AppHeader Tests the project name appear in the header",
              "timedOut": null,
              "duration": 434,
              "state": "passed",
              "speed": "slow",
              "pass": true,
              "fail": false,
              "pending": false,
              "context": null,
              "code": "HeaderObjectModel_1.header.hasProjectName(constants_1.PROJECT_NAME);",
              "err": {},
              "uuid": "2d7a0c8e-f3e9-4083-b797-523bbe9e8134",
              "parentUUID": "7b4838c8-609d-4b85-8998-8328b0e397be",
              "isHook": false,
              "skipped": false
            },
            {
              "title": "'What to Expect ...' Link works fine",
              "fullTitle": "AppHeader Tests 'What to Expect ...' Link works fine",
              "timedOut": null,
              "duration": 272,
              "state": "passed",
              "speed": "slow",
              "pass": true,
              "fail": false,
              "pending": false,
              "context": null,
              "code": "HeaderObjectModel_1.header.WhatToExpectLink();",
              "err": {},
              "uuid": "c23e9176-3778-4843-aa43-5e65f27dfb0c",
              "parentUUID": "7b4838c8-609d-4b85-8998-8328b0e397be",
              "isHook": false,
              "skipped": false
            },
            {
              "title": "'Save all' button works fine",
              "fullTitle": "AppHeader Tests 'Save all' button works fine",
              "timedOut": null,
              "duration": 2909,
              "state": "passed",
              "speed": "slow",
              "pass": true,
              "fail": false,
              "pending": false,
              "context": null,
              "code": "HeaderObjectModel_1.header.saveAllButtonFunction();",
              "err": {},
              "uuid": "76006146-d278-40bd-9655-6e96119de730",
              "parentUUID": "7b4838c8-609d-4b85-8998-8328b0e397be",
              "isHook": false,
              "skipped": false
            },
            {
              "title": "'Preview' button works fine",
              "fullTitle": "AppHeader Tests 'Preview' button works fine",
              "timedOut": null,
              "duration": 86,
              "state": "passed",
              "speed": "slow",
              "pass": true,
              "fail": false,
              "pending": false,
              "context": null,
              "code": "HeaderObjectModel_1.header.previewButtonFunction();",
              "err": {},
              "uuid": "4d6f097d-5ddc-4a5a-8a07-6a2238c457b2",
              "parentUUID": "7b4838c8-609d-4b85-8998-8328b0e397be",
              "isHook": false,
              "skipped": false
            }
          ],
          "suites": [],
          "passes": [
            "fde741ed-6274-41d1-8fe7-1c443a53f8b6",
            "2d7a0c8e-f3e9-4083-b797-523bbe9e8134",
            "c23e9176-3778-4843-aa43-5e65f27dfb0c",
            "76006146-d278-40bd-9655-6e96119de730",
            "4d6f097d-5ddc-4a5a-8a07-6a2238c457b2"
          ],
          "failures": [],
          "pending": [],
          "skipped": [],
          "duration": 5920,
          "root": false,
          "rootEmpty": false,
          "_timeout": 2000
        }
      ],
      "passes": [],
      "failures": [],
      "pending": [],
      "skipped": [],
      "duration": 0,
      "root": true,
      "rootEmpty": true,
      "_timeout": 2000
    }
  ],
  "meta": {
    "mocha": {
      "version": "7.0.1"
    },
    "mochawesome": {
      "options": {
        "quiet": false,
        "reportFilename": "mochawesome",
        "saveHtml": true,
        "saveJson": true,
        "consoleReporter": "spec",
        "useInlineDiffs": false,
        "code": true
      },
      "version": "6.2.2"
    },
    "marge": {
      "options": {
        "reportDir": "results",
        "overwrite": false,
        "html": true,
        "timestamp": "mmddyyyy_HHMMss",
        "showSkipped": true,
        "charts": true
      },
      "version": "5.2.0"
    }
  }
}